Log file open, 11/17/20 15:57:51
LogInit: Display: Running engine for game: TP2_Unreal
LogPlatformFile: Not using cached read wrapper
LogTaskGraph: Started task graph with 5 named threads and 35 total threads with 3 sets of task threads.
LogStats: Stats thread started at 0.175273
LogD3D11RHI: Loaded GFSDK_Aftermath_Lib.x64.dll
LogICUInternationalization: ICU TimeZone Detection - Raw Offset: +1:00, Platform Override: ''
LogPluginManager: Mounting plugin Paper2D
LogPluginManager: Mounting plugin AISupport
LogPluginManager: Mounting plugin LightPropagationVolume
LogPluginManager: Mounting plugin CameraShakePreviewer
LogPluginManager: Mounting plugin ActorLayerUtilities
LogPluginManager: Mounting plugin AnimationSharing
LogPluginManager: Mounting plugin CLionSourceCodeAccess
LogPluginManager: Mounting plugin CodeLiteSourceCodeAccess
LogPluginManager: Mounting plugin GitSourceControl
LogPluginManager: Mounting plugin KDevelopSourceCodeAccess
LogPluginManager: Mounting plugin NullSourceCodeAccess
LogPluginManager: Mounting plugin PerforceSourceControl
LogPluginManager: Mounting plugin PlasticSourceControl
LogPluginManager: Mounting plugin RiderSourceCodeAccess
LogPluginManager: Mounting plugin SubversionSourceControl
LogPluginManager: Mounting plugin UObjectPlugin
LogPluginManager: Mounting plugin VisualStudioCodeSourceCodeAccess
LogPluginManager: Mounting plugin VisualStudioSourceCodeAccess
LogPluginManager: Mounting plugin XCodeSourceCodeAccess
LogPluginManager: Mounting plugin AssetManagerEditor
LogPluginManager: Mounting plugin CryptoKeys
LogPluginManager: Mounting plugin CurveEditorTools
LogPluginManager: Mounting plugin DataValidation
LogPluginManager: Mounting plugin EditorScriptingUtilities
LogPluginManager: Mounting plugin FacialAnimation
LogPluginManager: Mounting plugin GameplayTagsEditor
LogPluginManager: Mounting plugin GeometryMode
LogPluginManager: Mounting plugin MacGraphicsSwitching
LogPluginManager: Mounting plugin MaterialAnalyzer
LogPluginManager: Mounting plugin MobileLauncherProfileWizard
LogPluginManager: Mounting plugin PluginBrowser
LogPluginManager: Mounting plugin SpeedTreeImporter
LogPluginManager: Mounting plugin DatasmithContent
LogPluginManager: Mounting plugin VariantManagerContent
LogPluginManager: Mounting plugin AlembicImporter
LogPluginManager: Mounting plugin AutomationUtils
LogPluginManager: Mounting plugin BackChannel
LogPluginManager: Mounting plugin ChaosCloth
LogPluginManager: Mounting plugin ChaosClothEditor
LogPluginManager: Mounting plugin ChaosEditor
LogPluginManager: Mounting plugin ChaosNiagara
LogPluginManager: Mounting plugin ChaosSolverPlugin
LogPluginManager: Mounting plugin CharacterAI
LogPluginManager: Mounting plugin GeometryCache
LogPluginManager: Mounting plugin GeometryCollectionPlugin
LogPluginManager: Mounting plugin GeometryProcessing
LogPluginManager: Mounting plugin PlanarCut
LogPluginManager: Mounting plugin PlatformCrypto
LogPluginManager: Mounting plugin ProxyLODPlugin
LogPluginManager: Mounting plugin SkeletalReduction
LogPluginManager: Mounting plugin Niagara
LogPluginManager: Mounting plugin MagicLeap
LogPluginManager: Mounting plugin MagicLeapLightEstimation
LogPluginManager: Mounting plugin MagicLeapMedia
LogPluginManager: Mounting plugin MagicLeapPassableWorld
LogPluginManager: Mounting plugin MLSDK
LogPluginManager: Mounting plugin AndroidMedia
LogPluginManager: Mounting plugin AvfMedia
LogPluginManager: Mounting plugin ImgMedia
LogPluginManager: Mounting plugin MediaCompositing
LogPluginManager: Mounting plugin MediaPlayerEditor
LogPluginManager: Mounting plugin WebMMedia
LogPluginManager: Mounting plugin WmfMedia
LogPluginManager: Mounting plugin MeshPainting
LogPluginManager: Mounting plugin TcpMessaging
LogPluginManager: Mounting plugin UdpMessaging
LogPluginManager: Mounting plugin ActorSequence
LogPluginManager: Mounting plugin LevelSequenceEditor
LogPluginManager: Mounting plugin MatineeToLevelSequence
LogPluginManager: Mounting plugin MovieRenderPipeline
LogPluginManager: Mounting plugin TemplateSequence
LogPluginManager: Mounting plugin NetcodeUnitTest
LogPluginManager: Mounting plugin NUTUnrealEngine4
LogPluginManager: Mounting plugin OnlineSubsystemGooglePlay
LogPluginManager: Mounting plugin OnlineSubsystemIOS
LogPluginManager: Mounting plugin OnlineSubsystem
LogPluginManager: Mounting plugin OnlineSubsystemNull
LogPluginManager: Mounting plugin OnlineSubsystemUtils
LogPluginManager: Mounting plugin LauncherChunkInstaller
LogPluginManager: Mounting plugin AndroidDeviceProfileSelector
LogPluginManager: Mounting plugin AndroidMoviePlayer
LogPluginManager: Mounting plugin AndroidPermission
LogPluginManager: Mounting plugin AppleImageUtils
LogPluginManager: Mounting plugin AppleMoviePlayer
LogPluginManager: Mounting plugin ArchVisCharacter
LogPluginManager: Mounting plugin AssetTags
LogPluginManager: Mounting plugin AudioCapture
LogPluginManager: Mounting plugin CableComponent
LogPluginManager: Mounting plugin CustomMeshComponent
LogPluginManager: Mounting plugin EditableMesh
LogPluginManager: Mounting plugin ExampleDeviceProfileSelector
LogPluginManager: Mounting plugin GoogleCloudMessaging
LogPluginManager: Mounting plugin GooglePAD
LogPluginManager: Mounting plugin IOSDeviceProfileSelector
LogPluginManager: Mounting plugin LinuxDeviceProfileSelector
LogPluginManager: Mounting plugin LocationServicesBPLibrary
LogPluginManager: Mounting plugin MobilePatchingUtils
LogPluginManager: Mounting plugin OculusVR
LogPluginManager: Mounting plugin PhysXVehicles
LogPluginManager: Mounting plugin PostSplashScreen
LogPluginManager: Mounting plugin ProceduralMeshComponent
LogPluginManager: Mounting plugin RuntimePhysXCooking
LogPluginManager: Mounting plugin SignificanceManager
LogPluginManager: Mounting plugin SoundFields
LogPluginManager: Mounting plugin SteamVR
LogPluginManager: Mounting plugin Synthesis
LogPluginManager: Mounting plugin WebMMoviePlayer
LogPluginManager: Mounting plugin WindowsMoviePlayer
LogPluginManager: Mounting plugin ScreenshotTools
LogInit: Using libcurl 7.55.1-DEV
LogInit:  - built for x86_64-pc-win32
LogInit:  - supports SSL with OpenSSL/1.1.1
LogInit:  - supports HTTP deflate (compression) using libz 1.2.8
LogInit:  - other features:
LogInit:      CURL_VERSION_SSL
LogInit:      CURL_VERSION_LIBZ
LogInit:      CURL_VERSION_IPV6
LogInit:      CURL_VERSION_ASYNCHDNS
LogInit:      CURL_VERSION_LARGEFILE
LogInit:      CURL_VERSION_IDN
LogInit:  CurlRequestOptions (configurable via config and command line):
LogInit:  - bVerifyPeer = true  - Libcurl will verify peer certificate
LogInit:  - bUseHttpProxy = false  - Libcurl will NOT use HTTP proxy
LogInit:  - bDontReuseConnections = false  - Libcurl will reuse connections
LogInit:  - MaxHostConnections = 16  - Libcurl will limit the number of connections to a host
LogInit:  - LocalHostAddr = Default
LogInit:  - BufferSize = 65536
LogOnline: OSS: Creating online subsystem instance for: NULL
LogInit: WinSock: version 1.1 (2.2), MaxSocks=32767, MaxUdp=65467
LogOnline: OSS: TryLoadSubsystemAndSetDefault: Loaded subsystem for module [NULL]
LogInit: Build: ++UE4+Release-4.25-CL-14469661
LogInit: Engine Version: 4.25.4-14469661+++UE4+Release-4.25
LogInit: Compatible Engine Version: 4.25.0-13144385+++UE4+Release-4.25
LogInit: Net CL: 13144385
LogInit: OS: Windows 10 (Release 1909) (), CPU: Intel(R) Core(TM) i7-10750H CPU @ 2.60GHz, GPU: Intel(R) UHD Graphics
LogInit: Compiled (64-bit): Oct 11 2020 08:10:49
LogInit: Compiled with Visual C++: 19.24.28315.00
LogInit: Build Configuration: Development
LogInit: Branch Name: ++UE4+Release-4.25
LogInit: Command Line:  -EpicPortal -epicusername=MxColas -epicuserid=f5049936423a456abc106400c4f24e55 -epiclocale=fr
LogInit: Base Directory: C:/Program Files/Epic Games/UE_4.25/Engine/Binaries/Win64/
LogInit: Allocator: TBB
LogInit: Installed Engine Build: 1
LogDevObjectVersion: Number of dev versions registered: 26
LogDevObjectVersion:   Dev-Blueprints (B0D832E4-1F89-4F0D-ACCF-7EB736FD4AA2): 10
LogDevObjectVersion:   Dev-Build (E1C64328-A22C-4D53-A36C-8E866417BD8C): 0
LogDevObjectVersion:   Dev-Core (375EC13C-06E4-48FB-B500-84F0262A717E): 4
LogDevObjectVersion:   Dev-Editor (E4B068ED-F494-42E9-A231-DA0B2E46BB41): 38
LogDevObjectVersion:   Dev-Framework (CFFC743F-43B0-4480-9391-14DF171D2073): 37
LogDevObjectVersion:   Dev-Mobile (B02B49B5-BB20-44E9-A304-32B752E40360): 2
LogDevObjectVersion:   Dev-Networking (A4E4105C-59A1-49B5-A7C5-40C4547EDFEE): 0
LogDevObjectVersion:   Dev-Online (39C831C9-5AE6-47DC-9A44-9C173E1C8E7C): 0
LogDevObjectVersion:   Dev-Physics (78F01B33-EBEA-4F98-B9B4-84EACCB95AA2): 4
LogDevObjectVersion:   Dev-Platform (6631380F-2D4D-43E0-8009-CF276956A95A): 0
LogDevObjectVersion:   Dev-Rendering (12F88B9F-8875-4AFC-A67C-D90C383ABD29): 43
LogDevObjectVersion:   Dev-Sequencer (7B5AE74C-D270-4C10-A958-57980B212A5A): 12
LogDevObjectVersion:   Dev-VR (D7296918-1DD6-4BDD-9DE2-64A83CC13884): 3
LogDevObjectVersion:   Dev-LoadTimes (C2A15278-BFE7-4AFE-6C17-90FF531DF755): 1
LogDevObjectVersion:   Private-Geometry (6EACA3D4-40EC-4CC1-B786-8BED09428FC5): 3
LogDevObjectVersion:   Dev-AnimPhys (29E575DD-E0A3-4627-9D10-D276232CDCEA): 17
LogDevObjectVersion:   Dev-Anim (AF43A65D-7FD3-4947-9873-3E8ED9C1BB05): 7
LogDevObjectVersion:   Dev-ReflectionCapture (6B266CEC-1EC7-4B8F-A30B-E4D90942FC07): 1
LogDevObjectVersion:   Dev-Automation (0DF73D61-A23F-47EA-B727-89E90C41499A): 1
LogDevObjectVersion:   FortniteMain (601D1886-AC64-4F84-AA16-D3DE0DEAC7D6): 31
LogDevObjectVersion:   Dev-Enterprise (9DFFBCD6-494F-0158-E221-12823C92A888): 10
LogDevObjectVersion:   Dev-Niagara (F2AED0AC-9AFE-416F-8664-AA7FFA26D6FC): 1
LogDevObjectVersion:   Dev-Destruction (174F1F0B-B4C6-45A5-B13F-2EE8D0FB917D): 10
LogDevObjectVersion:   Dev-Physics-Ext (35F94A83-E258-406C-A318-09F59610247C): 37
LogDevObjectVersion:   Dev-PhysicsMaterial-Chaos (B68FC16E-8B1B-42E2-B453-215C058844FE): 1
LogDevObjectVersion:   Dev-CineCamera (B2E18506-4273-CFC2-A54E-F4BB758BBA07): 1
LogInit: Presizing for max 25165824 objects, including 0 objects not considered by GC, pre-allocating 0 bytes for permanent pool.
LogConfig: Applying CVar settings from Section [/Script/Engine.StreamingSettings] File [C:/Users/mxcol/Documents/Unreal Projects/CPP_TP2_Unreal/TP2_Unreal/Saved/Config/Windows/Engine.ini]
LogConfig: Setting CVar [[s.MinBulkDataSizeForAsyncLoading:131072]]
LogConfig: Setting CVar [[s.AsyncLoadingThreadEnabled:0]]
LogConfig: Setting CVar [[s.EventDrivenLoaderEnabled:1]]
LogConfig: Setting CVar [[s.WarnIfTimeLimitExceeded:0]]
LogConfig: Setting CVar [[s.TimeLimitExceededMultiplier:1.5]]
LogConfig: Setting CVar [[s.TimeLimitExceededMinTime:0.005]]
LogConfig: Setting CVar [[s.UseBackgroundLevelStreaming:1]]
LogConfig: Setting CVar [[s.PriorityAsyncLoadingExtraTime:15.0]]
LogConfig: Setting CVar [[s.LevelStreamingActorsUpdateTimeLimit:5.0]]
LogConfig: Setting CVar [[s.PriorityLevelStreamingActorsUpdateExtraTime:5.0]]
LogConfig: Setting CVar [[s.LevelStreamingComponentsRegistrationGranularity:10]]
LogConfig: Setting CVar [[s.UnregisterComponentsTimeLimit:1.0]]
LogConfig: Setting CVar [[s.LevelStreamingComponentsUnregistrationGranularity:5]]
LogConfig: Setting CVar [[s.FlushStreamingOnExit:1]]
LogInit: Object subsystem initialized
LogConfig: Setting CVar [[con.DebugEarlyDefault:1]]
LogConfig: Setting CVar [[r.setres:1280x720]]
[2020.11.17-14.57.52:071][  0]LogConfig: Setting CVar [[r.VSync:0]]
[2020.11.17-14.57.52:071][  0]LogConfig: Setting CVar [[r.RHICmdBypass:0]]
[2020.11.17-14.57.52:071][  0]LogConfig: Applying CVar settings from Section [/Script/Engine.RendererSettings] File [C:/Users/mxcol/Documents/Unreal Projects/CPP_TP2_Unreal/TP2_Unreal/Saved/Config/Windows/Engine.ini]
[2020.11.17-14.57.52:071][  0]LogConfig: Setting CVar [[r.GPUCrashDebugging:0]]
[2020.11.17-14.57.52:071][  0]LogConfig: Applying CVar settings from Section [/Script/Engine.RendererOverrideSettings] File [C:/Users/mxcol/Documents/Unreal Projects/CPP_TP2_Unreal/TP2_Unreal/Saved/Config/Windows/Engine.ini]
[2020.11.17-14.57.52:071][  0]LogConfig: Applying CVar settings from Section [/Script/Engine.StreamingSettings] File [C:/Users/mxcol/Documents/Unreal Projects/CPP_TP2_Unreal/TP2_Unreal/Saved/Config/Windows/Engine.ini]
[2020.11.17-14.57.52:071][  0]LogConfig: Setting CVar [[s.MinBulkDataSizeForAsyncLoading:131072]]
[2020.11.17-14.57.52:071][  0]LogConfig: Setting CVar [[s.AsyncLoadingThreadEnabled:0]]
[2020.11.17-14.57.52:071][  0]LogConfig: Setting CVar [[s.EventDrivenLoaderEnabled:1]]
[2020.11.17-14.57.52:071][  0]LogConfig: Setting CVar [[s.WarnIfTimeLimitExceeded:0]]
[2020.11.17-14.57.52:071][  0]LogConfig: Setting CVar [[s.TimeLimitExceededMultiplier:1.5]]
[2020.11.17-14.57.52:071][  0]LogConfig: Setting CVar [[s.TimeLimitExceededMinTime:0.005]]
[2020.11.17-14.57.52:071][  0]LogConfig: Setting CVar [[s.UseBackgroundLevelStreaming:1]]
[2020.11.17-14.57.52:071][  0]LogConfig: Setting CVar [[s.PriorityAsyncLoadingExtraTime:15.0]]
[2020.11.17-14.57.52:071][  0]LogConfig: Setting CVar [[s.LevelStreamingActorsUpdateTimeLimit:5.0]]
[2020.11.17-14.57.52:071][  0]LogConfig: Setting CVar [[s.PriorityLevelStreamingActorsUpdateExtraTime:5.0]]
[2020.11.17-14.57.52:071][  0]LogConfig: Setting CVar [[s.LevelStreamingComponentsRegistrationGranularity:10]]
[2020.11.17-14.57.52:071][  0]LogConfig: Setting CVar [[s.UnregisterComponentsTimeLimit:1.0]]
[2020.11.17-14.57.52:071][  0]LogConfig: Setting CVar [[s.LevelStreamingComponentsUnregistrationGranularity:5]]
[2020.11.17-14.57.52:071][  0]LogConfig: Setting CVar [[s.FlushStreamingOnExit:1]]
[2020.11.17-14.57.52:071][  0]LogConfig: Applying CVar settings from Section [/Script/Engine.GarbageCollectionSettings] File [C:/Users/mxcol/Documents/Unreal Projects/CPP_TP2_Unreal/TP2_Unreal/Saved/Config/Windows/Engine.ini]
[2020.11.17-14.57.52:071][  0]LogConfig: Setting CVar [[gc.MaxObjectsNotConsideredByGC:1]]
[2020.11.17-14.57.52:071][  0]LogConfig: Setting CVar [[gc.SizeOfPermanentObjectPool:0]]
[2020.11.17-14.57.52:071][  0]LogConfig: Setting CVar [[gc.FlushStreamingOnGC:0]]
[2020.11.17-14.57.52:071][  0]LogConfig: Setting CVar [[gc.NumRetriesBeforeForcingGC:10]]
[2020.11.17-14.57.52:071][  0]LogConfig: Setting CVar [[gc.AllowParallelGC:1]]
[2020.11.17-14.57.52:071][  0]LogConfig: Setting CVar [[gc.TimeBetweenPurgingPendingKillObjects:61.1]]
[2020.11.17-14.57.52:071][  0]LogConfig: Setting CVar [[gc.MaxObjectsInEditor:25165824]]
[2020.11.17-14.57.52:071][  0]LogConfig: Setting CVar [[gc.IncrementalBeginDestroyEnabled:1]]
[2020.11.17-14.57.52:071][  0]LogConfig: Setting CVar [[gc.CreateGCClusters:1]]
[2020.11.17-14.57.52:071][  0]LogConfig: Setting CVar [[gc.MinGCClusterSize:5]]
[2020.11.17-14.57.52:071][  0]LogConfig: Setting CVar [[gc.ActorClusteringEnabled:0]]
[2020.11.17-14.57.52:071][  0]LogConfig: Setting CVar [[gc.BlueprintClusteringEnabled:0]]
[2020.11.17-14.57.52:071][  0]LogConfig: Setting CVar [[gc.UseDisregardForGCOnDedicatedServers:0]]
[2020.11.17-14.57.52:071][  0]LogConfig: Applying CVar settings from Section [/Script/Engine.NetworkSettings] File [C:/Users/mxcol/Documents/Unreal Projects/CPP_TP2_Unreal/TP2_Unreal/Saved/Config/Windows/Engine.ini]
[2020.11.17-14.57.52:071][  0]LogConfig: Applying CVar settings from Section [/Script/UnrealEd.CookerSettings] File [C:/Users/mxcol/Documents/Unreal Projects/CPP_TP2_Unreal/TP2_Unreal/Saved/Config/Windows/Engine.ini]
[2020.11.17-14.57.52:073][  0]LogConfig: Applying CVar settings from Section [ViewDistanceQuality@3] File [C:/Users/mxcol/Documents/Unreal Projects/CPP_TP2_Unreal/TP2_Unreal/Saved/Config/Windows/Scalability.ini]
[2020.11.17-14.57.52:073][  0]LogConfig: Setting CVar [[r.SkeletalMeshLODBias:0]]
[2020.11.17-14.57.52:073][  0]LogConfig: Setting CVar [[r.ViewDistanceScale:1.0]]
[2020.11.17-14.57.52:073][  0]LogConfig: Applying CVar settings from Section [AntiAliasingQuality@3] File [C:/Users/mxcol/Documents/Unreal Projects/CPP_TP2_Unreal/TP2_Unreal/Saved/Config/Windows/Scalability.ini]
[2020.11.17-14.57.52:073][  0]LogConfig: Setting CVar [[r.PostProcessAAQuality:4]]
[2020.11.17-14.57.52:073][  0]LogConfig: Applying CVar settings from Section [ShadowQuality@3] File [C:/Users/mxcol/Documents/Unreal Projects/CPP_TP2_Unreal/TP2_Unreal/Saved/Config/Windows/Scalability.ini]
[2020.11.17-14.57.52:073][  0]LogConfig: Setting CVar [[r.LightFunctionQuality:1]]
[2020.11.17-14.57.52:073][  0]LogConfig: Setting CVar [[r.ShadowQuality:5]]
[2020.11.17-14.57.52:073][  0]LogConfig: Setting CVar [[r.Shadow.CSM.MaxCascades:10]]
[2020.11.17-14.57.52:073][  0]LogConfig: Setting CVar [[r.Shadow.MaxResolution:2048]]
[2020.11.17-14.57.52:073][  0]LogConfig: Setting CVar [[r.Shadow.MaxCSMResolution:2048]]
[2020.11.17-14.57.52:073][  0]LogConfig: Setting CVar [[r.Shadow.RadiusThreshold:0.01]]
[2020.11.17-14.57.52:074][  0]LogConfig: Setting CVar [[r.Shadow.DistanceScale:1.0]]
[2020.11.17-14.57.52:074][  0]LogConfig: Setting CVar [[r.Shadow.CSM.TransitionScale:1.0]]
[2020.11.17-14.57.52:074][  0]LogConfig: Setting CVar [[r.Shadow.PreShadowResolutionFactor:1.0]]
[2020.11.17-14.57.52:074][  0]LogConfig: Setting CVar [[r.DistanceFieldShadowing:1]]
[2020.11.17-14.57.52:074][  0]LogConfig: Setting CVar [[r.DistanceFieldAO:1]]
[2020.11.17-14.57.52:074][  0]LogConfig: Setting CVar [[r.AOQuality:2]]
[2020.11.17-14.57.52:074][  0]LogConfig: Setting CVar [[r.VolumetricFog:1]]
[2020.11.17-14.57.52:074][  0]LogConfig: Setting CVar [[r.VolumetricFog.GridPixelSize:8]]
[2020.11.17-14.57.52:074][  0]LogConfig: Setting CVar [[r.VolumetricFog.GridSizeZ:128]]
[2020.11.17-14.57.52:074][  0]LogConfig: Setting CVar [[r.VolumetricFog.HistoryMissSupersampleCount:4]]
[2020.11.17-14.57.52:074][  0]LogConfig: Setting CVar [[r.LightMaxDrawDistanceScale:1]]
[2020.11.17-14.57.52:074][  0]LogConfig: Setting CVar [[r.CapsuleShadows:1]]
[2020.11.17-14.57.52:074][  0]LogConfig: Applying CVar settings from Section [PostProcessQuality@3] File [C:/Users/mxcol/Documents/Unreal Projects/CPP_TP2_Unreal/TP2_Unreal/Saved/Config/Windows/Scalability.ini]
[2020.11.17-14.57.52:074][  0]LogConfig: Setting CVar [[r.MotionBlurQuality:4]]
[2020.11.17-14.57.52:074][  0]LogConfig: Setting CVar [[r.AmbientOcclusionMipLevelFactor:0.4]]
[2020.11.17-14.57.52:074][  0]LogConfig: Setting CVar [[r.AmbientOcclusionMaxQuality:100]]
[2020.11.17-14.57.52:074][  0]LogConfig: Setting CVar [[r.AmbientOcclusionLevels:-1]]
[2020.11.17-14.57.52:074][  0]LogConfig: Setting CVar [[r.AmbientOcclusionRadiusScale:1.0]]
[2020.11.17-14.57.52:074][  0]LogConfig: Setting CVar [[r.DepthOfFieldQuality:2]]
[2020.11.17-14.57.52:074][  0]LogConfig: Setting CVar [[r.RenderTargetPoolMin:400]]
[2020.11.17-14.57.52:074][  0]LogConfig: Setting CVar [[r.LensFlareQuality:2]]
[2020.11.17-14.57.52:074][  0]LogConfig: Setting CVar [[r.SceneColorFringeQuality:1]]
[2020.11.17-14.57.52:074][  0]LogConfig: Setting CVar [[r.EyeAdaptationQuality:2]]
[2020.11.17-14.57.52:074][  0]LogConfig: Setting CVar [[r.BloomQuality:5]]
[2020.11.17-14.57.52:074][  0]LogConfig: Setting CVar [[r.FastBlurThreshold:100]]
[2020.11.17-14.57.52:074][  0]LogConfig: Setting CVar [[r.Upscale.Quality:3]]
[2020.11.17-14.57.52:074][  0]LogConfig: Setting CVar [[r.Tonemapper.GrainQuantization:1]]
[2020.11.17-14.57.52:074][  0]LogConfig: Setting CVar [[r.LightShaftQuality:1]]
[2020.11.17-14.57.52:074][  0]LogConfig: Setting CVar [[r.Filter.SizeScale:1]]
[2020.11.17-14.57.52:074][  0]LogConfig: Setting CVar [[r.Tonemapper.Quality:5]]
[2020.11.17-14.57.52:074][  0]LogConfig: Setting CVar [[r.DOF.Gather.AccumulatorQuality:1        ; higher gathering accumulator quality]]
[2020.11.17-14.57.52:074][  0]LogConfig: Setting CVar [[r.DOF.Gather.PostfilterMethod:1          ; Median3x3 postfilering method]]
[2020.11.17-14.57.52:074][  0]LogConfig: Setting CVar [[r.DOF.Gather.EnableBokehSettings:0       ; no bokeh simulation when gathering]]
[2020.11.17-14.57.52:074][  0]LogConfig: Setting CVar [[r.DOF.Gather.RingCount:4                 ; medium number of samples when gathering]]
[2020.11.17-14.57.52:074][  0]LogConfig: Setting CVar [[r.DOF.Scatter.ForegroundCompositing:1    ; additive foreground scattering]]
[2020.11.17-14.57.52:074][  0]LogConfig: Setting CVar [[r.DOF.Scatter.BackgroundCompositing:2    ; additive background scattering]]
[2020.11.17-14.57.52:074][  0]LogConfig: Setting CVar [[r.DOF.Scatter.EnableBokehSettings:1      ; bokeh simulation when scattering]]
[2020.11.17-14.57.52:074][  0]LogConfig: Setting CVar [[r.DOF.Scatter.MaxSpriteRatio:0.1         ; only a maximum of 10% of scattered bokeh]]
[2020.11.17-14.57.52:074][  0]LogConfig: Setting CVar [[r.DOF.Recombine.Quality:1                ; cheap slight out of focus]]
[2020.11.17-14.57.52:074][  0]LogConfig: Setting CVar [[r.DOF.Recombine.EnableBokehSettings:0    ; no bokeh simulation on slight out of focus]]
[2020.11.17-14.57.52:074][  0]LogConfig: Setting CVar [[r.DOF.TemporalAAQuality:1                ; more stable temporal accumulation]]
[2020.11.17-14.57.52:074][  0]LogConfig: Setting CVar [[r.DOF.Kernel.MaxForegroundRadius:0.025]]
[2020.11.17-14.57.52:074][  0]LogConfig: Setting CVar [[r.DOF.Kernel.MaxBackgroundRadius:0.025]]
[2020.11.17-14.57.52:074][  0]LogConfig: Applying CVar settings from Section [TextureQuality@3] File [C:/Users/mxcol/Documents/Unreal Projects/CPP_TP2_Unreal/TP2_Unreal/Saved/Config/Windows/Scalability.ini]
[2020.11.17-14.57.52:074][  0]LogConfig: Setting CVar [[r.Streaming.MipBias:0]]
[2020.11.17-14.57.52:074][  0]LogConfig: Setting CVar [[r.Streaming.AmortizeCPUToGPUCopy:0]]
[2020.11.17-14.57.52:074][  0]LogConfig: Setting CVar [[r.Streaming.MaxNumTexturesToStreamPerFrame:0]]
[2020.11.17-14.57.52:074][  0]LogConfig: Setting CVar [[r.Streaming.Boost:1]]
[2020.11.17-14.57.52:074][  0]LogConfig: Setting CVar [[r.MaxAnisotropy:8]]
[2020.11.17-14.57.52:074][  0]LogConfig: Setting CVar [[r.VT.MaxAnisotropy:8]]
[2020.11.17-14.57.52:074][  0]LogConfig: Setting CVar [[r.Streaming.LimitPoolSizeToVRAM:0]]
[2020.11.17-14.57.52:074][  0]LogConfig: Setting CVar [[r.Streaming.PoolSize:1000]]
[2020.11.17-14.57.52:074][  0]LogConfig: Setting CVar [[r.Streaming.MaxEffectiveScreenSize:0]]
[2020.11.17-14.57.52:074][  0]LogConfig: Applying CVar settings from Section [EffectsQuality@3] File [C:/Users/mxcol/Documents/Unreal Projects/CPP_TP2_Unreal/TP2_Unreal/Saved/Config/Windows/Scalability.ini]
[2020.11.17-14.57.52:074][  0]LogConfig: Setting CVar [[r.TranslucencyLightingVolumeDim:64]]
[2020.11.17-14.57.52:074][  0]LogConfig: Setting CVar [[r.RefractionQuality:2]]
[2020.11.17-14.57.52:074][  0]LogConfig: Setting CVar [[r.SSR.Quality:3]]
[2020.11.17-14.57.52:074][  0]LogConfig: Setting CVar [[r.SSR.HalfResSceneColor:0]]
[2020.11.17-14.57.52:074][  0]LogConfig: Setting CVar [[r.SceneColorFormat:4]]
[2020.11.17-14.57.52:074][  0]LogConfig: Setting CVar [[r.DetailMode:2]]
[2020.11.17-14.57.52:074][  0]LogConfig: Setting CVar [[r.TranslucencyVolumeBlur:1]]
[2020.11.17-14.57.52:074][  0]LogConfig: Setting CVar [[r.MaterialQualityLevel:1 ; High quality]]
[2020.11.17-14.57.52:074][  0]LogConfig: Setting CVar [[r.SSS.Scale:1]]
[2020.11.17-14.57.52:074][  0]LogConfig: Setting CVar [[r.SSS.SampleSet:2]]
[2020.11.17-14.57.52:074][  0]LogConfig: Setting CVar [[r.SSS.Quality:1]]
[2020.11.17-14.57.52:074][  0]LogConfig: Setting CVar [[r.SSS.HalfRes:0]]
[2020.11.17-14.57.52:074][  0]LogConfig: Setting CVar [[r.SSGI.Quality:3]]
[2020.11.17-14.57.52:074][  0]LogConfig: Setting CVar [[r.EmitterSpawnRateScale:1.0]]
[2020.11.17-14.57.52:074][  0]LogConfig: Setting CVar [[r.ParticleLightQuality:2]]
[2020.11.17-14.57.52:074][  0]LogConfig: Setting CVar [[r.SkyAtmosphere.AerialPerspectiveLUT.FastApplyOnOpaque:1 ; Always have FastSkyLUT 1 in this case to avoid wrong sky]]
[2020.11.17-14.57.52:074][  0]LogConfig: Setting CVar [[r.SkyAtmosphere.AerialPerspectiveLUT.SampleCountPerSlice:1]]
[2020.11.17-14.57.52:074][  0]LogConfig: Setting CVar [[r.SkyAtmosphere.AerialPerspectiveLUT.DepthResolution:16.0]]
[2020.11.17-14.57.52:074][  0]LogConfig: Setting CVar [[r.SkyAtmosphere.FastSkyLUT:1]]
[2020.11.17-14.57.52:074][  0]LogConfig: Setting CVar [[r.SkyAtmosphere.FastSkyLUT.SampleCountMin:4.0]]
[2020.11.17-14.57.52:074][  0]LogConfig: Setting CVar [[r.SkyAtmosphere.FastSkyLUT.SampleCountMax:32.0]]
[2020.11.17-14.57.52:074][  0]LogConfig: Setting CVar [[r.SkyAtmosphere.SampleCountMin:4.0]]
[2020.11.17-14.57.52:074][  0]LogConfig: Setting CVar [[r.SkyAtmosphere.SampleCountMax:32.0]]
[2020.11.17-14.57.52:075][  0]LogConfig: Setting CVar [[r.SkyAtmosphere.TransmittanceLUT.UseSmallFormat:0]]
[2020.11.17-14.57.52:075][  0]LogConfig: Setting CVar [[r.SkyAtmosphere.TransmittanceLUT.SampleCount:10.0]]
[2020.11.17-14.57.52:075][  0]LogConfig: Setting CVar [[r.SkyAtmosphere.MultiScatteringLUT.SampleCount:15.0]]
[2020.11.17-14.57.52:075][  0]LogConfig: Applying CVar settings from Section [FoliageQuality@3] File [C:/Users/mxcol/Documents/Unreal Projects/CPP_TP2_Unreal/TP2_Unreal/Saved/Config/Windows/Scalability.ini]
[2020.11.17-14.57.52:075][  0]LogConfig: Setting CVar [[foliage.DensityScale:1.0]]
[2020.11.17-14.57.52:075][  0]LogConfig: Setting CVar [[grass.DensityScale:1.0]]
[2020.11.17-14.57.52:075][  0]LogConfig: Applying CVar settings from Section [ShadingQuality@3] File [C:/Users/mxcol/Documents/Unreal Projects/CPP_TP2_Unreal/TP2_Unreal/Saved/Config/Windows/Scalability.ini]
[2020.11.17-14.57.52:075][  0]LogConfig: Setting CVar [[r.HairStrands.SkyLighting.SampleCount:16]]
[2020.11.17-14.57.52:075][  0]LogConfig: Setting CVar [[r.HairStrands.SkyLighting.JitterIntegration:0]]
[2020.11.17-14.57.52:075][  0]LogConfig: Setting CVar [[r.HairStrands.SkyAO.SampleCount:16]]
[2020.11.17-14.57.52:075][  0]LogConfig: Setting CVar [[r.HairStrands.DeepShadow.SuperSampling:0]]
[2020.11.17-14.57.52:075][  0]LogConfig: Setting CVar [[r.HairStrands.VisibilityPPLL:0]]
[2020.11.17-14.57.52:075][  0]LogConfig: Setting CVar [[r.HairStrands.RasterizationScale:0.5]]
[2020.11.17-14.57.52:075][  0]LogConfig: Setting CVar [[r.HairStrands.VelocityRasterizationScale:1]]
[2020.11.17-14.57.52:075][  0]LogInit: Selected Device Profile: [Windows]
[2020.11.17-14.57.52:075][  0]LogInit: Applying CVar settings loaded from the selected device profile: [Windows]
[2020.11.17-14.57.52:075][  0]LogHAL: Display: Platform has ~ 16 GB [16954834944 / 17179869184 / 16], which maps to Larger [LargestMinGB=32, LargerMinGB=12, DefaultMinGB=8, SmallerMinGB=6, SmallestMinGB=0)
[2020.11.17-14.57.52:075][  0]LogInit: Going up to parent DeviceProfile []
[2020.11.17-14.57.52:075][  0]LogConfig: Applying CVar settings from Section [ViewDistanceQuality@3] File [C:/Users/mxcol/Documents/Unreal Projects/CPP_TP2_Unreal/TP2_Unreal/Saved/Config/Windows/Scalability.ini]
[2020.11.17-14.57.52:075][  0]LogConfig: Setting CVar [[r.SkeletalMeshLODBias:0]]
[2020.11.17-14.57.52:075][  0]LogConfig: Setting CVar [[r.ViewDistanceScale:1.0]]
[2020.11.17-14.57.52:075][  0]LogConfig: Applying CVar settings from Section [AntiAliasingQuality@3] File [C:/Users/mxcol/Documents/Unreal Projects/CPP_TP2_Unreal/TP2_Unreal/Saved/Config/Windows/Scalability.ini]
[2020.11.17-14.57.52:075][  0]LogConfig: Setting CVar [[r.PostProcessAAQuality:4]]
[2020.11.17-14.57.52:075][  0]LogConfig: Applying CVar settings from Section [ShadowQuality@3] File [C:/Users/mxcol/Documents/Unreal Projects/CPP_TP2_Unreal/TP2_Unreal/Saved/Config/Windows/Scalability.ini]
[2020.11.17-14.57.52:075][  0]LogConfig: Setting CVar [[r.LightFunctionQuality:1]]
[2020.11.17-14.57.52:075][  0]LogConfig: Setting CVar [[r.ShadowQuality:5]]
[2020.11.17-14.57.52:075][  0]LogConfig: Setting CVar [[r.Shadow.CSM.MaxCascades:10]]
[2020.11.17-14.57.52:075][  0]LogConfig: Setting CVar [[r.Shadow.MaxResolution:2048]]
[2020.11.17-14.57.52:075][  0]LogConfig: Setting CVar [[r.Shadow.MaxCSMResolution:2048]]
[2020.11.17-14.57.52:075][  0]LogConfig: Setting CVar [[r.Shadow.RadiusThreshold:0.01]]
[2020.11.17-14.57.52:075][  0]LogConfig: Setting CVar [[r.Shadow.DistanceScale:1.0]]
[2020.11.17-14.57.52:075][  0]LogConfig: Setting CVar [[r.Shadow.CSM.TransitionScale:1.0]]
[2020.11.17-14.57.52:075][  0]LogConfig: Setting CVar [[r.Shadow.PreShadowResolutionFactor:1.0]]
[2020.11.17-14.57.52:075][  0]LogConfig: Setting CVar [[r.DistanceFieldShadowing:1]]
[2020.11.17-14.57.52:075][  0]LogConfig: Setting CVar [[r.DistanceFieldAO:1]]
[2020.11.17-14.57.52:075][  0]LogConfig: Setting CVar [[r.AOQuality:2]]
[2020.11.17-14.57.52:075][  0]LogConfig: Setting CVar [[r.VolumetricFog:1]]
[2020.11.17-14.57.52:075][  0]LogConfig: Setting CVar [[r.VolumetricFog.GridPixelSize:8]]
[2020.11.17-14.57.52:075][  0]LogConfig: Setting CVar [[r.VolumetricFog.GridSizeZ:128]]
[2020.11.17-14.57.52:075][  0]LogConfig: Setting CVar [[r.VolumetricFog.HistoryMissSupersampleCount:4]]
[2020.11.17-14.57.52:075][  0]LogConfig: Setting CVar [[r.LightMaxDrawDistanceScale:1]]
[2020.11.17-14.57.52:075][  0]LogConfig: Setting CVar [[r.CapsuleShadows:1]]
[2020.11.17-14.57.52:075][  0]LogConfig: Applying CVar settings from Section [PostProcessQuality@3] File [C:/Users/mxcol/Documents/Unreal Projects/CPP_TP2_Unreal/TP2_Unreal/Saved/Config/Windows/Scalability.ini]
[2020.11.17-14.57.52:075][  0]LogConfig: Setting CVar [[r.MotionBlurQuality:4]]
[2020.11.17-14.57.52:075][  0]LogConfig: Setting CVar [[r.AmbientOcclusionMipLevelFactor:0.4]]
[2020.11.17-14.57.52:075][  0]LogConfig: Setting CVar [[r.AmbientOcclusionMaxQuality:100]]
[2020.11.17-14.57.52:075][  0]LogConfig: Setting CVar [[r.AmbientOcclusionLevels:-1]]
[2020.11.17-14.57.52:075][  0]LogConfig: Setting CVar [[r.AmbientOcclusionRadiusScale:1.0]]
[2020.11.17-14.57.52:075][  0]LogConfig: Setting CVar [[r.DepthOfFieldQuality:2]]
[2020.11.17-14.57.52:075][  0]LogConfig: Setting CVar [[r.RenderTargetPoolMin:400]]
[2020.11.17-14.57.52:075][  0]LogConfig: Setting CVar [[r.LensFlareQuality:2]]
[2020.11.17-14.57.52:075][  0]LogConfig: Setting CVar [[r.SceneColorFringeQuality:1]]
[2020.11.17-14.57.52:075][  0]LogConfig: Setting CVar [[r.EyeAdaptationQuality:2]]
[2020.11.17-14.57.52:075][  0]LogConfig: Setting CVar [[r.BloomQuality:5]]
[2020.11.17-14.57.52:075][  0]LogConfig: Setting CVar [[r.FastBlurThreshold:100]]
[2020.11.17-14.57.52:075][  0]LogConfig: Setting CVar [[r.Upscale.Quality:3]]
[2020.11.17-14.57.52:075][  0]LogConfig: Setting CVar [[r.Tonemapper.GrainQuantization:1]]
[2020.11.17-14.57.52:075][  0]LogConfig: Setting CVar [[r.LightShaftQuality:1]]
[2020.11.17-14.57.52:075][  0]LogConfig: Setting CVar [[r.Filter.SizeScale:1]]
[2020.11.17-14.57.52:075][  0]LogConfig: Setting CVar [[r.Tonemapper.Quality:5]]
[2020.11.17-14.57.52:075][  0]LogConfig: Setting CVar [[r.DOF.Gather.AccumulatorQuality:1        ; higher gathering accumulator quality]]
[2020.11.17-14.57.52:075][  0]LogConfig: Setting CVar [[r.DOF.Gather.PostfilterMethod:1          ; Median3x3 postfilering method]]
[2020.11.17-14.57.52:075][  0]LogConfig: Setting CVar [[r.DOF.Gather.EnableBokehSettings:0       ; no bokeh simulation when gathering]]
[2020.11.17-14.57.52:075][  0]LogConfig: Setting CVar [[r.DOF.Gather.RingCount:4                 ; medium number of samples when gathering]]
[2020.11.17-14.57.52:075][  0]LogConfig: Setting CVar [[r.DOF.Scatter.ForegroundCompositing:1    ; additive foreground scattering]]
[2020.11.17-14.57.52:075][  0]LogConfig: Setting CVar [[r.DOF.Scatter.BackgroundCompositing:2    ; additive background scattering]]
[2020.11.17-14.57.52:075][  0]LogConfig: Setting CVar [[r.DOF.Scatter.EnableBokehSettings:1      ; bokeh simulation when scattering]]
[2020.11.17-14.57.52:075][  0]LogConfig: Setting CVar [[r.DOF.Scatter.MaxSpriteRatio:0.1         ; only a maximum of 10% of scattered bokeh]]
[2020.11.17-14.57.52:075][  0]LogConfig: Setting CVar [[r.DOF.Recombine.Quality:1                ; cheap slight out of focus]]
[2020.11.17-14.57.52:075][  0]LogConfig: Setting CVar [[r.DOF.Recombine.EnableBokehSettings:0    ; no bokeh simulation on slight out of focus]]
[2020.11.17-14.57.52:076][  0]LogConfig: Setting CVar [[r.DOF.TemporalAAQuality:1                ; more stable temporal accumulation]]
[2020.11.17-14.57.52:076][  0]LogConfig: Setting CVar [[r.DOF.Kernel.MaxForegroundRadius:0.025]]
[2020.11.17-14.57.52:076][  0]LogConfig: Setting CVar [[r.DOF.Kernel.MaxBackgroundRadius:0.025]]
[2020.11.17-14.57.52:076][  0]LogConfig: Applying CVar settings from Section [TextureQuality@3] File [C:/Users/mxcol/Documents/Unreal Projects/CPP_TP2_Unreal/TP2_Unreal/Saved/Config/Windows/Scalability.ini]
[2020.11.17-14.57.52:076][  0]LogConfig: Setting CVar [[r.Streaming.MipBias:0]]
[2020.11.17-14.57.52:076][  0]LogConfig: Setting CVar [[r.Streaming.AmortizeCPUToGPUCopy:0]]
[2020.11.17-14.57.52:076][  0]LogConfig: Setting CVar [[r.Streaming.MaxNumTexturesToStreamPerFrame:0]]
[2020.11.17-14.57.52:076][  0]LogConfig: Setting CVar [[r.Streaming.Boost:1]]
[2020.11.17-14.57.52:076][  0]LogConfig: Setting CVar [[r.MaxAnisotropy:8]]
[2020.11.17-14.57.52:076][  0]LogConfig: Setting CVar [[r.VT.MaxAnisotropy:8]]
[2020.11.17-14.57.52:076][  0]LogConfig: Setting CVar [[r.Streaming.LimitPoolSizeToVRAM:0]]
[2020.11.17-14.57.52:076][  0]LogConfig: Setting CVar [[r.Streaming.PoolSize:1000]]
[2020.11.17-14.57.52:076][  0]LogConfig: Setting CVar [[r.Streaming.MaxEffectiveScreenSize:0]]
[2020.11.17-14.57.52:076][  0]LogConfig: Applying CVar settings from Section [EffectsQuality@3] File [C:/Users/mxcol/Documents/Unreal Projects/CPP_TP2_Unreal/TP2_Unreal/Saved/Config/Windows/Scalability.ini]
[2020.11.17-14.57.52:076][  0]LogConfig: Setting CVar [[r.TranslucencyLightingVolumeDim:64]]
[2020.11.17-14.57.52:076][  0]LogConfig: Setting CVar [[r.RefractionQuality:2]]
[2020.11.17-14.57.52:076][  0]LogConfig: Setting CVar [[r.SSR.Quality:3]]
[2020.11.17-14.57.52:076][  0]LogConfig: Setting CVar [[r.SSR.HalfResSceneColor:0]]
[2020.11.17-14.57.52:076][  0]LogConfig: Setting CVar [[r.SceneColorFormat:4]]
[2020.11.17-14.57.52:076][  0]LogConfig: Setting CVar [[r.DetailMode:2]]
[2020.11.17-14.57.52:076][  0]LogConfig: Setting CVar [[r.TranslucencyVolumeBlur:1]]
[2020.11.17-14.57.52:076][  0]LogConfig: Setting CVar [[r.MaterialQualityLevel:1 ; High quality]]
[2020.11.17-14.57.52:076][  0]LogConfig: Setting CVar [[r.SSS.Scale:1]]
[2020.11.17-14.57.52:076][  0]LogConfig: Setting CVar [[r.SSS.SampleSet:2]]
[2020.11.17-14.57.52:076][  0]LogConfig: Setting CVar [[r.SSS.Quality:1]]
[2020.11.17-14.57.52:076][  0]LogConfig: Setting CVar [[r.SSS.HalfRes:0]]
[2020.11.17-14.57.52:076][  0]LogConfig: Setting CVar [[r.SSGI.Quality:3]]
[2020.11.17-14.57.52:076][  0]LogConfig: Setting CVar [[r.EmitterSpawnRateScale:1.0]]
[2020.11.17-14.57.52:076][  0]LogConfig: Setting CVar [[r.ParticleLightQuality:2]]
[2020.11.17-14.57.52:076][  0]LogConfig: Setting CVar [[r.SkyAtmosphere.AerialPerspectiveLUT.FastApplyOnOpaque:1 ; Always have FastSkyLUT 1 in this case to avoid wrong sky]]
[2020.11.17-14.57.52:076][  0]LogConfig: Setting CVar [[r.SkyAtmosphere.AerialPerspectiveLUT.SampleCountPerSlice:1]]
[2020.11.17-14.57.52:076][  0]LogConfig: Setting CVar [[r.SkyAtmosphere.AerialPerspectiveLUT.DepthResolution:16.0]]
[2020.11.17-14.57.52:076][  0]LogConfig: Setting CVar [[r.SkyAtmosphere.FastSkyLUT:1]]
[2020.11.17-14.57.52:076][  0]LogConfig: Setting CVar [[r.SkyAtmosphere.FastSkyLUT.SampleCountMin:4.0]]
[2020.11.17-14.57.52:076][  0]LogConfig: Setting CVar [[r.SkyAtmosphere.FastSkyLUT.SampleCountMax:32.0]]
[2020.11.17-14.57.52:076][  0]LogConfig: Setting CVar [[r.SkyAtmosphere.SampleCountMin:4.0]]
[2020.11.17-14.57.52:076][  0]LogConfig: Setting CVar [[r.SkyAtmosphere.SampleCountMax:32.0]]
[2020.11.17-14.57.52:076][  0]LogConfig: Setting CVar [[r.SkyAtmosphere.TransmittanceLUT.UseSmallFormat:0]]
[2020.11.17-14.57.52:076][  0]LogConfig: Setting CVar [[r.SkyAtmosphere.TransmittanceLUT.SampleCount:10.0]]
[2020.11.17-14.57.52:076][  0]LogConfig: Setting CVar [[r.SkyAtmosphere.MultiScatteringLUT.SampleCount:15.0]]
[2020.11.17-14.57.52:076][  0]LogConfig: Applying CVar settings from Section [FoliageQuality@3] File [C:/Users/mxcol/Documents/Unreal Projects/CPP_TP2_Unreal/TP2_Unreal/Saved/Config/Windows/Scalability.ini]
[2020.11.17-14.57.52:076][  0]LogConfig: Setting CVar [[foliage.DensityScale:1.0]]
[2020.11.17-14.57.52:076][  0]LogConfig: Setting CVar [[grass.DensityScale:1.0]]
[2020.11.17-14.57.52:076][  0]LogConfig: Applying CVar settings from Section [ShadingQuality@3] File [C:/Users/mxcol/Documents/Unreal Projects/CPP_TP2_Unreal/TP2_Unreal/Saved/Config/Windows/Scalability.ini]
[2020.11.17-14.57.52:076][  0]LogConfig: Setting CVar [[r.HairStrands.SkyLighting.SampleCount:16]]
[2020.11.17-14.57.52:076][  0]LogConfig: Setting CVar [[r.HairStrands.SkyLighting.JitterIntegration:0]]
[2020.11.17-14.57.52:076][  0]LogConfig: Setting CVar [[r.HairStrands.SkyAO.SampleCount:16]]
[2020.11.17-14.57.52:076][  0]LogConfig: Setting CVar [[r.HairStrands.DeepShadow.SuperSampling:0]]
[2020.11.17-14.57.52:076][  0]LogConfig: Setting CVar [[r.HairStrands.VisibilityPPLL:0]]
[2020.11.17-14.57.52:076][  0]LogConfig: Setting CVar [[r.HairStrands.RasterizationScale:0.5]]
[2020.11.17-14.57.52:076][  0]LogConfig: Setting CVar [[r.HairStrands.VelocityRasterizationScale:1]]
[2020.11.17-14.57.52:076][  0]LogConfig: Applying CVar settings from Section [Startup] File [../../../Engine/Config/ConsoleVariables.ini]
[2020.11.17-14.57.52:076][  0]LogConfig: Setting CVar [[net.UseAdaptiveNetUpdateFrequency:0]]
[2020.11.17-14.57.52:076][  0]LogConfig: Setting CVar [[p.chaos.AllowCreatePhysxBodies:1]]
[2020.11.17-14.57.52:076][  0]LogConfig: Setting CVar [[fx.SkipVectorVMBackendOptimizations:1]]
[2020.11.17-14.57.52:076][  0]LogConfig: Applying CVar settings from Section [ConsoleVariables] File [C:/Users/mxcol/Documents/Unreal Projects/CPP_TP2_Unreal/TP2_Unreal/Saved/Config/Windows/Engine.ini]
[2020.11.17-14.57.52:077][  0]LogInit: Computer: LAPTOP-26OCT9LN
[2020.11.17-14.57.52:077][  0]LogInit: User: mxcol
[2020.11.17-14.57.52:077][  0]LogInit: CPU Page size=4096, Cores=6
[2020.11.17-14.57.52:077][  0]LogInit: High frequency timer resolution =10.000000 MHz
[2020.11.17-14.57.52:077][  0]LogMemory: Memory total: Physical=15.8GB (16GB approx)
[2020.11.17-14.57.52:077][  0]LogMemory: Platform Memory Stats for Windows
[2020.11.17-14.57.52:077][  0]LogMemory: Process Physical Memory: 116.10 MB used, 116.11 MB peak
[2020.11.17-14.57.52:077][  0]LogMemory: Process Virtual Memory: 99.20 MB used, 99.20 MB peak
[2020.11.17-14.57.52:077][  0]LogMemory: Physical Memory: 10623.04 MB used,  5546.35 MB free, 16169.39 MB total
[2020.11.17-14.57.52:077][  0]LogMemory: Virtual Memory: 5167.53 MB used,  134212560.00 MB free, 134217728.00 MB total
[2020.11.17-14.57.52:118][  0]LogWindows: WindowsPlatformFeatures enabled
[2020.11.17-14.57.52:150][  0]LogInit: Physics initialised using underlying interface: PhysX
[2020.11.17-14.57.52:151][  0]LogInit: Using OS detected language (fr-FR).
[2020.11.17-14.57.52:151][  0]LogInit: Using OS detected locale (fr-FR).
[2020.11.17-14.57.52:154][  0]LogTextLocalizationManager: No specific localization for 'fr-FR' exists, so the 'fr' localization will be used.
[2020.11.17-14.57.52:154][  0]LogTextLocalizationResource: LocRes '../../../Engine/Content/Localization/Editor/fr/Editor.locres' could not be opened for reading!
[2020.11.17-14.57.52:155][  0]LogTextLocalizationResource: LocRes '../../../Engine/Content/Localization/EditorTutorials/fr/EditorTutorials.locres' could not be opened for reading!
[2020.11.17-14.57.52:155][  0]LogTextLocalizationResource: LocRes '../../../Engine/Content/Localization/Keywords/fr/Keywords.locres' could not be opened for reading!
[2020.11.17-14.57.52:155][  0]LogTextLocalizationResource: LocRes '../../../Engine/Content/Localization/Category/fr/Category.locres' could not be opened for reading!
[2020.11.17-14.57.52:155][  0]LogTextLocalizationResource: LocRes '../../../Engine/Content/Localization/ToolTips/fr/ToolTips.locres' could not be opened for reading!
[2020.11.17-14.57.52:155][  0]LogTextLocalizationResource: LocRes '../../../Engine/Content/Localization/PropertyNames/fr/PropertyNames.locres' could not be opened for reading!
[2020.11.17-14.57.52:155][  0]LogTextLocalizationResource: LocRes '../../../Engine/Content/Localization/Engine/fr/Engine.locres' could not be opened for reading!
[2020.11.17-14.57.52:156][  0]LogInit: Setting process to per monitor DPI aware
[2020.11.17-14.57.52:191][  0]LogSlate: New Slate User Created.  User Index 0, Is Virtual User: 0
[2020.11.17-14.57.52:191][  0]LogSlate: Slate User Registered.  User Index 0, Is Virtual User: 0
[2020.11.17-14.57.52:335][  0]LogHMD: Failed to initialize OpenVR with code 110
[2020.11.17-14.57.52:335][  0]LogD3D11RHI: D3D11 min allowed feature level: 11_0
[2020.11.17-14.57.52:335][  0]LogD3D11RHI: D3D11 max allowed feature level: 11_0
[2020.11.17-14.57.52:335][  0]LogD3D11RHI: D3D11 adapters:
[2020.11.17-14.57.52:424][  0]LogD3D11RHI:    0. 'NVIDIA GeForce RTX 2070' (Feature Level 11_0)
[2020.11.17-14.57.52:424][  0]LogD3D11RHI:       8031/0/8084 MB DedicatedVideo/DedicatedSystem/SharedSystem, Outputs:1, VendorId:0x10de
[2020.11.17-14.57.52:446][  0]LogD3D11RHI:    1. 'Intel(R) UHD Graphics' (Feature Level 11_0)
[2020.11.17-14.57.52:446][  0]LogD3D11RHI:       128/0/8084 MB DedicatedVideo/DedicatedSystem/SharedSystem, Outputs:0, VendorId:0x8086
[2020.11.17-14.57.52:448][  0]LogD3D11RHI:    2. 'Microsoft Basic Render Driver' (Feature Level 11_0)
[2020.11.17-14.57.52:448][  0]LogD3D11RHI:       0/0/8084 MB DedicatedVideo/DedicatedSystem/SharedSystem, Outputs:0, VendorId:0x1414
[2020.11.17-14.57.52:448][  0]LogD3D11RHI: Chosen D3D11 Adapter: 0
[2020.11.17-14.57.52:467][  0]LogD3D11RHI: Creating new Direct3DDevice
[2020.11.17-14.57.52:467][  0]LogD3D11RHI:     GPU DeviceId: 0x1f14 (for the marketing name, search the web for "GPU Device Id")
[2020.11.17-14.57.52:467][  0]LogWindows: EnumDisplayDevices:
[2020.11.17-14.57.52:467][  0]LogWindows:    0. 'Intel(R) UHD Graphics' (P:1 D:1)
[2020.11.17-14.57.52:468][  0]LogWindows:    1. 'Intel(R) UHD Graphics' (P:0 D:0)
[2020.11.17-14.57.52:468][  0]LogWindows:    2. 'Intel(R) UHD Graphics' (P:0 D:0)
[2020.11.17-14.57.52:468][  0]LogWindows:    3. 'NVIDIA GeForce RTX 2070' (P:0 D:0)
[2020.11.17-14.57.52:468][  0]LogWindows:    4. 'NVIDIA GeForce RTX 2070' (P:0 D:0)
[2020.11.17-14.57.52:468][  0]LogWindows:    5. 'NVIDIA GeForce RTX 2070' (P:0 D:0)
[2020.11.17-14.57.52:469][  0]LogWindows:    6. 'NVIDIA GeForce RTX 2070' (P:0 D:0)
[2020.11.17-14.57.52:469][  0]LogWindows: DebugString: PrimaryIsNotTheChoosenAdapter PrimaryIsNotTheChoosenAdapter PrimaryIsNotTheChoosenAdapter FoundDriverCount:4 
[2020.11.17-14.57.52:469][  0]LogD3D11RHI:     Adapter Name: NVIDIA GeForce RTX 2070
[2020.11.17-14.57.52:469][  0]LogD3D11RHI:   Driver Version: 452.06 (internal:27.21.14.5206, unified:452.06)
[2020.11.17-14.57.52:469][  0]LogD3D11RHI:      Driver Date: 8-12-2020
[2020.11.17-14.57.52:469][  0]LogRHI: Texture pool is 5621 MB (70% of 8031 MB)
[2020.11.17-14.57.52:522][  0]LogD3D11RHI: RHI has support for 64 bit atomics
[2020.11.17-14.57.52:523][  0]LogD3D11RHI: Async texture creation enabled
[2020.11.17-14.57.52:523][  0]LogD3D11RHI: Array index from any shader is supported
[2020.11.17-14.57.52:552][  0]LogD3D11RHI: GPU Timing Frequency: 1000.000000 (Debug: 2 1)
[2020.11.17-14.57.52:824][  0]LogTargetPlatformManager: Display: Loaded TargetPlatform 'AllDesktop'
[2020.11.17-14.57.52:847][  0]LogTargetPlatformManager: Display: Loaded TargetPlatform 'Android'
[2020.11.17-14.57.52:847][  0]LogTargetPlatformManager: Display: Loaded TargetPlatform 'Android_ASTC'
[2020.11.17-14.57.52:847][  0]LogTargetPlatformManager: Display: Loaded TargetPlatform 'Android_DXT'
[2020.11.17-14.57.52:847][  0]LogTargetPlatformManager: Display: Loaded TargetPlatform 'Android_ETC2'
[2020.11.17-14.57.52:847][  0]LogTargetPlatformManager: Display: Loaded TargetPlatform 'AndroidClient'
[2020.11.17-14.57.52:847][  0]LogTargetPlatformManager: Display: Loaded TargetPlatform 'Android_ASTCClient'
[2020.11.17-14.57.52:847][  0]LogTargetPlatformManager: Display: Loaded TargetPlatform 'Android_DXTClient'
[2020.11.17-14.57.52:847][  0]LogTargetPlatformManager: Display: Loaded TargetPlatform 'Android_ETC2Client'
[2020.11.17-14.57.52:847][  0]LogTargetPlatformManager: Display: Loaded TargetPlatform 'Android_Multi'
[2020.11.17-14.57.52:847][  0]LogTargetPlatformManager: Display: Loaded TargetPlatform 'Android_MultiClient'
[2020.11.17-14.57.52:872][  0]LogTargetPlatformManager: Display: Loaded TargetPlatform 'IOSClient'
[2020.11.17-14.57.52:872][  0]LogTargetPlatformManager: Display: Loaded TargetPlatform 'IOS'
[2020.11.17-14.57.52:883][  0]LogTargetPlatformManager: Display: Loaded TargetPlatform 'Linux'
[2020.11.17-14.57.52:894][  0]LogTargetPlatformManager: Display: Loaded TargetPlatform 'LinuxNoEditor'
[2020.11.17-14.57.52:904][  0]LogTargetPlatformManager: Display: Loaded TargetPlatform 'LinuxClient'
[2020.11.17-14.57.52:914][  0]LogTargetPlatformManager: Display: Loaded TargetPlatform 'LinuxServer'
[2020.11.17-14.57.52:924][  0]LogTargetPlatformManager: Display: Loaded TargetPlatform 'LinuxAArch64NoEditor'
[2020.11.17-14.57.52:934][  0]LogTargetPlatformManager: Display: Loaded TargetPlatform 'LinuxAArch64Client'
[2020.11.17-14.57.52:944][  0]LogTargetPlatformManager: Display: Loaded TargetPlatform 'LinuxAArch64Server'
[2020.11.17-14.57.52:976][  0]LogTargetPlatformManager: Display: Loaded TargetPlatform 'Lumin'
[2020.11.17-14.57.52:976][  0]LogTargetPlatformManager: Display: Loaded TargetPlatform 'LuminClient'
[2020.11.17-14.57.52:992][  0]LogTargetPlatformManager: Display: Loaded TargetPlatform 'TVOSClient'
[2020.11.17-14.57.52:993][  0]LogTargetPlatformManager: Display: Loaded TargetPlatform 'TVOS'
[2020.11.17-14.57.53:002][  0]LogTargetPlatformManager: Display: Loaded TargetPlatform 'WindowsNoEditor'
[2020.11.17-14.57.53:013][  0]LogTargetPlatformManager: Display: Loaded TargetPlatform 'Windows'
[2020.11.17-14.57.53:024][  0]LogTargetPlatformManager: Display: Loaded TargetPlatform 'WindowsClient'
[2020.11.17-14.57.53:034][  0]LogTargetPlatformManager: Display: Loaded TargetPlatform 'WindowsServer'
[2020.11.17-14.57.53:034][  0]LogTargetPlatformManager: Display: Building Assets For Windows
[2020.11.17-14.57.53:042][  0]LogAudioDebug: Display: Lib vorbis DLL was dynamically loaded.
[2020.11.17-14.57.53:103][  0]LogShaderCompilers: Guid format shader working directory is -36 characters bigger than the processId version (../../../../../../Users/mxcol/Documents/Unreal Projects/CPP_TP2_Unreal/TP2_Unreal/Intermediate/Shaders/WorkingDirectory/11604/).
[2020.11.17-14.57.53:104][  0]LogShaderCompilers: Cleaned the shader compiler working directory 'C:/Users/mxcol/AppData/Local/Temp/UnrealShaderWorkingDir/3EEC378A4A11E409CEB4CA829FB9EAA1/'.
[2020.11.17-14.57.53:105][  0]LogShaderCompilers: Display: Using XGE Shader Compiler (Interception Interface).
[2020.11.17-14.57.53:924][  0]LogDerivedDataCache: Display: Max Cache Size: 512 MB
[2020.11.17-14.57.53:975][  0]LogDerivedDataCache: Loaded boot cache 0.05s 79MB C:/Users/mxcol/AppData/Local/UnrealEngine/4.25/DerivedDataCache/Boot.ddc.
[2020.11.17-14.57.53:975][  0]LogDerivedDataCache: Display: Loaded Boot cache: C:/Users/mxcol/AppData/Local/UnrealEngine/4.25/DerivedDataCache/Boot.ddc
[2020.11.17-14.57.53:975][  0]LogDerivedDataCache: FDerivedDataBackendGraph:  Pak pak cache file ../../../../../../Users/mxcol/Documents/Unreal Projects/CPP_TP2_Unreal/TP2_Unreal/DerivedDataCache/DDC.ddp not found, will not use a pak cache.
[2020.11.17-14.57.53:975][  0]LogDerivedDataCache: Unable to find inner node Pak for hierarchical cache Hierarchy.
[2020.11.17-14.57.53:975][  0]LogDerivedDataCache: FDerivedDataBackendGraph:  CompressedPak pak cache file ../../../../../../Users/mxcol/Documents/Unreal Projects/CPP_TP2_Unreal/TP2_Unreal/DerivedDataCache/Compressed.ddp not found, will not use a pak cache.
[2020.11.17-14.57.53:975][  0]LogDerivedDataCache: Unable to find inner node CompressedPak for hierarchical cache Hierarchy.
[2020.11.17-14.57.53:987][  0]LogDerivedDataCache: Display: Pak cache opened for reading ../../../Engine/DerivedDataCache/Compressed.ddp.
[2020.11.17-14.57.53:987][  0]LogDerivedDataCache: FDerivedDataBackendGraph:  EnterprisePak pak cache file ../../../Enterprise/DerivedDataCache/Compressed.ddp not found, will not use a pak cache.
[2020.11.17-14.57.53:987][  0]LogDerivedDataCache: Unable to find inner node EnterprisePak for hierarchical cache Hierarchy.
[2020.11.17-14.57.53:988][  0]LogDerivedDataCache: Using Local data cache path C:/Users/mxcol/AppData/Local/UnrealEngine/Common/DerivedDataCache: Writable
[2020.11.17-14.57.53:988][  0]LogDerivedDataCache: Shared data cache path not found in *engine.ini, will not use an Shared cache.
[2020.11.17-14.57.53:988][  0]LogDerivedDataCache: Unable to find inner node Shared for hierarchical cache Hierarchy.
[2020.11.17-14.57.54:044][  0]LogSlate: Using FreeType 2.10.0
[2020.11.17-14.57.54:045][  0]LogSlate: SlateFontServices - WITH_FREETYPE: 1, WITH_HARFBUZZ: 1
[2020.11.17-14.57.54:070][  0]LogAssetRegistry: FAssetRegistry took 0.0027 seconds to start up
[2020.11.17-14.57.54:314][  0]LogInit: Selected Device Profile: [Windows]
[2020.11.17-14.57.54:430][  0]LogMeshReduction: Using QuadricMeshReduction for automatic static mesh reduction
[2020.11.17-14.57.54:430][  0]LogMeshReduction: Using SimplygonMeshReduction for automatic skeletal mesh reduction
[2020.11.17-14.57.54:430][  0]LogMeshReduction: Using ProxyLODMeshReduction for automatic mesh merging
[2020.11.17-14.57.54:430][  0]LogMeshReduction: No distributed automatic mesh merging module available
[2020.11.17-14.57.54:430][  0]LogMeshMerging: No distributed automatic mesh merging module available
[2020.11.17-14.57.54:444][  0]LogNetVersion: TP2_Unreal 1.0.0, NetCL: 13144385, EngineNetVer: 14, GameNetVer: 0 (Checksum: 3484905291)
[2020.11.17-14.57.54:880][  0]LogAISub: UAISubsystem::UAISubsystem AISubsystem (000002BBC3626680), frame # 0
[2020.11.17-14.57.54:880][  0]LogAISub: UAISubsystem::UAISubsystem AIPerceptionSystem (000002BBC35A3C40), frame # 0
[2020.11.17-14.57.54:881][  0]LogAISub: UAISubsystem::UAISubsystem EnvQueryManager (000002BBC360DE00), frame # 0
[2020.11.17-14.57.54:943][  0]LogPackageLocalizationCache: Processed 19 localized package path(s) for 1 prioritized culture(s) in 0.056215 seconds
[2020.11.17-14.57.54:949][  0]LogUObjectArray: 15917 objects as part of root set at end of initial load.
[2020.11.17-14.57.54:949][  0]LogUObjectAllocator: 3965568 out of 0 bytes used by permanent object pool.
[2020.11.17-14.57.54:949][  0]LogUObjectArray: CloseDisregardForGC: 0/0 objects in disregard for GC pool
[2020.11.17-14.57.55:286][  0]LogTcpMessaging: Initializing TcpMessaging bridge
[2020.11.17-14.57.55:290][  0]LogUdpMessaging: Initializing bridge on interface 0.0.0.0:0 to multicast group 230.0.0.1:6666.
[2020.11.17-14.57.55:555][  0]SourceControl: Source control is disabled
[2020.11.17-14.57.55:555][  0]SourceControl: Source control is disabled
[2020.11.17-14.57.55:559][  0]SourceControl: Source control is disabled
[2020.11.17-14.57.55:562][  0]SourceControl: Source control is disabled
[2020.11.17-14.57.55:569][  0]SourceControl: Source control is disabled
[2020.11.17-14.57.55:819][  0]LogAndroidPermission: UAndroidPermissionCallbackProxy::GetInstance
[2020.11.17-14.57.55:842][  0]LogAudioCaptureCore: Display: No Audio Capture implementations found. Audio input will be silent.
[2020.11.17-14.57.55:842][  0]LogAudioCaptureCore: Display: No Audio Capture implementations found. Audio input will be silent.
[2020.11.17-14.57.55:895][  0]LogOcInput: OculusInput pre-init called
[2020.11.17-14.57.55:906][  0]LogWindows: Failed to load 'OVRPlugin.dll' (GetLastError=126)
[2020.11.17-14.57.55:906][  0]LogWindows: File 'OVRPlugin.dll' does not exist
[2020.11.17-14.57.55:970][  0]LogEngine: Initializing Engine...
[2020.11.17-14.57.55:971][  0]LogHMD: Failed to initialize OpenVR with code 110
[2020.11.17-14.57.55:971][  0]LogMagicLeap: Warning: VR disabled because ZI is not enabled.  To enable, in the editor, Edit -> Project Settings -> Plugins -> Magic Leap Plugin -> Enable Zero Iteration
[2020.11.17-14.57.55:972][  0]LogStats: UGameplayTagsManager::InitializeManager -  0.000 s
[2020.11.17-14.57.56:102][  0]LogInit: Initializing FReadOnlyCVARCache
[2020.11.17-14.57.56:109][  0]LogAIModule: Creating AISystem for world Untitled
[2020.11.17-14.57.56:109][  0]LogAISub: UAISubsystem::UAISubsystem EnvQueryManager (000002BBCACC5E00), frame # 0
[2020.11.17-14.57.56:110][  0]LogAISub: UAISubsystem::UAISubsystem AIPerceptionSystem (000002BBCAD01A80), frame # 0
[2020.11.17-14.57.56:126][  0]LogAudioMixer: Display: Audio Mixer Platform Settings:
[2020.11.17-14.57.56:126][  0]LogAudioMixer: Display: 	Sample Rate:						  48000
[2020.11.17-14.57.56:126][  0]LogAudioMixer: Display: 	Callback Buffer Frame Size Requested: 1024
[2020.11.17-14.57.56:126][  0]LogAudioMixer: Display: 	Callback Buffer Frame Size To Use:	  1024
[2020.11.17-14.57.56:126][  0]LogAudioMixer: Display: 	Number of buffers to queue:			  2
[2020.11.17-14.57.56:126][  0]LogAudioMixer: Display: 	Max Channels (voices):				  32
[2020.11.17-14.57.56:126][  0]LogAudioMixer: Display: 	Number of Async Source Workers:		  0
[2020.11.17-14.57.56:126][  0]LogAudio: Display: AudioDevice MaxSources: 32
[2020.11.17-14.57.56:126][  0]LogAudio: Display: Using built-in audio occlusion.
[2020.11.17-14.57.56:126][  0]LogAudioMixer: Display: Initializing audio mixer.
[2020.11.17-14.57.56:444][  0]LogAudioMixer: Display: 0: FrontLeft
[2020.11.17-14.57.56:444][  0]LogAudioMixer: Display: 1: FrontRight
[2020.11.17-14.57.56:444][  0]LogAudioMixer: Display: 2: FrontCenter
[2020.11.17-14.57.56:444][  0]LogAudioMixer: Display: 3: LowFrequency
[2020.11.17-14.57.56:444][  0]LogAudioMixer: Display: 4: BackLeft
[2020.11.17-14.57.56:444][  0]LogAudioMixer: Display: 5: BackRight
[2020.11.17-14.57.56:444][  0]LogAudioMixer: Display: 6: SideLeft
[2020.11.17-14.57.56:444][  0]LogAudioMixer: Display: 7: SideRight
[2020.11.17-14.57.56:723][  0]LogAudioMixer: Display: Using Audio Device Headphones (Realtek(R) Audio)
[2020.11.17-14.57.56:726][  0]LogAudioMixer: Display: Initializing Sound Submixes...
[2020.11.17-14.57.56:728][  0]LogAudioMixer: Display: Creating Master Submix 'MasterSubmixDefault'
[2020.11.17-14.57.56:728][  0]LogAudioMixer: Display: Creating Master Submix 'MasterReverbSubmixDefault'
[2020.11.17-14.57.56:729][  0]LogAudioMixer: Display: Creating Master Submix 'MasterEQSubmixDefault'
[2020.11.17-14.57.56:730][  0]LogInit: FAudioDevice initialized.
[2020.11.17-14.57.56:730][  0]LogNetVersion: Set ProjectVersion to 1.0.0.0. Version Checksum will be recalculated on next use.
[2020.11.17-14.57.56:778][  0]LogDerivedDataCache: Saved boot cache 0.05s 79MB C:/Users/mxcol/AppData/Local/UnrealEngine/4.25/DerivedDataCache/Boot.ddc.
[2020.11.17-14.57.56:781][  0]LogInit: Texture streaming: Enabled
[2020.11.17-14.57.56:792][  0]LogEngineSessionManager: EngineSessionManager initialized
[2020.11.17-14.57.56:792][  0]LogEditorSessionSummary: Verbose: Initializing EditorSessionSummaryWriter for editor session tracking
[2020.11.17-14.57.56:794][  0]LogEditorSessionSummary: EditorSessionSummaryWriter initialized
[2020.11.17-14.57.56:843][  0]LogInit: Transaction tracking system initialized
[2020.11.17-14.57.56:859][  0]BlueprintLog: New page: Editor Load
[2020.11.17-14.57.56:911][  0]LocalizationService: Localization service is disabled
[2020.11.17-14.57.57:023][  0]LogCook: Display: Max memory allowance for cook 16384mb min free memory 0mb
[2020.11.17-14.57.57:024][  0]LogCook: Display: Mobile HDR setting 1
[2020.11.17-14.57.57:120][  0]LogFileCache: Scanning file cache for directory 'C:/Users/mxcol/Documents/Unreal Projects/CPP_TP2_Unreal/TP2_Unreal/Content/' took 0.00s
[2020.11.17-14.57.57:323][  0]SourceControl: Source control is disabled
[2020.11.17-14.57.57:323][  0]LogUnrealEdMisc: Loading editor; pre map load, took 6.694
[2020.11.17-14.57.57:323][  0]Cmd: MAP LOAD FILE="../../../../../../Users/mxcol/Documents/Unreal Projects/CPP_TP2_Unreal/TP2_Unreal/Content/ThirdPersonCPP/Maps/ThirdPersonExampleMap.umap" TEMPLATE=0 SHOWPROGRESS=1 FEATURELEVEL=3
[2020.11.17-14.57.57:323][  0]LightingResults: New page: Lighting Build
[2020.11.17-14.57.57:324][  0]LogWorld: UWorld::CleanupWorld for Untitled, bSessionEnded=true, bCleanupResources=true
[2020.11.17-14.57.57:324][  0]LogSlate: InvalidateAllWidgets triggered.  All widgets were invalidated
[2020.11.17-14.57.57:324][  0]MapCheck: New page: Map Check
[2020.11.17-14.57.57:324][  0]LightingResults: New page: Lighting Build
[2020.11.17-14.57.57:338][  0]LogAISub: UAISubsystem::~UAISubsystem EnvQueryManager (000002BBCACC5E00), frame # 0
[2020.11.17-14.57.57:338][  0]LogAISub: UAISubsystem::~UAISubsystem AIPerceptionSystem (000002BBCAD01A80), frame # 0
[2020.11.17-14.57.57:339][  0]LogUObjectHash: Compacting FUObjectHashTables data took   1.02ms
[2020.11.17-14.57.57:441][  0]LogAIModule: Creating AISystem for world ThirdPersonExampleMap
[2020.11.17-14.57.57:441][  0]LogAISub: UAISubsystem::UAISubsystem EnvQueryManager (000002BBB6FB4800), frame # 0
[2020.11.17-14.57.57:441][  0]LogAISub: UAISubsystem::UAISubsystem AIPerceptionSystem (000002BBC81D2200), frame # 0
[2020.11.17-14.57.57:449][  0]LogEditorServer: Finished looking for orphan Actors (0.000 secs)
[2020.11.17-14.57.57:464][  0]LogUObjectHash: Compacting FUObjectHashTables data took   1.11ms
[2020.11.17-14.57.57:464][  0]Cmd: MAP CHECKDEP NOCLEARLOG
[2020.11.17-14.57.57:464][  0]MapCheck: Map check complete: 0 Error(s), 0 Warning(s), took 0,164ms to complete.
[2020.11.17-14.57.57:465][  0]LogFileHelpers: Loading map 'ThirdPersonExampleMap' took 0.141
[2020.11.17-14.57.57:468][  0]LogUnrealEdMisc: Total Editor Startup Time, took 6.839
[2020.11.17-14.57.57:596][  0]LogSlate: Updating window title bar state: overlay mode, drag disabled, window buttons hidden, title bar hidden
[2020.11.17-14.57.57:603][  0]LogSlate: Updating window title bar state: overlay mode, drag disabled, window buttons hidden, title bar hidden
[2020.11.17-14.57.57:610][  0]LogSlate: Updating window title bar state: overlay mode, drag disabled, window buttons hidden, title bar hidden
[2020.11.17-14.57.57:617][  0]LogSlate: Updating window title bar state: overlay mode, drag disabled, window buttons hidden, title bar hidden
[2020.11.17-14.57.57:624][  0]LogCollectionManager: Loaded 0 collections in 0.001557 seconds
[2020.11.17-14.57.57:642][  0]LogFileCache: Scanning file cache for directory 'C:/Users/mxcol/Documents/Unreal Projects/CPP_TP2_Unreal/TP2_Unreal/Saved/Collections/' took 0.00s
[2020.11.17-14.57.57:642][  0]LogFileCache: Scanning file cache for directory 'C:/Users/mxcol/Documents/Unreal Projects/CPP_TP2_Unreal/TP2_Unreal/Content/Developers/mxcol/Collections/' took 0.00s
[2020.11.17-14.57.57:642][  0]LogFileCache: Scanning file cache for directory 'C:/Users/mxcol/Documents/Unreal Projects/CPP_TP2_Unreal/TP2_Unreal/Content/Collections/' took 0.00s
[2020.11.17-14.57.57:642][  0]LogContentBrowser: Native class hierarchy populated in 0.0098 seconds. Added 3430 classes and 823 folders.
[2020.11.17-14.57.57:647][  0]LogContentBrowser: Native class hierarchy updated for 'WidgetCarousel' in 0.0004 seconds. Added 0 classes and 0 folders.
[2020.11.17-14.57.58:094][  0]LogContentBrowser: Native class hierarchy updated for 'AddContentDialog' in 0.0004 seconds. Added 0 classes and 0 folders.
[2020.11.17-14.57.58:095][  0]LogContentBrowser: Native class hierarchy updated for 'SceneOutliner' in 0.0003 seconds. Added 2 classes and 0 folders.
[2020.11.17-14.57.58:515][  0]LogContentBrowser: Native class hierarchy updated for 'HierarchicalLODOutliner' in 0.0004 seconds. Added 0 classes and 0 folders.
[2020.11.17-14.57.58:515][  0]LogLoad: (Engine Initialization) Total time: 7.89 seconds
[2020.11.17-14.57.58:515][  0]LogLoad: (Engine Initialization) Total Blueprint compile time: 0.00 seconds
[2020.11.17-14.57.58:702][  0]LogAssetRegistry: Asset discovery search completed in 4.6329 seconds
[2020.11.17-14.57.58:708][  0]LogCollectionManager: Fixed up redirectors for 0 collections in 0.000003 seconds (updated 0 objects)
[2020.11.17-14.57.58:709][  0]LogContentStreaming: Texture pool size now 1000 MB
[2020.11.17-14.57.58:716][  0]LogRenderer: Reallocating scene render targets to support 64x64 Format 10 NumSamples 1 (Frame:1).
[2020.11.17-14.57.58:716][  0]LogSlate: Took 0.000130 seconds to synchronously load lazily loaded font '../../../Engine/Content/Slate/Fonts/Roboto-Regular.ttf' (155K)
[2020.11.17-14.57.58:718][  0]LogSlate: Took 0.000147 seconds to synchronously load lazily loaded font '../../../Engine/Content/Slate/Fonts/Roboto-Bold.ttf' (160K)
[2020.11.17-14.57.58:733][  0]LogSlate: Took 0.009903 seconds to synchronously load lazily loaded font '../../../Engine/Content/Editor/Slate/Fonts/FontAwesome.ttf' (139K)
[2020.11.17-14.57.58:800][  0]LogRenderer: Reallocating scene render targets to support 704x360 Format 10 NumSamples 1 (Frame:1).
[2020.11.17-14.57.58:800][  0]LogSlate: Took 0.000781 seconds to synchronously load lazily loaded font '../../../Engine/Content/Slate/Fonts/Roboto-Light.ttf' (167K)
[2020.11.17-14.57.59:551][ 40]LogSlate: Took 0.000152 seconds to synchronously load lazily loaded font '../../../Engine/Content/Slate/Fonts/Roboto-Light.ttf' (167K)
[2020.11.17-14.58.01:569][151]LogAssetEditorSubsystem: Opening Asset editor for AnimBlueprint /Game/Models_TP2/Animations/TP2_Animation_BP.TP2_Animation_BP
[2020.11.17-14.58.01:616][151]LogContentBrowser: Native class hierarchy updated for 'SkeletonEditor' in 0.0004 seconds. Added 1 classes and 2 folders.
[2020.11.17-14.58.01:810][151]LogActorComponent: RegisterComponentWithWorld: (/Engine/Transient.World_2:PersistentLevel.AnimationEditorPreviewActor_0.DebugSkelMeshComponent_0) Already registered. Aborting.
[2020.11.17-14.58.01:812][151]LogContentBrowser: Native class hierarchy updated for 'PinnedCommandList' in 0.0004 seconds. Added 1 classes and 0 folders.
[2020.11.17-14.58.02:064][151]LogContentBrowser: Native class hierarchy updated for 'BlueprintGraph' in 0.0007 seconds. Added 125 classes and 0 folders.
[2020.11.17-14.58.02:960][151]LogSkeletalMesh: USkeletalMeshComponent::InitArticulated : Bodies already created (/Engine/Transient.World_2:PersistentLevel.AnimationEditorPreviewActor_0.DebugSkelMeshComponent_0) - call TermArticulated first.
[2020.11.17-14.58.03:241][151]LogAssetEditorSubsystem: Opening Asset editor for Blueprint /Game/Blueprints_TP2/TP2_PlayerCharacter_TP2.TP2_PlayerCharacter_TP2
[2020.11.17-14.58.05:966][259]LogSlate: Took 0.000169 seconds to synchronously load lazily loaded font '../../../Engine/Content/Slate/Fonts/Roboto-BoldCondensed.ttf' (158K)
[2020.11.17-14.58.07:197][325]LogSlate: Window 'TP2_Animation_BP' being destroyed
[2020.11.17-14.58.08:710][414]LogRenderer: Reallocating scene render targets to support 704x420 Format 10 NumSamples 1 (Frame:158).
[2020.11.17-14.58.09:879][469]LogSavePackage: Moving '../../../../../../Users/mxcol/Documents/Unreal Projects/CPP_TP2_Unreal/TP2_Unreal/Saved/TP2_Animation_BPB90B8B194AC8F24EA1BA1687DC945DE3.tmp' to '../../../../../../Users/mxcol/Documents/Unreal Projects/CPP_TP2_Unreal/TP2_Unreal/Content/Models_TP2/Animations/TP2_Animation_BP.uasset'
[2020.11.17-14.58.09:892][469]AssetCheck: New page: Asset Save: TP2_Animation_BP
[2020.11.17-14.58.09:892][469]LogContentValidation: Display: Validating AnimBlueprint /Game/Models_TP2/Animations/TP2_Animation_BP.TP2_Animation_BP
[2020.11.17-14.58.11:317][554]LogSlate: Took 0.000731 seconds to synchronously load lazily loaded font '../../../Engine/Content/Slate/Fonts/Roboto-Italic.ttf' (157K)
[2020.11.17-14.58.13:631][689]LogSavePackage: Moving '../../../../../../Users/mxcol/Documents/Unreal Projects/CPP_TP2_Unreal/TP2_Unreal/Saved/TP2_Animation_BPD8F5AE304BB1F9FB2C2BEE9BA597E4D9.tmp' to '../../../../../../Users/mxcol/Documents/Unreal Projects/CPP_TP2_Unreal/TP2_Unreal/Content/Models_TP2/Animations/TP2_Animation_BP.uasset'
[2020.11.17-14.58.13:641][689]AssetCheck: New page: Asset Save: TP2_Animation_BP
[2020.11.17-14.58.13:641][689]LogContentValidation: Display: Validating AnimBlueprint /Game/Models_TP2/Animations/TP2_Animation_BP.TP2_Animation_BP
[2020.11.17-14.58.15:360][792]LogRenderer: Reallocating scene render targets to support 1060x572 Format 10 NumSamples 1 (Frame:249).
[2020.11.17-14.58.19:518][ 36]LogSlate: WidgetSwitcher ('None') active index changed to -1
[2020.11.17-14.58.19:518][ 36]LogSlate: WidgetSwitcher ('None') active index changed to 0
[2020.11.17-14.58.20:572][ 98]LogSlate: WidgetSwitcher ('None') active index changed to 1
[2020.11.17-14.58.35:186][972]Running C:/Program Files/Epic Games/UE_4.25/Engine/Binaries/DotNET/UnrealBuildTool.exe  -projectfiles -project="C:/Users/mxcol/Documents/Unreal Projects/CPP_TP2_Unreal/TP2_Unreal/TP2_Unreal.uproject" -game -rocket -progress
[2020.11.17-14.58.35:592][972]Discovering modules, targets and source code for project...
[2020.11.17-14.58.37:001][972]Binding IntelliSense data...
[2020.11.17-14.58.39:031][972]Binding IntelliSense data... 100%
[2020.11.17-14.58.39:031][972]Writing project files...
[2020.11.17-14.58.43:062][972]Writing project files... 100%
[2020.11.17-14.58.43:288][972]Candidate modules for hot reload:
[2020.11.17-14.58.43:288][972]  TP2_Unreal
[2020.11.17-14.58.43:288][972]Launching UnrealBuildTool... [C:/Program Files/Epic Games/UE_4.25/Engine/Binaries/DotNET/UnrealBuildTool.exe  -ModuleWithSuffix=TP2_Unreal,9208 TP2_UnrealEditor Win64 Development -Project="C:/Users/mxcol/Documents/Unreal Projects/CPP_TP2_Unreal/TP2_Unreal/TP2_Unreal.uproject" "C:/Users/mxcol/Documents/Unreal Projects/CPP_TP2_Unreal/TP2_Unreal/TP2_Unreal.uproject"  -IgnoreJunk]
[2020.11.17-14.58.48:402][972]CompilerResultsLog: New page: Compilation - 17 nov. 2020 à 16:58:48
[2020.11.17-14.58.48:402][972]CompilerResultsLog: Using 'git status' to determine working set for adaptive non-unity build (C:\Users\mxcol\Documents\Unreal Projects\CPP_TP2_Unreal).
[2020.11.17-14.58.48:402][972]CompilerResultsLog: Creating makefile for TP2_UnrealEditor (no existing makefile)
[2020.11.17-14.58.48:402][972]CompilerResultsLog: Building TP2_UnrealEditor...
[2020.11.17-14.58.48:402][972]CompilerResultsLog: Using Visual Studio 2019 14.27.29112 toolchain (C:\Program Files (x86)\Microsoft Visual Studio\2019\Community\VC\Tools\MSVC\14.27.29110) and Windows 10.0.18362.0 SDK (C:\Program Files (x86)\Windows Kits\10).
[2020.11.17-14.58.48:402][972]CompilerResultsLog: Distributing 5 actions to XGE
[2020.11.17-14.58.48:402][972]CompilerResultsLog: --------------------Build System Warning---------------------------------------
[2020.11.17-14.58.48:402][972]CompilerResultsLog: License is invalid:
[2020.11.17-14.58.48:402][972]CompilerResultsLog:     License information is invalid. Please try reloading your license file using the Coordinator Monitor application on the Coordinator machine, or reinstall IncrediBuild.
[2020.11.17-14.58.48:402][972]CompilerResultsLog:     This build will run in standalone mode.
[2020.11.17-14.58.48:402][972]CompilerResultsLog: 
[2020.11.17-14.58.48:402][972]CompilerResultsLog: -------------------------------------------------------------------------------
[2020.11.17-14.58.48:402][972]CompilerResultsLog: --------------------Project: Default-------------------------------------------
[2020.11.17-14.58.48:402][972]CompilerResultsLog: TP2_AnimationInstance.cpp (0:00.60 at +0:00)
[2020.11.17-14.58.48:402][972]CompilerResultsLog: TP2_PlayerCharacter.cpp (0:01.23 at +0:00)
[2020.11.17-14.58.48:402][972]CompilerResultsLog: C:\Users\mxcol\Documents\Unreal Projects\CPP_TP2_Unreal\TP2_Unreal\Source\TP2_Unreal\TP2_PlayerCharacter.h(33): warning C4263: 'void ATP2_PlayerCharacter::Jump(UInputComponent *)'?: une fonction membre ne se substitue ? aucune fonction membre virtuelle de classe de base
[2020.11.17-14.58.48:402][972]CompilerResultsLog: C:\Users\mxcol\Documents\Unreal Projects\CPP_TP2_Unreal\TP2_Unreal\Source\TP2_Unreal\TP2_PlayerCharacter.h(47): warning C4264: 'void ACharacter::Jump(void)'?: aucune substitution disponible pour la fonction membre virtuelle ? partir de 'ACharacter' de base?; la fonction est masqu?e
[2020.11.17-14.58.48:402][972]CompilerResultsLog: C:\Program Files\Epic Games\UE_4.25\Engine\Source\Runtime\Engine\Classes\GameFramework/Character.h(578): note: voir la d?claration de 'ACharacter::Jump'
[2020.11.17-14.58.48:402][972]CompilerResultsLog: C:\Program Files\Epic Games\UE_4.25\Engine\Source\Runtime\Engine\Classes\GameFramework/CharacterMovementComponent.h(23): note: voir la d?claration de 'ACharacter'
[2020.11.17-14.58.48:403][972]CompilerResultsLog: C:\Users\mxcol\Documents\Unreal Projects\CPP_TP2_Unreal\TP2_Unreal\Source\TP2_Unreal\TP2_PlayerCharacter.h(34): warning C4263: 'void ATP2_PlayerCharacter::StopJumping(UInputComponent *)'?: une fonction membre ne se substitue ? aucune fonction membre virtuelle de classe de base
[2020.11.17-14.58.48:403][972]CompilerResultsLog: C:\Users\mxcol\Documents\Unreal Projects\CPP_TP2_Unreal\TP2_Unreal\Source\TP2_Unreal\TP2_PlayerCharacter.h(47): warning C4264: 'void ACharacter::StopJumping(void)'?: aucune substitution disponible pour la fonction membre virtuelle ? partir de 'ACharacter' de base?; la fonction est masqu?e
[2020.11.17-14.58.48:403][972]CompilerResultsLog: C:\Program Files\Epic Games\UE_4.25\Engine\Source\Runtime\Engine\Classes\GameFramework/Character.h(587): note: voir la d?claration de 'ACharacter::StopJumping'
[2020.11.17-14.58.48:403][972]CompilerResultsLog: C:\Program Files\Epic Games\UE_4.25\Engine\Source\Runtime\Engine\Classes\GameFramework/CharacterMovementComponent.h(23): note: voir la d?claration de 'ACharacter'
[2020.11.17-14.58.48:403][972]CompilerResultsLog: UE4Editor-TP2_Unreal-9208.dll (0:00.62 at +0:01)
[2020.11.17-14.58.48:403][972]CompilerResultsLog:    Cr?ation de la biblioth?que C:\Users\mxcol\Documents\Unreal Projects\CPP_TP2_Unreal\TP2_Unreal\Intermediate\Build\Win64\UE4Editor\Development\TP2_Unreal\UE4Editor-TP2_Unreal-9208.suppressed.lib et de l'objet C:\Users\mxcol\Documents\Unreal Projects\CPP_TP2_Unreal\TP2_Unreal\Intermediate\Build\Win64\UE4Editor\Development\TP2_Unreal\UE4Editor-TP2_Unreal-9208.suppressed.exp
[2020.11.17-14.58.48:403][972]CompilerResultsLog: UE4Editor-TP2_Unreal-9208.lib (0:00.07 at +0:02)
[2020.11.17-14.58.48:403][972]CompilerResultsLog:    Cr?ation de la biblioth?que C:\Users\mxcol\Documents\Unreal Projects\CPP_TP2_Unreal\TP2_Unreal\Intermediate\Build\Win64\UE4Editor\Development\TP2_Unreal\UE4Editor-TP2_Unreal-9208.lib et de l'objet C:\Users\mxcol\Documents\Unreal Projects\CPP_TP2_Unreal\TP2_Unreal\Intermediate\Build\Win64\UE4Editor\Development\TP2_Unreal\UE4Editor-TP2_Unreal-9208.exp
[2020.11.17-14.58.48:403][972]CompilerResultsLog: TP2_UnrealEditor.target (0:00.18 at +0:02)
[2020.11.17-14.58.48:403][972]CompilerResultsLog: ---------------------- Done ----------------------
[2020.11.17-14.58.48:403][972]CompilerResultsLog: 
[2020.11.17-14.58.48:403][972]CompilerResultsLog:     Rebuild All: 1 succeeded, 0 failed, 0 skipped
[2020.11.17-14.58.48:403][972]CompilerResultsLog: 
[2020.11.17-14.58.48:403][972]CompilerResultsLog: 1 build system warning(s):
[2020.11.17-14.58.48:403][972]CompilerResultsLog:    - License is invalid
[2020.11.17-14.58.48:403][972]CompilerResultsLog: 
[2020.11.17-14.58.48:403][972]CompilerResultsLog: Total time in XGE executor: 2,99 seconds
[2020.11.17-14.58.48:403][972]CompilerResultsLog: Total execution time: 5,03 seconds
[2020.11.17-14.58.48:403][972]LogMainFrame: MainFrame: Module compiling took 5.126 seconds
[2020.11.17-14.58.48:440][972]LogContentBrowser: Native class hierarchy updated for 'TP2_Unreal' in 0.0004 seconds. Added 3 classes and 2 folders.
[2020.11.17-14.58.48:444][972]Display: HotReload successful (0 functions remapped  0 scriptstructs remapped)
[2020.11.17-14.58.48:540][972]LogContentBrowser: Native class hierarchy populated in 0.0096 seconds. Added 3431 classes and 825 folders.
[2020.11.17-14.58.48:540][972]Display: HotReload took  5.3s.
[2020.11.17-14.58.48:545][972]Warning: HotReload operation took  5.3s.
[2020.11.17-14.58.48:781][972]LogVSAccessor: Warning: Couldn't open file 'C:/Users/mxcol/Documents/Unreal Projects/CPP_TP2_Unreal/TP2_Unreal/Source/TP2_Unreal/TP2_AnimationInstance.cpp'.
[2020.11.17-14.58.48:785][972]LogSlate: Window 'Add C++ Class' being destroyed
[2020.11.17-14.58.49:175][973]LogHotReload: New module detected: UE4Editor-TP2_Unreal-9208.dll
[2020.11.17-14.58.49:206][974]LogHotReload: Starting Hot-Reload from IDE
[2020.11.17-14.58.49:247][974]LogContentBrowser: Native class hierarchy updated for 'TP2_Unreal' in 0.0008 seconds. Added 3 classes and 2 folders.
[2020.11.17-14.58.49:253][974]Display: HotReload successful (0 functions remapped  0 scriptstructs remapped)
[2020.11.17-14.58.49:278][974]LogContentBrowser: Native class hierarchy populated in 0.0142 seconds. Added 3431 classes and 825 folders.
[2020.11.17-14.58.49:297][974]Display: HotReload took  0.1s.
[2020.11.17-15.15.16:913][171]Candidate modules for hot reload:
[2020.11.17-15.15.16:913][171]  TP2_Unreal
[2020.11.17-15.15.16:913][171]Launching UnrealBuildTool... [C:/Program Files/Epic Games/UE_4.25/Engine/Binaries/DotNET/UnrealBuildTool.exe  -ModuleWithSuffix=TP2_Unreal,1949 TP2_UnrealEditor Win64 Development -Project="C:/Users/mxcol/Documents/Unreal Projects/CPP_TP2_Unreal/TP2_Unreal/TP2_Unreal.uproject" "C:/Users/mxcol/Documents/Unreal Projects/CPP_TP2_Unreal/TP2_Unreal/TP2_Unreal.uproject"  -IgnoreJunk]
[2020.11.17-15.15.16:915][171]Warning: Starting HotReload took  0.0s.
[2020.11.17-15.15.21:803][459]CompilerResultsLog: New page: Compilation - 17 nov. 2020 à 17:15:21
[2020.11.17-15.15.21:803][459]CompilerResultsLog: Using 'git status' to determine working set for adaptive non-unity build (C:\Users\mxcol\Documents\Unreal Projects\CPP_TP2_Unreal).
[2020.11.17-15.15.21:803][459]CompilerResultsLog: Creating makefile for TP2_UnrealEditor (game project files are newer)
[2020.11.17-15.15.21:803][459]CompilerResultsLog: Parsing headers for TP2_UnrealEditor
[2020.11.17-15.15.21:803][459]CompilerResultsLog:   Running UnrealHeaderTool "C:\Users\mxcol\Documents\Unreal Projects\CPP_TP2_Unreal\TP2_Unreal\TP2_Unreal.uproject" "C:\Users\mxcol\Documents\Unreal Projects\CPP_TP2_Unreal\TP2_Unreal\Intermediate\Build\Win64\TP2_UnrealEditor\Development\TP2_UnrealEditor.uhtmanifest" -LogCmds="loginit warning, logexit warning, logdatabase error" -Unattended -WarningsAsErrors -abslog="C:\Users\mxcol\AppData\Local\UnrealBuildTool\Log_UHT.txt" -installed
[2020.11.17-15.15.21:803][459]CompilerResultsLog: Error: C:/Users/mxcol/Documents/Unreal Projects/CPP_TP2_Unreal/TP2_Unreal/Source/TP2_Unreal/TP2_AnimationInstance.h(1) : Error: Unknown class specifier 'hideCategoriesAnimInstance'
[2020.11.17-15.15.21:804][459]LogMainFrame: MainFrame: Module compiling took 4.901 seconds
[2020.11.17-15.15.21:804][459]Warning: HotReload failed, recompile failed
[2020.11.17-15.15.24:179][598]LogSlate: Took 0.001121 seconds to synchronously load lazily loaded font '../../../Engine/Content/Slate/Fonts/DroidSansMono.ttf' (77K)
[2020.11.17-15.16.08:077][265]LogSlate: Window 'Message Log' being destroyed
[2020.11.17-15.16.08:083][265]LogSlate: Window 'Message Log' being destroyed
[2020.11.17-15.16.09:033][321]Candidate modules for hot reload:
[2020.11.17-15.16.09:033][321]  TP2_Unreal
[2020.11.17-15.16.09:033][321]Launching UnrealBuildTool... [C:/Program Files/Epic Games/UE_4.25/Engine/Binaries/DotNET/UnrealBuildTool.exe  -ModuleWithSuffix=TP2_Unreal,1532 TP2_UnrealEditor Win64 Development -Project="C:/Users/mxcol/Documents/Unreal Projects/CPP_TP2_Unreal/TP2_Unreal/TP2_Unreal.uproject" "C:/Users/mxcol/Documents/Unreal Projects/CPP_TP2_Unreal/TP2_Unreal/TP2_Unreal.uproject"  -IgnoreJunk]
[2020.11.17-15.16.09:035][321]Warning: Starting HotReload took  0.0s.
[2020.11.17-15.16.22:989][149]CompilerResultsLog: New page: Compilation - 17 nov. 2020 à 17:16:22
[2020.11.17-15.16.22:989][149]CompilerResultsLog: Using 'git status' to determine working set for adaptive non-unity build (C:\Users\mxcol\Documents\Unreal Projects\CPP_TP2_Unreal).
[2020.11.17-15.16.22:989][149]CompilerResultsLog: Creating makefile for TP2_UnrealEditor (game project files are newer)
[2020.11.17-15.16.22:989][149]CompilerResultsLog: Parsing headers for TP2_UnrealEditor
[2020.11.17-15.16.22:989][149]CompilerResultsLog:   Running UnrealHeaderTool "C:\Users\mxcol\Documents\Unreal Projects\CPP_TP2_Unreal\TP2_Unreal\TP2_Unreal.uproject" "C:\Users\mxcol\Documents\Unreal Projects\CPP_TP2_Unreal\TP2_Unreal\Intermediate\Build\Win64\TP2_UnrealEditor\Development\TP2_UnrealEditor.uhtmanifest" -LogCmds="loginit warning, logexit warning, logdatabase error" -Unattended -WarningsAsErrors -abslog="C:\Users\mxcol\AppData\Local\UnrealBuildTool\Log_UHT.txt" -installed
[2020.11.17-15.16.22:989][149]CompilerResultsLog: Reflection code generated for TP2_UnrealEditor in 6,7865814 seconds
[2020.11.17-15.16.22:989][149]CompilerResultsLog: Building TP2_UnrealEditor...
[2020.11.17-15.16.22:989][149]CompilerResultsLog: Using Visual Studio 2019 14.27.29112 toolchain (C:\Program Files (x86)\Microsoft Visual Studio\2019\Community\VC\Tools\MSVC\14.27.29110) and Windows 10.0.18362.0 SDK (C:\Program Files (x86)\Windows Kits\10).
[2020.11.17-15.16.22:989][149]CompilerResultsLog: Distributing 6 actions to XGE
[2020.11.17-15.16.22:989][149]CompilerResultsLog: --------------------Build System Warning---------------------------------------
[2020.11.17-15.16.22:989][149]CompilerResultsLog: License is invalid:
[2020.11.17-15.16.22:989][149]CompilerResultsLog:     License information is invalid. Please try reloading your license file using the Coordinator Monitor application on the Coordinator machine, or reinstall IncrediBuild.
[2020.11.17-15.16.22:989][149]CompilerResultsLog:     This build will run in standalone mode.
[2020.11.17-15.16.22:989][149]CompilerResultsLog: 
[2020.11.17-15.16.22:990][149]CompilerResultsLog: -------------------------------------------------------------------------------
[2020.11.17-15.16.22:990][149]CompilerResultsLog: --------------------Project: Default-------------------------------------------
[2020.11.17-15.16.22:990][149]CompilerResultsLog: TP2_AnimationInstance.cpp (0:00.87 at +0:00)
[2020.11.17-15.16.22:990][149]CompilerResultsLog: TP2_AnimationInstance.gen.cpp (0:01.15 at +0:00)
[2020.11.17-15.16.22:990][149]CompilerResultsLog: TP2_Unreal.init.gen.cpp (0:00.93 at +0:02)
[2020.11.17-15.16.22:990][149]CompilerResultsLog: UE4Editor-TP2_Unreal-1532.dll (0:00.81 at +0:03)
[2020.11.17-15.16.22:990][149]CompilerResultsLog:    Cr?ation de la biblioth?que C:\Users\mxcol\Documents\Unreal Projects\CPP_TP2_Unreal\TP2_Unreal\Intermediate\Build\Win64\UE4Editor\Development\TP2_Unreal\UE4Editor-TP2_Unreal-1532.suppressed.lib et de l'objet C:\Users\mxcol\Documents\Unreal Projects\CPP_TP2_Unreal\TP2_Unreal\Intermediate\Build\Win64\UE4Editor\Development\TP2_Unreal\UE4Editor-TP2_Unreal-1532.suppressed.exp
[2020.11.17-15.16.22:990][149]CompilerResultsLog: UE4Editor-TP2_Unreal-1532.lib (0:00.09 at +0:03)
[2020.11.17-15.16.22:990][149]CompilerResultsLog:    Cr?ation de la biblioth?que C:\Users\mxcol\Documents\Unreal Projects\CPP_TP2_Unreal\TP2_Unreal\Intermediate\Build\Win64\UE4Editor\Development\TP2_Unreal\UE4Editor-TP2_Unreal-1532.lib et de l'objet C:\Users\mxcol\Documents\Unreal Projects\CPP_TP2_Unreal\TP2_Unreal\Intermediate\Build\Win64\UE4Editor\Development\TP2_Unreal\UE4Editor-TP2_Unreal-1532.exp
[2020.11.17-15.16.22:990][149]CompilerResultsLog: TP2_UnrealEditor.target (0:00.18 at +0:03)
[2020.11.17-15.16.22:990][149]CompilerResultsLog: ---------------------- Done ----------------------
[2020.11.17-15.16.22:990][149]CompilerResultsLog: 
[2020.11.17-15.16.22:990][149]CompilerResultsLog:     Rebuild All: 1 succeeded, 0 failed, 0 skipped
[2020.11.17-15.16.22:990][149]CompilerResultsLog: 
[2020.11.17-15.16.22:990][149]CompilerResultsLog: 1 build system warning(s):
[2020.11.17-15.16.22:990][149]CompilerResultsLog:    - License is invalid
[2020.11.17-15.16.22:990][149]CompilerResultsLog: 
[2020.11.17-15.16.22:990][149]CompilerResultsLog: Total time in XGE executor: 4,42 seconds
[2020.11.17-15.16.22:990][149]CompilerResultsLog: Total execution time: 13,86 seconds
[2020.11.17-15.16.22:990][149]LogMainFrame: MainFrame: Module compiling took 13.968 seconds
[2020.11.17-15.16.23:032][149]LogClass: Could not find existing class TP2_AnimationInstance in package /Script/TP2_Unreal for HotReload, assuming new class
[2020.11.17-15.16.23:051][149]LogContentBrowser: Native class hierarchy updated for 'TP2_Unreal' in 0.0006 seconds. Added 4 classes and 2 folders.
[2020.11.17-15.16.23:056][149]Display: HotReload successful (0 functions remapped  0 scriptstructs remapped)
[2020.11.17-15.16.23:184][149]LogContentBrowser: Native class hierarchy populated in 0.0100 seconds. Added 3432 classes and 825 folders.
[2020.11.17-15.16.23:184][149]Display: HotReload took 14.2s.
[2020.11.17-15.17.08:162][672]LogSlate: Window 'Delete Variable' being destroyed
[2020.11.17-15.17.10:945][767]LogSlate: Window 'Delete Variable' being destroyed
[2020.11.17-15.17.11:683][806]LogSavePackage: Moving '../../../../../../Users/mxcol/Documents/Unreal Projects/CPP_TP2_Unreal/TP2_Unreal/Saved/TP2_Animation_BP06A4DE804689DC2DA12A35A6EEB78D95.tmp' to '../../../../../../Users/mxcol/Documents/Unreal Projects/CPP_TP2_Unreal/TP2_Unreal/Content/Models_TP2/Animations/TP2_Animation_BP.uasset'
[2020.11.17-15.17.11:702][806]AssetCheck: New page: Asset Save: TP2_Animation_BP
[2020.11.17-15.17.11:702][806]LogContentValidation: Display: Validating AnimBlueprint /Game/Models_TP2/Animations/TP2_Animation_BP.TP2_Animation_BP
[2020.11.17-15.17.26:610][141]LogSlate: Prevented a slow task dialog from being summoned while a context menu was open
[2020.11.17-15.17.28:871][275]LogBlueprint: Warning: Reparenting blueprint AnimBlueprint /Game/Models_TP2/Animations/TP2_Animation_BP.TP2_Animation_BP from AnimInstance to TP2_AnimationInstance...
[2020.11.17-15.17.28:879][275]BlueprintLog: New page: Compile TP2_Animation_BP
[2020.11.17-15.17.28:884][275]LogBlueprint: Warning: [Compiler TP2_Animation_BP] Idle/Run to Jumping_Up  will never be taken, please connect something to  Can Enter Transition
[2020.11.17-15.17.28:884][275]LogBlueprint: Warning: [Compiler TP2_Animation_BP] Idle/Run to StandToCrouch  will never be taken, please connect something to  Can Enter Transition
[2020.11.17-15.17.28:888][275]LogClass: Warning: Type mismatch in IsCrouch of TP2_Animation_BP_C - Previous (BoolProperty) Current(FloatProperty) for package:  FObjectReader
[2020.11.17-15.17.29:059][275]LogUObjectHash: Compacting FUObjectHashTables data took   6.66ms
[2020.11.17-15.17.40:645][668]LogSavePackage: Moving '../../../../../../Users/mxcol/Documents/Unreal Projects/CPP_TP2_Unreal/TP2_Unreal/Saved/TP2_Animation_BPD73858C441314E80F56495A6ADA72823.tmp' to '../../../../../../Users/mxcol/Documents/Unreal Projects/CPP_TP2_Unreal/TP2_Unreal/Content/Models_TP2/Animations/TP2_Animation_BP.uasset'
[2020.11.17-15.17.40:660][668]AssetCheck: New page: Asset Save: TP2_Animation_BP
[2020.11.17-15.17.40:660][668]LogContentValidation: Display: Validating AnimBlueprint /Game/Models_TP2/Animations/TP2_Animation_BP.TP2_Animation_BP
[2020.11.17-15.17.42:302][764]LogSavePackage: Moving '../../../../../../Users/mxcol/Documents/Unreal Projects/CPP_TP2_Unreal/TP2_Unreal/Saved/TP2_Animation_BP0491172C4D3D4EC216A23A88FB6CD07D.tmp' to '../../../../../../Users/mxcol/Documents/Unreal Projects/CPP_TP2_Unreal/TP2_Unreal/Content/Models_TP2/Animations/TP2_Animation_BP.uasset'
[2020.11.17-15.17.42:316][764]AssetCheck: New page: Asset Save: TP2_Animation_BP
[2020.11.17-15.17.42:316][764]LogContentValidation: Display: Validating AnimBlueprint /Game/Models_TP2/Animations/TP2_Animation_BP.TP2_Animation_BP
[2020.11.17-15.18.45:550][983]BlueprintLog: New page: Compile TP2_Animation_BP
[2020.11.17-15.18.45:558][983]LogBlueprint: Warning: [Compiler TP2_Animation_BP] Idle/Run to Jumping_Up  will never be taken, please connect something to  Can Enter Transition
[2020.11.17-15.18.45:559][983]LogBlueprint: Warning: [Compiler TP2_Animation_BP] Idle/Run to StandToCrouch  will never be taken, please connect something to  Can Enter Transition
[2020.11.17-15.18.45:634][983]LogUObjectHash: Compacting FUObjectHashTables data took   4.42ms
[2020.11.17-15.19.26:294][430]LogSavePackage: Moving '../../../../../../Users/mxcol/Documents/Unreal Projects/CPP_TP2_Unreal/TP2_Unreal/Saved/TP2_Animation_BP5985B9484EA35E91E2183B8F5A7B6B21.tmp' to '../../../../../../Users/mxcol/Documents/Unreal Projects/CPP_TP2_Unreal/TP2_Unreal/Content/Models_TP2/Animations/TP2_Animation_BP.uasset'
[2020.11.17-15.19.26:308][430]AssetCheck: New page: Asset Save: TP2_Animation_BP
[2020.11.17-15.19.26:309][430]LogContentValidation: Display: Validating AnimBlueprint /Game/Models_TP2/Animations/TP2_Animation_BP.TP2_Animation_BP
[2020.11.17-15.19.31:905][762]LogSavePackage: Moving '../../../../../../Users/mxcol/Documents/Unreal Projects/CPP_TP2_Unreal/TP2_Unreal/Saved/TP2_Animation_BP0DED10F04E264E49F559B2AE12459B0E.tmp' to '../../../../../../Users/mxcol/Documents/Unreal Projects/CPP_TP2_Unreal/TP2_Unreal/Content/Models_TP2/Animations/TP2_Animation_BP.uasset'
[2020.11.17-15.19.31:918][762]AssetCheck: New page: Asset Save: TP2_Animation_BP
[2020.11.17-15.19.31:918][762]LogContentValidation: Display: Validating AnimBlueprint /Game/Models_TP2/Animations/TP2_Animation_BP.TP2_Animation_BP
[2020.11.17-15.19.33:238][838]LogSavePackage: Moving '../../../../../../Users/mxcol/Documents/Unreal Projects/CPP_TP2_Unreal/TP2_Unreal/Saved/TP2_Animation_BPEFEBE9C542B942B5C8AB959FE9350389.tmp' to '../../../../../../Users/mxcol/Documents/Unreal Projects/CPP_TP2_Unreal/TP2_Unreal/Content/Models_TP2/Animations/TP2_Animation_BP.uasset'
[2020.11.17-15.19.33:249][838]AssetCheck: New page: Asset Save: TP2_Animation_BP
[2020.11.17-15.19.33:249][838]LogContentValidation: Display: Validating AnimBlueprint /Game/Models_TP2/Animations/TP2_Animation_BP.TP2_Animation_BP
[2020.11.17-15.19.48:120][720]LogSavePackage: Moving '../../../../../../Users/mxcol/Documents/Unreal Projects/CPP_TP2_Unreal/TP2_Unreal/Saved/TP2_Animation_BP1875A21645359130F3E7E4BA6D922BE4.tmp' to '../../../../../../Users/mxcol/Documents/Unreal Projects/CPP_TP2_Unreal/TP2_Unreal/Content/Models_TP2/Animations/TP2_Animation_BP.uasset'
[2020.11.17-15.19.48:134][720]AssetCheck: New page: Asset Save: TP2_Animation_BP
[2020.11.17-15.19.48:134][720]LogContentValidation: Display: Validating AnimBlueprint /Game/Models_TP2/Animations/TP2_Animation_BP.TP2_Animation_BP
[2020.11.17-15.20.02:437][570]LogSavePackage: Moving '../../../../../../Users/mxcol/Documents/Unreal Projects/CPP_TP2_Unreal/TP2_Unreal/Saved/TP2_Animation_BP34A6326B4C99FDF1FF26F3A106D5A82F.tmp' to '../../../../../../Users/mxcol/Documents/Unreal Projects/CPP_TP2_Unreal/TP2_Unreal/Content/Models_TP2/Animations/TP2_Animation_BP.uasset'
[2020.11.17-15.20.02:451][570]AssetCheck: New page: Asset Save: TP2_Animation_BP
[2020.11.17-15.20.02:451][570]LogContentValidation: Display: Validating AnimBlueprint /Game/Models_TP2/Animations/TP2_Animation_BP.TP2_Animation_BP
[2020.11.17-15.20.15:255][323]LogSavePackage: Moving '../../../../../../Users/mxcol/Documents/Unreal Projects/CPP_TP2_Unreal/TP2_Unreal/Saved/TP2_Animation_BP5B9A8A6E416C96DA4CE969938F20481F.tmp' to '../../../../../../Users/mxcol/Documents/Unreal Projects/CPP_TP2_Unreal/TP2_Unreal/Content/Models_TP2/Animations/TP2_Animation_BP.uasset'
[2020.11.17-15.20.15:271][323]AssetCheck: New page: Asset Save: TP2_Animation_BP
[2020.11.17-15.20.15:271][323]LogContentValidation: Display: Validating AnimBlueprint /Game/Models_TP2/Animations/TP2_Animation_BP.TP2_Animation_BP
[2020.11.17-15.20.17:162][434]LogSavePackage: Moving '../../../../../../Users/mxcol/Documents/Unreal Projects/CPP_TP2_Unreal/TP2_Unreal/Saved/TP2_Animation_BPD2E9905740B7F258706D78A9AA2FAD2A.tmp' to '../../../../../../Users/mxcol/Documents/Unreal Projects/CPP_TP2_Unreal/TP2_Unreal/Content/Models_TP2/Animations/TP2_Animation_BP.uasset'
[2020.11.17-15.20.17:176][434]AssetCheck: New page: Asset Save: TP2_Animation_BP
[2020.11.17-15.20.17:176][434]LogContentValidation: Display: Validating AnimBlueprint /Game/Models_TP2/Animations/TP2_Animation_BP.TP2_Animation_BP
[2020.11.17-15.20.45:079][509]Candidate modules for hot reload:
[2020.11.17-15.20.45:079][509]  TP2_Unreal
[2020.11.17-15.20.45:079][509]Launching UnrealBuildTool... [C:/Program Files/Epic Games/UE_4.25/Engine/Binaries/DotNET/UnrealBuildTool.exe  -ModuleWithSuffix=TP2_Unreal,7171 TP2_UnrealEditor Win64 Development -Project="C:/Users/mxcol/Documents/Unreal Projects/CPP_TP2_Unreal/TP2_Unreal/TP2_Unreal.uproject" "C:/Users/mxcol/Documents/Unreal Projects/CPP_TP2_Unreal/TP2_Unreal/TP2_Unreal.uproject"  -IgnoreJunk]
[2020.11.17-15.20.45:081][509]Warning: Starting HotReload took  0.0s.
[2020.11.17-15.20.57:723][261]CompilerResultsLog: New page: Compilation - 17 nov. 2020 à 17:20:57
[2020.11.17-15.20.57:723][261]CompilerResultsLog: Using 'git status' to determine working set for adaptive non-unity build (C:\Users\mxcol\Documents\Unreal Projects\CPP_TP2_Unreal).
[2020.11.17-15.20.57:723][261]CompilerResultsLog: Creating makefile for TP2_UnrealEditor (game project files are newer)
[2020.11.17-15.20.57:723][261]CompilerResultsLog: Parsing headers for TP2_UnrealEditor
[2020.11.17-15.20.57:723][261]CompilerResultsLog:   Running UnrealHeaderTool "C:\Users\mxcol\Documents\Unreal Projects\CPP_TP2_Unreal\TP2_Unreal\TP2_Unreal.uproject" "C:\Users\mxcol\Documents\Unreal Projects\CPP_TP2_Unreal\TP2_Unreal\Intermediate\Build\Win64\TP2_UnrealEditor\Development\TP2_UnrealEditor.uhtmanifest" -LogCmds="loginit warning, logexit warning, logdatabase error" -Unattended -WarningsAsErrors -abslog="C:\Users\mxcol\AppData\Local\UnrealBuildTool\Log_UHT.txt" -installed
[2020.11.17-15.20.57:723][261]CompilerResultsLog: Reflection code generated for TP2_UnrealEditor in 6,6261787 seconds
[2020.11.17-15.20.57:723][261]CompilerResultsLog: Building TP2_UnrealEditor...
[2020.11.17-15.20.57:723][261]CompilerResultsLog: Using Visual Studio 2019 14.27.29112 toolchain (C:\Program Files (x86)\Microsoft Visual Studio\2019\Community\VC\Tools\MSVC\14.27.29110) and Windows 10.0.18362.0 SDK (C:\Program Files (x86)\Windows Kits\10).
[2020.11.17-15.20.57:723][261]CompilerResultsLog: Distributing 6 actions to XGE
[2020.11.17-15.20.57:723][261]CompilerResultsLog: --------------------Build System Warning---------------------------------------
[2020.11.17-15.20.57:723][261]CompilerResultsLog: License is invalid:
[2020.11.17-15.20.57:723][261]CompilerResultsLog:     License information is invalid. Please try reloading your license file using the Coordinator Monitor application on the Coordinator machine, or reinstall IncrediBuild.
[2020.11.17-15.20.57:723][261]CompilerResultsLog:     This build will run in standalone mode.
[2020.11.17-15.20.57:723][261]CompilerResultsLog: 
[2020.11.17-15.20.57:723][261]CompilerResultsLog: -------------------------------------------------------------------------------
[2020.11.17-15.20.57:723][261]CompilerResultsLog: --------------------Project: Default-------------------------------------------
[2020.11.17-15.20.57:723][261]CompilerResultsLog: TP2_AnimationInstance.cpp (0:00.84 at +0:00)
[2020.11.17-15.20.57:723][261]CompilerResultsLog: TP2_AnimationInstance.gen.cpp (0:00.76 at +0:00)
[2020.11.17-15.20.57:723][261]CompilerResultsLog: TP2_Unreal.init.gen.cpp (0:00.57 at +0:01)
[2020.11.17-15.20.57:723][261]CompilerResultsLog: UE4Editor-TP2_Unreal-7171.dll (0:00.54 at +0:02)
[2020.11.17-15.20.57:723][261]CompilerResultsLog:    Cr?ation de la biblioth?que C:\Users\mxcol\Documents\Unreal Projects\CPP_TP2_Unreal\TP2_Unreal\Intermediate\Build\Win64\UE4Editor\Development\TP2_Unreal\UE4Editor-TP2_Unreal-7171.suppressed.lib et de l'objet C:\Users\mxcol\Documents\Unreal Projects\CPP_TP2_Unreal\TP2_Unreal\Intermediate\Build\Win64\UE4Editor\Development\TP2_Unreal\UE4Editor-TP2_Unreal-7171.suppressed.exp
[2020.11.17-15.20.57:723][261]CompilerResultsLog: UE4Editor-TP2_Unreal-7171.lib (0:00.07 at +0:02)
[2020.11.17-15.20.57:723][261]CompilerResultsLog:    Cr?ation de la biblioth?que C:\Users\mxcol\Documents\Unreal Projects\CPP_TP2_Unreal\TP2_Unreal\Intermediate\Build\Win64\UE4Editor\Development\TP2_Unreal\UE4Editor-TP2_Unreal-7171.lib et de l'objet C:\Users\mxcol\Documents\Unreal Projects\CPP_TP2_Unreal\TP2_Unreal\Intermediate\Build\Win64\UE4Editor\Development\TP2_Unreal\UE4Editor-TP2_Unreal-7171.exp
[2020.11.17-15.20.57:723][261]CompilerResultsLog: TP2_UnrealEditor.target (0:00.20 at +0:02)
[2020.11.17-15.20.57:723][261]CompilerResultsLog: ---------------------- Done ----------------------
[2020.11.17-15.20.57:723][261]CompilerResultsLog: 
[2020.11.17-15.20.57:724][261]CompilerResultsLog:     Rebuild All: 1 succeeded, 0 failed, 0 skipped
[2020.11.17-15.20.57:724][261]CompilerResultsLog: 
[2020.11.17-15.20.57:724][261]CompilerResultsLog: 1 build system warning(s):
[2020.11.17-15.20.57:724][261]CompilerResultsLog:    - License is invalid
[2020.11.17-15.20.57:724][261]CompilerResultsLog: 
[2020.11.17-15.20.57:724][261]CompilerResultsLog: Total time in XGE executor: 3,33 seconds
[2020.11.17-15.20.57:724][261]CompilerResultsLog: Total execution time: 12,55 seconds
[2020.11.17-15.20.57:724][261]LogMainFrame: MainFrame: Module compiling took 12.656 seconds
[2020.11.17-15.20.57:759][261]LogClass: Could not find existing class TP2_AnimationInstance in package /Script/TP2_Unreal for HotReload, assuming new class
[2020.11.17-15.20.57:772][261]LogHotReload: Re-instancing TP2_AnimationInstance after hot-reload.
[2020.11.17-15.20.57:778][261]LogBlueprint: Warning: [Compiler TP2_Animation_BP] Idle/Run to StandToCrouch  will never be taken, please connect something to  Can Enter Transition
[2020.11.17-15.20.57:782][261]LogClass: Warning: Type mismatch in IsCrouch of TP2_Animation_BP_C - Previous (FloatProperty) Current(BoolProperty) for package:  FObjectReader
[2020.11.17-15.20.57:838][261]LogContentBrowser: Native class hierarchy updated for 'TP2_Unreal' in 0.0005 seconds. Added 4 classes and 2 folders.
[2020.11.17-15.20.57:843][261]Display: HotReload successful (0 functions remapped  0 scriptstructs remapped)
[2020.11.17-15.21.00:010][261]LogThreadingWindows: Error: Runnable thread PoolThread 41 crashed.
[2020.11.17-15.21.00:010][261]LogWindows: Error: === Critical error: ===
[2020.11.17-15.21.00:010][261]LogWindows: Error: 
[2020.11.17-15.21.00:010][261]LogWindows: Error: Fatal error!
[2020.11.17-15.21.00:010][261]LogWindows: Error: 
[2020.11.17-15.21.00:010][261]LogWindows: Error: Unhandled Exception: EXCEPTION_ACCESS_VIOLATION reading address 0x0000001a
[2020.11.17-15.21.00:010][261]LogWindows: Error: 
[2020.11.17-15.21.00:010][261]LogWindows: Error: [Callstack] 0x00007ffae0f80de8 UE4Editor-CoreUObject.dll!UnknownFunction []
[2020.11.17-15.21.00:010][261]LogWindows: Error: [Callstack] 0x00007ffae1075a85 UE4Editor-CoreUObject.dll!UnknownFunction []
[2020.11.17-15.21.00:010][261]LogWindows: Error: [Callstack] 0x00007ffae107557b UE4Editor-CoreUObject.dll!UnknownFunction []
[2020.11.17-15.21.00:010][261]LogWindows: Error: [Callstack] 0x00007ffae10757a3 UE4Editor-CoreUObject.dll!UnknownFunction []
[2020.11.17-15.21.00:010][261]LogWindows: Error: [Callstack] 0x00007ffae107486a UE4Editor-CoreUObject.dll!UnknownFunction []
[2020.11.17-15.21.00:010][261]LogWindows: Error: [Callstack] 0x00007ffae1073cfe UE4Editor-CoreUObject.dll!UnknownFunction []
[2020.11.17-15.21.00:010][261]LogWindows: Error: [Callstack] 0x00007ffa965ec39c UE4Editor-HotReload.dll!UnknownFunction []
[2020.11.17-15.21.00:010][261]LogWindows: Error: [Callstack] 0x00007ffa965ec13e UE4Editor-HotReload.dll!UnknownFunction []
[2020.11.17-15.21.00:010][261]LogWindows: Error: [Callstack] 0x00007ffae16d630d UE4Editor-Core.dll!UnknownFunction []
[2020.11.17-15.21.00:010][261]LogWindows: Error: [Callstack] 0x00007ffae1aa04db UE4Editor-Core.dll!UnknownFunction []
[2020.11.17-15.21.00:010][261]LogWindows: Error: [Callstack] 0x00007ffae1a97eb0 UE4Editor-Core.dll!UnknownFunction []
[2020.11.17-15.21.00:010][261]LogWindows: Error: [Callstack] 0x00007ffb3ffc7c24 KERNEL32.DLL!UnknownFunction []
[2020.11.17-15.21.00:010][261]LogWindows: Error: [Callstack] 0x00007ffb412ad4d1 ntdll.dll!UnknownFunction []
[2020.11.17-15.21.00:010][261]LogWindows: Error: 
[2020.11.17-15.21.00:010][261]LogWindows: Error: Crash in runnable thread PoolThread 41
[2020.11.17-15.21.00:035][261]LogExit: Executing StaticShutdownAfterError
[2020.11.17-15.21.00:036][261]LogWindows: FPlatformMisc::RequestExit(1)
[2020.11.17-15.21.00:036][261]LogCore: Engine exit requested (reason: Win RequestExit)
[2020.11.17-15.21.00:043][261]Log file closed, 11/17/20 16:21:00
