Log file open, 11/24/20 12:10:57
LogInit: Display: Running engine for game: TP2_Unreal
LogPlatformFile: Not using cached read wrapper
LogTaskGraph: Started task graph with 5 named threads and 35 total threads with 3 sets of task threads.
LogStats: Stats thread started at 0.173639
LogD3D11RHI: Loaded GFSDK_Aftermath_Lib.x64.dll
LogICUInternationalization: ICU TimeZone Detection - Raw Offset: +1:00, Platform Override: ''
LogPluginManager: Mounting plugin Paper2D
LogPluginManager: Mounting plugin AISupport
LogPluginManager: Mounting plugin LightPropagationVolume
LogPluginManager: Mounting plugin CameraShakePreviewer
LogPluginManager: Mounting plugin ActorLayerUtilities
LogPluginManager: Mounting plugin AnimationSharing
LogPluginManager: Mounting plugin CLionSourceCodeAccess
LogPluginManager: Mounting plugin CodeLiteSourceCodeAccess
LogPluginManager: Mounting plugin GitSourceControl
LogPluginManager: Mounting plugin KDevelopSourceCodeAccess
LogPluginManager: Mounting plugin NullSourceCodeAccess
LogPluginManager: Mounting plugin PerforceSourceControl
LogPluginManager: Mounting plugin PlasticSourceControl
LogPluginManager: Mounting plugin RiderSourceCodeAccess
LogPluginManager: Mounting plugin SubversionSourceControl
LogPluginManager: Mounting plugin UObjectPlugin
LogPluginManager: Mounting plugin VisualStudioCodeSourceCodeAccess
LogPluginManager: Mounting plugin VisualStudioSourceCodeAccess
LogPluginManager: Mounting plugin XCodeSourceCodeAccess
LogPluginManager: Mounting plugin AssetManagerEditor
LogPluginManager: Mounting plugin CryptoKeys
LogPluginManager: Mounting plugin CurveEditorTools
LogPluginManager: Mounting plugin DataValidation
LogPluginManager: Mounting plugin EditorScriptingUtilities
LogPluginManager: Mounting plugin FacialAnimation
LogPluginManager: Mounting plugin GameplayTagsEditor
LogPluginManager: Mounting plugin GeometryMode
LogPluginManager: Mounting plugin MacGraphicsSwitching
LogPluginManager: Mounting plugin MaterialAnalyzer
LogPluginManager: Mounting plugin MobileLauncherProfileWizard
LogPluginManager: Mounting plugin PluginBrowser
LogPluginManager: Mounting plugin SpeedTreeImporter
LogPluginManager: Mounting plugin DatasmithContent
LogPluginManager: Mounting plugin VariantManagerContent
LogPluginManager: Mounting plugin AlembicImporter
LogPluginManager: Mounting plugin AutomationUtils
LogPluginManager: Mounting plugin BackChannel
LogPluginManager: Mounting plugin ChaosCloth
LogPluginManager: Mounting plugin ChaosClothEditor
LogPluginManager: Mounting plugin ChaosEditor
LogPluginManager: Mounting plugin ChaosNiagara
LogPluginManager: Mounting plugin ChaosSolverPlugin
LogPluginManager: Mounting plugin CharacterAI
LogPluginManager: Mounting plugin GeometryCache
LogPluginManager: Mounting plugin GeometryCollectionPlugin
LogPluginManager: Mounting plugin GeometryProcessing
LogPluginManager: Mounting plugin PlanarCut
LogPluginManager: Mounting plugin PlatformCrypto
LogPluginManager: Mounting plugin ProxyLODPlugin
LogPluginManager: Mounting plugin SkeletalReduction
LogPluginManager: Mounting plugin Niagara
LogPluginManager: Mounting plugin MagicLeap
LogPluginManager: Mounting plugin MagicLeapLightEstimation
LogPluginManager: Mounting plugin MagicLeapMedia
LogPluginManager: Mounting plugin MagicLeapPassableWorld
LogPluginManager: Mounting plugin MLSDK
LogPluginManager: Mounting plugin AndroidMedia
LogPluginManager: Mounting plugin AvfMedia
LogPluginManager: Mounting plugin ImgMedia
LogPluginManager: Mounting plugin MediaCompositing
LogPluginManager: Mounting plugin MediaPlayerEditor
LogPluginManager: Mounting plugin WebMMedia
LogPluginManager: Mounting plugin WmfMedia
LogPluginManager: Mounting plugin MeshPainting
LogPluginManager: Mounting plugin TcpMessaging
LogPluginManager: Mounting plugin UdpMessaging
LogPluginManager: Mounting plugin ActorSequence
LogPluginManager: Mounting plugin LevelSequenceEditor
LogPluginManager: Mounting plugin MatineeToLevelSequence
LogPluginManager: Mounting plugin MovieRenderPipeline
LogPluginManager: Mounting plugin TemplateSequence
LogPluginManager: Mounting plugin NetcodeUnitTest
LogPluginManager: Mounting plugin NUTUnrealEngine4
LogPluginManager: Mounting plugin OnlineSubsystemGooglePlay
LogPluginManager: Mounting plugin OnlineSubsystemIOS
LogPluginManager: Mounting plugin OnlineSubsystem
LogPluginManager: Mounting plugin OnlineSubsystemNull
LogPluginManager: Mounting plugin OnlineSubsystemUtils
LogPluginManager: Mounting plugin LauncherChunkInstaller
LogPluginManager: Mounting plugin AndroidDeviceProfileSelector
LogPluginManager: Mounting plugin AndroidMoviePlayer
LogPluginManager: Mounting plugin AndroidPermission
LogPluginManager: Mounting plugin AppleImageUtils
LogPluginManager: Mounting plugin AppleMoviePlayer
LogPluginManager: Mounting plugin ArchVisCharacter
LogPluginManager: Mounting plugin AssetTags
LogPluginManager: Mounting plugin AudioCapture
LogPluginManager: Mounting plugin CableComponent
LogPluginManager: Mounting plugin CustomMeshComponent
LogPluginManager: Mounting plugin EditableMesh
LogPluginManager: Mounting plugin ExampleDeviceProfileSelector
LogPluginManager: Mounting plugin GoogleCloudMessaging
LogPluginManager: Mounting plugin GooglePAD
LogPluginManager: Mounting plugin IOSDeviceProfileSelector
LogPluginManager: Mounting plugin LinuxDeviceProfileSelector
LogPluginManager: Mounting plugin LocationServicesBPLibrary
LogPluginManager: Mounting plugin MobilePatchingUtils
LogPluginManager: Mounting plugin OculusVR
LogPluginManager: Mounting plugin PhysXVehicles
LogPluginManager: Mounting plugin PostSplashScreen
LogPluginManager: Mounting plugin ProceduralMeshComponent
LogPluginManager: Mounting plugin RuntimePhysXCooking
LogPluginManager: Mounting plugin SignificanceManager
LogPluginManager: Mounting plugin SoundFields
LogPluginManager: Mounting plugin SteamVR
LogPluginManager: Mounting plugin Synthesis
LogPluginManager: Mounting plugin WebMMoviePlayer
LogPluginManager: Mounting plugin WindowsMoviePlayer
LogPluginManager: Mounting plugin ScreenshotTools
LogInit: Using libcurl 7.55.1-DEV
LogInit:  - built for x86_64-pc-win32
LogInit:  - supports SSL with OpenSSL/1.1.1
LogInit:  - supports HTTP deflate (compression) using libz 1.2.8
LogInit:  - other features:
LogInit:      CURL_VERSION_SSL
LogInit:      CURL_VERSION_LIBZ
LogInit:      CURL_VERSION_IPV6
LogInit:      CURL_VERSION_ASYNCHDNS
LogInit:      CURL_VERSION_LARGEFILE
LogInit:      CURL_VERSION_IDN
LogInit:  CurlRequestOptions (configurable via config and command line):
LogInit:  - bVerifyPeer = true  - Libcurl will verify peer certificate
LogInit:  - bUseHttpProxy = false  - Libcurl will NOT use HTTP proxy
LogInit:  - bDontReuseConnections = false  - Libcurl will reuse connections
LogInit:  - MaxHostConnections = 16  - Libcurl will limit the number of connections to a host
LogInit:  - LocalHostAddr = Default
LogInit:  - BufferSize = 65536
LogOnline: OSS: Creating online subsystem instance for: NULL
LogInit: WinSock: version 1.1 (2.2), MaxSocks=32767, MaxUdp=65467
LogOnline: OSS: TryLoadSubsystemAndSetDefault: Loaded subsystem for module [NULL]
LogInit: Build: ++UE4+Release-4.25-CL-14469661
LogInit: Engine Version: 4.25.4-14469661+++UE4+Release-4.25
LogInit: Compatible Engine Version: 4.25.0-13144385+++UE4+Release-4.25
LogInit: Net CL: 13144385
LogInit: OS: Windows 10 (Release 1909) (), CPU: Intel(R) Core(TM) i7-10750H CPU @ 2.60GHz, GPU: Intel(R) UHD Graphics
LogInit: Compiled (64-bit): Oct 11 2020 08:10:49
LogInit: Compiled with Visual C++: 19.24.28315.00
LogInit: Build Configuration: Development
LogInit: Branch Name: ++UE4+Release-4.25
LogInit: Command Line: 
LogInit: Base Directory: C:/Program Files/Epic Games/UE_4.25/Engine/Binaries/Win64/
LogInit: Allocator: TBB
LogInit: Installed Engine Build: 1
LogDevObjectVersion: Number of dev versions registered: 26
LogDevObjectVersion:   Dev-Blueprints (B0D832E4-1F89-4F0D-ACCF-7EB736FD4AA2): 10
LogDevObjectVersion:   Dev-Build (E1C64328-A22C-4D53-A36C-8E866417BD8C): 0
LogDevObjectVersion:   Dev-Core (375EC13C-06E4-48FB-B500-84F0262A717E): 4
LogDevObjectVersion:   Dev-Editor (E4B068ED-F494-42E9-A231-DA0B2E46BB41): 38
LogDevObjectVersion:   Dev-Framework (CFFC743F-43B0-4480-9391-14DF171D2073): 37
LogDevObjectVersion:   Dev-Mobile (B02B49B5-BB20-44E9-A304-32B752E40360): 2
LogDevObjectVersion:   Dev-Networking (A4E4105C-59A1-49B5-A7C5-40C4547EDFEE): 0
LogDevObjectVersion:   Dev-Online (39C831C9-5AE6-47DC-9A44-9C173E1C8E7C): 0
LogDevObjectVersion:   Dev-Physics (78F01B33-EBEA-4F98-B9B4-84EACCB95AA2): 4
LogDevObjectVersion:   Dev-Platform (6631380F-2D4D-43E0-8009-CF276956A95A): 0
LogDevObjectVersion:   Dev-Rendering (12F88B9F-8875-4AFC-A67C-D90C383ABD29): 43
LogDevObjectVersion:   Dev-Sequencer (7B5AE74C-D270-4C10-A958-57980B212A5A): 12
LogDevObjectVersion:   Dev-VR (D7296918-1DD6-4BDD-9DE2-64A83CC13884): 3
LogDevObjectVersion:   Dev-LoadTimes (C2A15278-BFE7-4AFE-6C17-90FF531DF755): 1
LogDevObjectVersion:   Private-Geometry (6EACA3D4-40EC-4CC1-B786-8BED09428FC5): 3
LogDevObjectVersion:   Dev-AnimPhys (29E575DD-E0A3-4627-9D10-D276232CDCEA): 17
LogDevObjectVersion:   Dev-Anim (AF43A65D-7FD3-4947-9873-3E8ED9C1BB05): 7
LogDevObjectVersion:   Dev-ReflectionCapture (6B266CEC-1EC7-4B8F-A30B-E4D90942FC07): 1
LogDevObjectVersion:   Dev-Automation (0DF73D61-A23F-47EA-B727-89E90C41499A): 1
LogDevObjectVersion:   FortniteMain (601D1886-AC64-4F84-AA16-D3DE0DEAC7D6): 31
LogDevObjectVersion:   Dev-Enterprise (9DFFBCD6-494F-0158-E221-12823C92A888): 10
LogDevObjectVersion:   Dev-Niagara (F2AED0AC-9AFE-416F-8664-AA7FFA26D6FC): 1
LogDevObjectVersion:   Dev-Destruction (174F1F0B-B4C6-45A5-B13F-2EE8D0FB917D): 10
LogDevObjectVersion:   Dev-Physics-Ext (35F94A83-E258-406C-A318-09F59610247C): 37
LogDevObjectVersion:   Dev-PhysicsMaterial-Chaos (B68FC16E-8B1B-42E2-B453-215C058844FE): 1
LogDevObjectVersion:   Dev-CineCamera (B2E18506-4273-CFC2-A54E-F4BB758BBA07): 1
LogInit: Presizing for max 25165824 objects, including 0 objects not considered by GC, pre-allocating 0 bytes for permanent pool.
LogConfig: Applying CVar settings from Section [/Script/Engine.StreamingSettings] File [C:/Users/mxcol/Documents/Unreal Projects/CPP_TP2_Unreal/TP2_Unreal/Saved/Config/Windows/Engine.ini]
LogConfig: Setting CVar [[s.MinBulkDataSizeForAsyncLoading:131072]]
LogConfig: Setting CVar [[s.AsyncLoadingThreadEnabled:0]]
LogConfig: Setting CVar [[s.EventDrivenLoaderEnabled:1]]
LogConfig: Setting CVar [[s.WarnIfTimeLimitExceeded:0]]
LogConfig: Setting CVar [[s.TimeLimitExceededMultiplier:1.5]]
LogConfig: Setting CVar [[s.TimeLimitExceededMinTime:0.005]]
LogConfig: Setting CVar [[s.UseBackgroundLevelStreaming:1]]
LogConfig: Setting CVar [[s.PriorityAsyncLoadingExtraTime:15.0]]
LogConfig: Setting CVar [[s.LevelStreamingActorsUpdateTimeLimit:5.0]]
LogConfig: Setting CVar [[s.PriorityLevelStreamingActorsUpdateExtraTime:5.0]]
LogConfig: Setting CVar [[s.LevelStreamingComponentsRegistrationGranularity:10]]
LogConfig: Setting CVar [[s.UnregisterComponentsTimeLimit:1.0]]
LogConfig: Setting CVar [[s.LevelStreamingComponentsUnregistrationGranularity:5]]
LogConfig: Setting CVar [[s.FlushStreamingOnExit:1]]
LogInit: Object subsystem initialized
LogConfig: Setting CVar [[con.DebugEarlyDefault:1]]
LogConfig: Setting CVar [[r.setres:1280x720]]
[2020.11.24-11.10.58:089][  0]LogConfig: Setting CVar [[r.VSync:0]]
[2020.11.24-11.10.58:089][  0]LogConfig: Setting CVar [[r.RHICmdBypass:0]]
[2020.11.24-11.10.58:089][  0]LogConfig: Applying CVar settings from Section [/Script/Engine.RendererSettings] File [C:/Users/mxcol/Documents/Unreal Projects/CPP_TP2_Unreal/TP2_Unreal/Saved/Config/Windows/Engine.ini]
[2020.11.24-11.10.58:089][  0]LogConfig: Setting CVar [[r.GPUCrashDebugging:0]]
[2020.11.24-11.10.58:089][  0]LogConfig: Applying CVar settings from Section [/Script/Engine.RendererOverrideSettings] File [C:/Users/mxcol/Documents/Unreal Projects/CPP_TP2_Unreal/TP2_Unreal/Saved/Config/Windows/Engine.ini]
[2020.11.24-11.10.58:089][  0]LogConfig: Applying CVar settings from Section [/Script/Engine.StreamingSettings] File [C:/Users/mxcol/Documents/Unreal Projects/CPP_TP2_Unreal/TP2_Unreal/Saved/Config/Windows/Engine.ini]
[2020.11.24-11.10.58:089][  0]LogConfig: Setting CVar [[s.MinBulkDataSizeForAsyncLoading:131072]]
[2020.11.24-11.10.58:089][  0]LogConfig: Setting CVar [[s.AsyncLoadingThreadEnabled:0]]
[2020.11.24-11.10.58:089][  0]LogConfig: Setting CVar [[s.EventDrivenLoaderEnabled:1]]
[2020.11.24-11.10.58:089][  0]LogConfig: Setting CVar [[s.WarnIfTimeLimitExceeded:0]]
[2020.11.24-11.10.58:089][  0]LogConfig: Setting CVar [[s.TimeLimitExceededMultiplier:1.5]]
[2020.11.24-11.10.58:089][  0]LogConfig: Setting CVar [[s.TimeLimitExceededMinTime:0.005]]
[2020.11.24-11.10.58:089][  0]LogConfig: Setting CVar [[s.UseBackgroundLevelStreaming:1]]
[2020.11.24-11.10.58:089][  0]LogConfig: Setting CVar [[s.PriorityAsyncLoadingExtraTime:15.0]]
[2020.11.24-11.10.58:089][  0]LogConfig: Setting CVar [[s.LevelStreamingActorsUpdateTimeLimit:5.0]]
[2020.11.24-11.10.58:089][  0]LogConfig: Setting CVar [[s.PriorityLevelStreamingActorsUpdateExtraTime:5.0]]
[2020.11.24-11.10.58:089][  0]LogConfig: Setting CVar [[s.LevelStreamingComponentsRegistrationGranularity:10]]
[2020.11.24-11.10.58:089][  0]LogConfig: Setting CVar [[s.UnregisterComponentsTimeLimit:1.0]]
[2020.11.24-11.10.58:089][  0]LogConfig: Setting CVar [[s.LevelStreamingComponentsUnregistrationGranularity:5]]
[2020.11.24-11.10.58:089][  0]LogConfig: Setting CVar [[s.FlushStreamingOnExit:1]]
[2020.11.24-11.10.58:089][  0]LogConfig: Applying CVar settings from Section [/Script/Engine.GarbageCollectionSettings] File [C:/Users/mxcol/Documents/Unreal Projects/CPP_TP2_Unreal/TP2_Unreal/Saved/Config/Windows/Engine.ini]
[2020.11.24-11.10.58:089][  0]LogConfig: Setting CVar [[gc.MaxObjectsNotConsideredByGC:1]]
[2020.11.24-11.10.58:089][  0]LogConfig: Setting CVar [[gc.SizeOfPermanentObjectPool:0]]
[2020.11.24-11.10.58:089][  0]LogConfig: Setting CVar [[gc.FlushStreamingOnGC:0]]
[2020.11.24-11.10.58:089][  0]LogConfig: Setting CVar [[gc.NumRetriesBeforeForcingGC:10]]
[2020.11.24-11.10.58:089][  0]LogConfig: Setting CVar [[gc.AllowParallelGC:1]]
[2020.11.24-11.10.58:089][  0]LogConfig: Setting CVar [[gc.TimeBetweenPurgingPendingKillObjects:61.1]]
[2020.11.24-11.10.58:089][  0]LogConfig: Setting CVar [[gc.MaxObjectsInEditor:25165824]]
[2020.11.24-11.10.58:089][  0]LogConfig: Setting CVar [[gc.IncrementalBeginDestroyEnabled:1]]
[2020.11.24-11.10.58:089][  0]LogConfig: Setting CVar [[gc.CreateGCClusters:1]]
[2020.11.24-11.10.58:089][  0]LogConfig: Setting CVar [[gc.MinGCClusterSize:5]]
[2020.11.24-11.10.58:089][  0]LogConfig: Setting CVar [[gc.ActorClusteringEnabled:0]]
[2020.11.24-11.10.58:089][  0]LogConfig: Setting CVar [[gc.BlueprintClusteringEnabled:0]]
[2020.11.24-11.10.58:089][  0]LogConfig: Setting CVar [[gc.UseDisregardForGCOnDedicatedServers:0]]
[2020.11.24-11.10.58:089][  0]LogConfig: Applying CVar settings from Section [/Script/Engine.NetworkSettings] File [C:/Users/mxcol/Documents/Unreal Projects/CPP_TP2_Unreal/TP2_Unreal/Saved/Config/Windows/Engine.ini]
[2020.11.24-11.10.58:089][  0]LogConfig: Applying CVar settings from Section [/Script/UnrealEd.CookerSettings] File [C:/Users/mxcol/Documents/Unreal Projects/CPP_TP2_Unreal/TP2_Unreal/Saved/Config/Windows/Engine.ini]
[2020.11.24-11.10.58:092][  0]LogConfig: Applying CVar settings from Section [ViewDistanceQuality@3] File [C:/Users/mxcol/Documents/Unreal Projects/CPP_TP2_Unreal/TP2_Unreal/Saved/Config/Windows/Scalability.ini]
[2020.11.24-11.10.58:092][  0]LogConfig: Setting CVar [[r.SkeletalMeshLODBias:0]]
[2020.11.24-11.10.58:092][  0]LogConfig: Setting CVar [[r.ViewDistanceScale:1.0]]
[2020.11.24-11.10.58:092][  0]LogConfig: Applying CVar settings from Section [AntiAliasingQuality@3] File [C:/Users/mxcol/Documents/Unreal Projects/CPP_TP2_Unreal/TP2_Unreal/Saved/Config/Windows/Scalability.ini]
[2020.11.24-11.10.58:092][  0]LogConfig: Setting CVar [[r.PostProcessAAQuality:4]]
[2020.11.24-11.10.58:092][  0]LogConfig: Applying CVar settings from Section [ShadowQuality@3] File [C:/Users/mxcol/Documents/Unreal Projects/CPP_TP2_Unreal/TP2_Unreal/Saved/Config/Windows/Scalability.ini]
[2020.11.24-11.10.58:092][  0]LogConfig: Setting CVar [[r.LightFunctionQuality:1]]
[2020.11.24-11.10.58:092][  0]LogConfig: Setting CVar [[r.ShadowQuality:5]]
[2020.11.24-11.10.58:092][  0]LogConfig: Setting CVar [[r.Shadow.CSM.MaxCascades:10]]
[2020.11.24-11.10.58:092][  0]LogConfig: Setting CVar [[r.Shadow.MaxResolution:2048]]
[2020.11.24-11.10.58:092][  0]LogConfig: Setting CVar [[r.Shadow.MaxCSMResolution:2048]]
[2020.11.24-11.10.58:092][  0]LogConfig: Setting CVar [[r.Shadow.RadiusThreshold:0.01]]
[2020.11.24-11.10.58:092][  0]LogConfig: Setting CVar [[r.Shadow.DistanceScale:1.0]]
[2020.11.24-11.10.58:093][  0]LogConfig: Setting CVar [[r.Shadow.CSM.TransitionScale:1.0]]
[2020.11.24-11.10.58:093][  0]LogConfig: Setting CVar [[r.Shadow.PreShadowResolutionFactor:1.0]]
[2020.11.24-11.10.58:093][  0]LogConfig: Setting CVar [[r.DistanceFieldShadowing:1]]
[2020.11.24-11.10.58:093][  0]LogConfig: Setting CVar [[r.DistanceFieldAO:1]]
[2020.11.24-11.10.58:093][  0]LogConfig: Setting CVar [[r.AOQuality:2]]
[2020.11.24-11.10.58:093][  0]LogConfig: Setting CVar [[r.VolumetricFog:1]]
[2020.11.24-11.10.58:093][  0]LogConfig: Setting CVar [[r.VolumetricFog.GridPixelSize:8]]
[2020.11.24-11.10.58:093][  0]LogConfig: Setting CVar [[r.VolumetricFog.GridSizeZ:128]]
[2020.11.24-11.10.58:093][  0]LogConfig: Setting CVar [[r.VolumetricFog.HistoryMissSupersampleCount:4]]
[2020.11.24-11.10.58:093][  0]LogConfig: Setting CVar [[r.LightMaxDrawDistanceScale:1]]
[2020.11.24-11.10.58:093][  0]LogConfig: Setting CVar [[r.CapsuleShadows:1]]
[2020.11.24-11.10.58:093][  0]LogConfig: Applying CVar settings from Section [PostProcessQuality@3] File [C:/Users/mxcol/Documents/Unreal Projects/CPP_TP2_Unreal/TP2_Unreal/Saved/Config/Windows/Scalability.ini]
[2020.11.24-11.10.58:093][  0]LogConfig: Setting CVar [[r.MotionBlurQuality:4]]
[2020.11.24-11.10.58:093][  0]LogConfig: Setting CVar [[r.AmbientOcclusionMipLevelFactor:0.4]]
[2020.11.24-11.10.58:093][  0]LogConfig: Setting CVar [[r.AmbientOcclusionMaxQuality:100]]
[2020.11.24-11.10.58:093][  0]LogConfig: Setting CVar [[r.AmbientOcclusionLevels:-1]]
[2020.11.24-11.10.58:093][  0]LogConfig: Setting CVar [[r.AmbientOcclusionRadiusScale:1.0]]
[2020.11.24-11.10.58:093][  0]LogConfig: Setting CVar [[r.DepthOfFieldQuality:2]]
[2020.11.24-11.10.58:093][  0]LogConfig: Setting CVar [[r.RenderTargetPoolMin:400]]
[2020.11.24-11.10.58:093][  0]LogConfig: Setting CVar [[r.LensFlareQuality:2]]
[2020.11.24-11.10.58:093][  0]LogConfig: Setting CVar [[r.SceneColorFringeQuality:1]]
[2020.11.24-11.10.58:093][  0]LogConfig: Setting CVar [[r.EyeAdaptationQuality:2]]
[2020.11.24-11.10.58:093][  0]LogConfig: Setting CVar [[r.BloomQuality:5]]
[2020.11.24-11.10.58:093][  0]LogConfig: Setting CVar [[r.FastBlurThreshold:100]]
[2020.11.24-11.10.58:093][  0]LogConfig: Setting CVar [[r.Upscale.Quality:3]]
[2020.11.24-11.10.58:093][  0]LogConfig: Setting CVar [[r.Tonemapper.GrainQuantization:1]]
[2020.11.24-11.10.58:093][  0]LogConfig: Setting CVar [[r.LightShaftQuality:1]]
[2020.11.24-11.10.58:093][  0]LogConfig: Setting CVar [[r.Filter.SizeScale:1]]
[2020.11.24-11.10.58:093][  0]LogConfig: Setting CVar [[r.Tonemapper.Quality:5]]
[2020.11.24-11.10.58:093][  0]LogConfig: Setting CVar [[r.DOF.Gather.AccumulatorQuality:1        ; higher gathering accumulator quality]]
[2020.11.24-11.10.58:093][  0]LogConfig: Setting CVar [[r.DOF.Gather.PostfilterMethod:1          ; Median3x3 postfilering method]]
[2020.11.24-11.10.58:093][  0]LogConfig: Setting CVar [[r.DOF.Gather.EnableBokehSettings:0       ; no bokeh simulation when gathering]]
[2020.11.24-11.10.58:093][  0]LogConfig: Setting CVar [[r.DOF.Gather.RingCount:4                 ; medium number of samples when gathering]]
[2020.11.24-11.10.58:093][  0]LogConfig: Setting CVar [[r.DOF.Scatter.ForegroundCompositing:1    ; additive foreground scattering]]
[2020.11.24-11.10.58:093][  0]LogConfig: Setting CVar [[r.DOF.Scatter.BackgroundCompositing:2    ; additive background scattering]]
[2020.11.24-11.10.58:093][  0]LogConfig: Setting CVar [[r.DOF.Scatter.EnableBokehSettings:1      ; bokeh simulation when scattering]]
[2020.11.24-11.10.58:093][  0]LogConfig: Setting CVar [[r.DOF.Scatter.MaxSpriteRatio:0.1         ; only a maximum of 10% of scattered bokeh]]
[2020.11.24-11.10.58:093][  0]LogConfig: Setting CVar [[r.DOF.Recombine.Quality:1                ; cheap slight out of focus]]
[2020.11.24-11.10.58:093][  0]LogConfig: Setting CVar [[r.DOF.Recombine.EnableBokehSettings:0    ; no bokeh simulation on slight out of focus]]
[2020.11.24-11.10.58:093][  0]LogConfig: Setting CVar [[r.DOF.TemporalAAQuality:1                ; more stable temporal accumulation]]
[2020.11.24-11.10.58:093][  0]LogConfig: Setting CVar [[r.DOF.Kernel.MaxForegroundRadius:0.025]]
[2020.11.24-11.10.58:093][  0]LogConfig: Setting CVar [[r.DOF.Kernel.MaxBackgroundRadius:0.025]]
[2020.11.24-11.10.58:093][  0]LogConfig: Applying CVar settings from Section [TextureQuality@3] File [C:/Users/mxcol/Documents/Unreal Projects/CPP_TP2_Unreal/TP2_Unreal/Saved/Config/Windows/Scalability.ini]
[2020.11.24-11.10.58:093][  0]LogConfig: Setting CVar [[r.Streaming.MipBias:0]]
[2020.11.24-11.10.58:093][  0]LogConfig: Setting CVar [[r.Streaming.AmortizeCPUToGPUCopy:0]]
[2020.11.24-11.10.58:093][  0]LogConfig: Setting CVar [[r.Streaming.MaxNumTexturesToStreamPerFrame:0]]
[2020.11.24-11.10.58:093][  0]LogConfig: Setting CVar [[r.Streaming.Boost:1]]
[2020.11.24-11.10.58:093][  0]LogConfig: Setting CVar [[r.MaxAnisotropy:8]]
[2020.11.24-11.10.58:093][  0]LogConfig: Setting CVar [[r.VT.MaxAnisotropy:8]]
[2020.11.24-11.10.58:093][  0]LogConfig: Setting CVar [[r.Streaming.LimitPoolSizeToVRAM:0]]
[2020.11.24-11.10.58:093][  0]LogConfig: Setting CVar [[r.Streaming.PoolSize:1000]]
[2020.11.24-11.10.58:093][  0]LogConfig: Setting CVar [[r.Streaming.MaxEffectiveScreenSize:0]]
[2020.11.24-11.10.58:093][  0]LogConfig: Applying CVar settings from Section [EffectsQuality@3] File [C:/Users/mxcol/Documents/Unreal Projects/CPP_TP2_Unreal/TP2_Unreal/Saved/Config/Windows/Scalability.ini]
[2020.11.24-11.10.58:093][  0]LogConfig: Setting CVar [[r.TranslucencyLightingVolumeDim:64]]
[2020.11.24-11.10.58:093][  0]LogConfig: Setting CVar [[r.RefractionQuality:2]]
[2020.11.24-11.10.58:093][  0]LogConfig: Setting CVar [[r.SSR.Quality:3]]
[2020.11.24-11.10.58:093][  0]LogConfig: Setting CVar [[r.SSR.HalfResSceneColor:0]]
[2020.11.24-11.10.58:093][  0]LogConfig: Setting CVar [[r.SceneColorFormat:4]]
[2020.11.24-11.10.58:093][  0]LogConfig: Setting CVar [[r.DetailMode:2]]
[2020.11.24-11.10.58:093][  0]LogConfig: Setting CVar [[r.TranslucencyVolumeBlur:1]]
[2020.11.24-11.10.58:093][  0]LogConfig: Setting CVar [[r.MaterialQualityLevel:1 ; High quality]]
[2020.11.24-11.10.58:093][  0]LogConfig: Setting CVar [[r.SSS.Scale:1]]
[2020.11.24-11.10.58:093][  0]LogConfig: Setting CVar [[r.SSS.SampleSet:2]]
[2020.11.24-11.10.58:093][  0]LogConfig: Setting CVar [[r.SSS.Quality:1]]
[2020.11.24-11.10.58:093][  0]LogConfig: Setting CVar [[r.SSS.HalfRes:0]]
[2020.11.24-11.10.58:093][  0]LogConfig: Setting CVar [[r.SSGI.Quality:3]]
[2020.11.24-11.10.58:093][  0]LogConfig: Setting CVar [[r.EmitterSpawnRateScale:1.0]]
[2020.11.24-11.10.58:093][  0]LogConfig: Setting CVar [[r.ParticleLightQuality:2]]
[2020.11.24-11.10.58:093][  0]LogConfig: Setting CVar [[r.SkyAtmosphere.AerialPerspectiveLUT.FastApplyOnOpaque:1 ; Always have FastSkyLUT 1 in this case to avoid wrong sky]]
[2020.11.24-11.10.58:093][  0]LogConfig: Setting CVar [[r.SkyAtmosphere.AerialPerspectiveLUT.SampleCountPerSlice:1]]
[2020.11.24-11.10.58:093][  0]LogConfig: Setting CVar [[r.SkyAtmosphere.AerialPerspectiveLUT.DepthResolution:16.0]]
[2020.11.24-11.10.58:093][  0]LogConfig: Setting CVar [[r.SkyAtmosphere.FastSkyLUT:1]]
[2020.11.24-11.10.58:093][  0]LogConfig: Setting CVar [[r.SkyAtmosphere.FastSkyLUT.SampleCountMin:4.0]]
[2020.11.24-11.10.58:093][  0]LogConfig: Setting CVar [[r.SkyAtmosphere.FastSkyLUT.SampleCountMax:32.0]]
[2020.11.24-11.10.58:093][  0]LogConfig: Setting CVar [[r.SkyAtmosphere.SampleCountMin:4.0]]
[2020.11.24-11.10.58:093][  0]LogConfig: Setting CVar [[r.SkyAtmosphere.SampleCountMax:32.0]]
[2020.11.24-11.10.58:093][  0]LogConfig: Setting CVar [[r.SkyAtmosphere.TransmittanceLUT.UseSmallFormat:0]]
[2020.11.24-11.10.58:093][  0]LogConfig: Setting CVar [[r.SkyAtmosphere.TransmittanceLUT.SampleCount:10.0]]
[2020.11.24-11.10.58:093][  0]LogConfig: Setting CVar [[r.SkyAtmosphere.MultiScatteringLUT.SampleCount:15.0]]
[2020.11.24-11.10.58:093][  0]LogConfig: Applying CVar settings from Section [FoliageQuality@3] File [C:/Users/mxcol/Documents/Unreal Projects/CPP_TP2_Unreal/TP2_Unreal/Saved/Config/Windows/Scalability.ini]
[2020.11.24-11.10.58:094][  0]LogConfig: Setting CVar [[foliage.DensityScale:1.0]]
[2020.11.24-11.10.58:094][  0]LogConfig: Setting CVar [[grass.DensityScale:1.0]]
[2020.11.24-11.10.58:094][  0]LogConfig: Applying CVar settings from Section [ShadingQuality@3] File [C:/Users/mxcol/Documents/Unreal Projects/CPP_TP2_Unreal/TP2_Unreal/Saved/Config/Windows/Scalability.ini]
[2020.11.24-11.10.58:094][  0]LogConfig: Setting CVar [[r.HairStrands.SkyLighting.SampleCount:16]]
[2020.11.24-11.10.58:094][  0]LogConfig: Setting CVar [[r.HairStrands.SkyLighting.JitterIntegration:0]]
[2020.11.24-11.10.58:094][  0]LogConfig: Setting CVar [[r.HairStrands.SkyAO.SampleCount:16]]
[2020.11.24-11.10.58:094][  0]LogConfig: Setting CVar [[r.HairStrands.DeepShadow.SuperSampling:0]]
[2020.11.24-11.10.58:094][  0]LogConfig: Setting CVar [[r.HairStrands.VisibilityPPLL:0]]
[2020.11.24-11.10.58:094][  0]LogConfig: Setting CVar [[r.HairStrands.RasterizationScale:0.5]]
[2020.11.24-11.10.58:094][  0]LogConfig: Setting CVar [[r.HairStrands.VelocityRasterizationScale:1]]
[2020.11.24-11.10.58:094][  0]LogInit: Selected Device Profile: [Windows]
[2020.11.24-11.10.58:094][  0]LogInit: Applying CVar settings loaded from the selected device profile: [Windows]
[2020.11.24-11.10.58:094][  0]LogHAL: Display: Platform has ~ 16 GB [16954834944 / 17179869184 / 16], which maps to Larger [LargestMinGB=32, LargerMinGB=12, DefaultMinGB=8, SmallerMinGB=6, SmallestMinGB=0)
[2020.11.24-11.10.58:094][  0]LogInit: Going up to parent DeviceProfile []
[2020.11.24-11.10.58:094][  0]LogConfig: Applying CVar settings from Section [ViewDistanceQuality@3] File [C:/Users/mxcol/Documents/Unreal Projects/CPP_TP2_Unreal/TP2_Unreal/Saved/Config/Windows/Scalability.ini]
[2020.11.24-11.10.58:094][  0]LogConfig: Setting CVar [[r.SkeletalMeshLODBias:0]]
[2020.11.24-11.10.58:094][  0]LogConfig: Setting CVar [[r.ViewDistanceScale:1.0]]
[2020.11.24-11.10.58:094][  0]LogConfig: Applying CVar settings from Section [AntiAliasingQuality@3] File [C:/Users/mxcol/Documents/Unreal Projects/CPP_TP2_Unreal/TP2_Unreal/Saved/Config/Windows/Scalability.ini]
[2020.11.24-11.10.58:094][  0]LogConfig: Setting CVar [[r.PostProcessAAQuality:4]]
[2020.11.24-11.10.58:094][  0]LogConfig: Applying CVar settings from Section [ShadowQuality@3] File [C:/Users/mxcol/Documents/Unreal Projects/CPP_TP2_Unreal/TP2_Unreal/Saved/Config/Windows/Scalability.ini]
[2020.11.24-11.10.58:094][  0]LogConfig: Setting CVar [[r.LightFunctionQuality:1]]
[2020.11.24-11.10.58:094][  0]LogConfig: Setting CVar [[r.ShadowQuality:5]]
[2020.11.24-11.10.58:094][  0]LogConfig: Setting CVar [[r.Shadow.CSM.MaxCascades:10]]
[2020.11.24-11.10.58:094][  0]LogConfig: Setting CVar [[r.Shadow.MaxResolution:2048]]
[2020.11.24-11.10.58:094][  0]LogConfig: Setting CVar [[r.Shadow.MaxCSMResolution:2048]]
[2020.11.24-11.10.58:094][  0]LogConfig: Setting CVar [[r.Shadow.RadiusThreshold:0.01]]
[2020.11.24-11.10.58:094][  0]LogConfig: Setting CVar [[r.Shadow.DistanceScale:1.0]]
[2020.11.24-11.10.58:094][  0]LogConfig: Setting CVar [[r.Shadow.CSM.TransitionScale:1.0]]
[2020.11.24-11.10.58:094][  0]LogConfig: Setting CVar [[r.Shadow.PreShadowResolutionFactor:1.0]]
[2020.11.24-11.10.58:094][  0]LogConfig: Setting CVar [[r.DistanceFieldShadowing:1]]
[2020.11.24-11.10.58:094][  0]LogConfig: Setting CVar [[r.DistanceFieldAO:1]]
[2020.11.24-11.10.58:094][  0]LogConfig: Setting CVar [[r.AOQuality:2]]
[2020.11.24-11.10.58:094][  0]LogConfig: Setting CVar [[r.VolumetricFog:1]]
[2020.11.24-11.10.58:094][  0]LogConfig: Setting CVar [[r.VolumetricFog.GridPixelSize:8]]
[2020.11.24-11.10.58:094][  0]LogConfig: Setting CVar [[r.VolumetricFog.GridSizeZ:128]]
[2020.11.24-11.10.58:094][  0]LogConfig: Setting CVar [[r.VolumetricFog.HistoryMissSupersampleCount:4]]
[2020.11.24-11.10.58:094][  0]LogConfig: Setting CVar [[r.LightMaxDrawDistanceScale:1]]
[2020.11.24-11.10.58:094][  0]LogConfig: Setting CVar [[r.CapsuleShadows:1]]
[2020.11.24-11.10.58:094][  0]LogConfig: Applying CVar settings from Section [PostProcessQuality@3] File [C:/Users/mxcol/Documents/Unreal Projects/CPP_TP2_Unreal/TP2_Unreal/Saved/Config/Windows/Scalability.ini]
[2020.11.24-11.10.58:094][  0]LogConfig: Setting CVar [[r.MotionBlurQuality:4]]
[2020.11.24-11.10.58:094][  0]LogConfig: Setting CVar [[r.AmbientOcclusionMipLevelFactor:0.4]]
[2020.11.24-11.10.58:094][  0]LogConfig: Setting CVar [[r.AmbientOcclusionMaxQuality:100]]
[2020.11.24-11.10.58:094][  0]LogConfig: Setting CVar [[r.AmbientOcclusionLevels:-1]]
[2020.11.24-11.10.58:094][  0]LogConfig: Setting CVar [[r.AmbientOcclusionRadiusScale:1.0]]
[2020.11.24-11.10.58:094][  0]LogConfig: Setting CVar [[r.DepthOfFieldQuality:2]]
[2020.11.24-11.10.58:094][  0]LogConfig: Setting CVar [[r.RenderTargetPoolMin:400]]
[2020.11.24-11.10.58:094][  0]LogConfig: Setting CVar [[r.LensFlareQuality:2]]
[2020.11.24-11.10.58:094][  0]LogConfig: Setting CVar [[r.SceneColorFringeQuality:1]]
[2020.11.24-11.10.58:094][  0]LogConfig: Setting CVar [[r.EyeAdaptationQuality:2]]
[2020.11.24-11.10.58:094][  0]LogConfig: Setting CVar [[r.BloomQuality:5]]
[2020.11.24-11.10.58:094][  0]LogConfig: Setting CVar [[r.FastBlurThreshold:100]]
[2020.11.24-11.10.58:094][  0]LogConfig: Setting CVar [[r.Upscale.Quality:3]]
[2020.11.24-11.10.58:094][  0]LogConfig: Setting CVar [[r.Tonemapper.GrainQuantization:1]]
[2020.11.24-11.10.58:094][  0]LogConfig: Setting CVar [[r.LightShaftQuality:1]]
[2020.11.24-11.10.58:094][  0]LogConfig: Setting CVar [[r.Filter.SizeScale:1]]
[2020.11.24-11.10.58:094][  0]LogConfig: Setting CVar [[r.Tonemapper.Quality:5]]
[2020.11.24-11.10.58:094][  0]LogConfig: Setting CVar [[r.DOF.Gather.AccumulatorQuality:1        ; higher gathering accumulator quality]]
[2020.11.24-11.10.58:094][  0]LogConfig: Setting CVar [[r.DOF.Gather.PostfilterMethod:1          ; Median3x3 postfilering method]]
[2020.11.24-11.10.58:094][  0]LogConfig: Setting CVar [[r.DOF.Gather.EnableBokehSettings:0       ; no bokeh simulation when gathering]]
[2020.11.24-11.10.58:094][  0]LogConfig: Setting CVar [[r.DOF.Gather.RingCount:4                 ; medium number of samples when gathering]]
[2020.11.24-11.10.58:094][  0]LogConfig: Setting CVar [[r.DOF.Scatter.ForegroundCompositing:1    ; additive foreground scattering]]
[2020.11.24-11.10.58:094][  0]LogConfig: Setting CVar [[r.DOF.Scatter.BackgroundCompositing:2    ; additive background scattering]]
[2020.11.24-11.10.58:094][  0]LogConfig: Setting CVar [[r.DOF.Scatter.EnableBokehSettings:1      ; bokeh simulation when scattering]]
[2020.11.24-11.10.58:094][  0]LogConfig: Setting CVar [[r.DOF.Scatter.MaxSpriteRatio:0.1         ; only a maximum of 10% of scattered bokeh]]
[2020.11.24-11.10.58:094][  0]LogConfig: Setting CVar [[r.DOF.Recombine.Quality:1                ; cheap slight out of focus]]
[2020.11.24-11.10.58:094][  0]LogConfig: Setting CVar [[r.DOF.Recombine.EnableBokehSettings:0    ; no bokeh simulation on slight out of focus]]
[2020.11.24-11.10.58:094][  0]LogConfig: Setting CVar [[r.DOF.TemporalAAQuality:1                ; more stable temporal accumulation]]
[2020.11.24-11.10.58:094][  0]LogConfig: Setting CVar [[r.DOF.Kernel.MaxForegroundRadius:0.025]]
[2020.11.24-11.10.58:094][  0]LogConfig: Setting CVar [[r.DOF.Kernel.MaxBackgroundRadius:0.025]]
[2020.11.24-11.10.58:094][  0]LogConfig: Applying CVar settings from Section [TextureQuality@3] File [C:/Users/mxcol/Documents/Unreal Projects/CPP_TP2_Unreal/TP2_Unreal/Saved/Config/Windows/Scalability.ini]
[2020.11.24-11.10.58:094][  0]LogConfig: Setting CVar [[r.Streaming.MipBias:0]]
[2020.11.24-11.10.58:094][  0]LogConfig: Setting CVar [[r.Streaming.AmortizeCPUToGPUCopy:0]]
[2020.11.24-11.10.58:095][  0]LogConfig: Setting CVar [[r.Streaming.MaxNumTexturesToStreamPerFrame:0]]
[2020.11.24-11.10.58:095][  0]LogConfig: Setting CVar [[r.Streaming.Boost:1]]
[2020.11.24-11.10.58:095][  0]LogConfig: Setting CVar [[r.MaxAnisotropy:8]]
[2020.11.24-11.10.58:095][  0]LogConfig: Setting CVar [[r.VT.MaxAnisotropy:8]]
[2020.11.24-11.10.58:095][  0]LogConfig: Setting CVar [[r.Streaming.LimitPoolSizeToVRAM:0]]
[2020.11.24-11.10.58:095][  0]LogConfig: Setting CVar [[r.Streaming.PoolSize:1000]]
[2020.11.24-11.10.58:095][  0]LogConfig: Setting CVar [[r.Streaming.MaxEffectiveScreenSize:0]]
[2020.11.24-11.10.58:095][  0]LogConfig: Applying CVar settings from Section [EffectsQuality@3] File [C:/Users/mxcol/Documents/Unreal Projects/CPP_TP2_Unreal/TP2_Unreal/Saved/Config/Windows/Scalability.ini]
[2020.11.24-11.10.58:095][  0]LogConfig: Setting CVar [[r.TranslucencyLightingVolumeDim:64]]
[2020.11.24-11.10.58:095][  0]LogConfig: Setting CVar [[r.RefractionQuality:2]]
[2020.11.24-11.10.58:095][  0]LogConfig: Setting CVar [[r.SSR.Quality:3]]
[2020.11.24-11.10.58:095][  0]LogConfig: Setting CVar [[r.SSR.HalfResSceneColor:0]]
[2020.11.24-11.10.58:095][  0]LogConfig: Setting CVar [[r.SceneColorFormat:4]]
[2020.11.24-11.10.58:095][  0]LogConfig: Setting CVar [[r.DetailMode:2]]
[2020.11.24-11.10.58:095][  0]LogConfig: Setting CVar [[r.TranslucencyVolumeBlur:1]]
[2020.11.24-11.10.58:095][  0]LogConfig: Setting CVar [[r.MaterialQualityLevel:1 ; High quality]]
[2020.11.24-11.10.58:095][  0]LogConfig: Setting CVar [[r.SSS.Scale:1]]
[2020.11.24-11.10.58:095][  0]LogConfig: Setting CVar [[r.SSS.SampleSet:2]]
[2020.11.24-11.10.58:095][  0]LogConfig: Setting CVar [[r.SSS.Quality:1]]
[2020.11.24-11.10.58:095][  0]LogConfig: Setting CVar [[r.SSS.HalfRes:0]]
[2020.11.24-11.10.58:095][  0]LogConfig: Setting CVar [[r.SSGI.Quality:3]]
[2020.11.24-11.10.58:095][  0]LogConfig: Setting CVar [[r.EmitterSpawnRateScale:1.0]]
[2020.11.24-11.10.58:095][  0]LogConfig: Setting CVar [[r.ParticleLightQuality:2]]
[2020.11.24-11.10.58:095][  0]LogConfig: Setting CVar [[r.SkyAtmosphere.AerialPerspectiveLUT.FastApplyOnOpaque:1 ; Always have FastSkyLUT 1 in this case to avoid wrong sky]]
[2020.11.24-11.10.58:095][  0]LogConfig: Setting CVar [[r.SkyAtmosphere.AerialPerspectiveLUT.SampleCountPerSlice:1]]
[2020.11.24-11.10.58:095][  0]LogConfig: Setting CVar [[r.SkyAtmosphere.AerialPerspectiveLUT.DepthResolution:16.0]]
[2020.11.24-11.10.58:095][  0]LogConfig: Setting CVar [[r.SkyAtmosphere.FastSkyLUT:1]]
[2020.11.24-11.10.58:095][  0]LogConfig: Setting CVar [[r.SkyAtmosphere.FastSkyLUT.SampleCountMin:4.0]]
[2020.11.24-11.10.58:095][  0]LogConfig: Setting CVar [[r.SkyAtmosphere.FastSkyLUT.SampleCountMax:32.0]]
[2020.11.24-11.10.58:095][  0]LogConfig: Setting CVar [[r.SkyAtmosphere.SampleCountMin:4.0]]
[2020.11.24-11.10.58:095][  0]LogConfig: Setting CVar [[r.SkyAtmosphere.SampleCountMax:32.0]]
[2020.11.24-11.10.58:095][  0]LogConfig: Setting CVar [[r.SkyAtmosphere.TransmittanceLUT.UseSmallFormat:0]]
[2020.11.24-11.10.58:095][  0]LogConfig: Setting CVar [[r.SkyAtmosphere.TransmittanceLUT.SampleCount:10.0]]
[2020.11.24-11.10.58:095][  0]LogConfig: Setting CVar [[r.SkyAtmosphere.MultiScatteringLUT.SampleCount:15.0]]
[2020.11.24-11.10.58:095][  0]LogConfig: Applying CVar settings from Section [FoliageQuality@3] File [C:/Users/mxcol/Documents/Unreal Projects/CPP_TP2_Unreal/TP2_Unreal/Saved/Config/Windows/Scalability.ini]
[2020.11.24-11.10.58:095][  0]LogConfig: Setting CVar [[foliage.DensityScale:1.0]]
[2020.11.24-11.10.58:095][  0]LogConfig: Setting CVar [[grass.DensityScale:1.0]]
[2020.11.24-11.10.58:095][  0]LogConfig: Applying CVar settings from Section [ShadingQuality@3] File [C:/Users/mxcol/Documents/Unreal Projects/CPP_TP2_Unreal/TP2_Unreal/Saved/Config/Windows/Scalability.ini]
[2020.11.24-11.10.58:095][  0]LogConfig: Setting CVar [[r.HairStrands.SkyLighting.SampleCount:16]]
[2020.11.24-11.10.58:095][  0]LogConfig: Setting CVar [[r.HairStrands.SkyLighting.JitterIntegration:0]]
[2020.11.24-11.10.58:095][  0]LogConfig: Setting CVar [[r.HairStrands.SkyAO.SampleCount:16]]
[2020.11.24-11.10.58:095][  0]LogConfig: Setting CVar [[r.HairStrands.DeepShadow.SuperSampling:0]]
[2020.11.24-11.10.58:095][  0]LogConfig: Setting CVar [[r.HairStrands.VisibilityPPLL:0]]
[2020.11.24-11.10.58:095][  0]LogConfig: Setting CVar [[r.HairStrands.RasterizationScale:0.5]]
[2020.11.24-11.10.58:095][  0]LogConfig: Setting CVar [[r.HairStrands.VelocityRasterizationScale:1]]
[2020.11.24-11.10.58:095][  0]LogConfig: Applying CVar settings from Section [Startup] File [../../../Engine/Config/ConsoleVariables.ini]
[2020.11.24-11.10.58:095][  0]LogConfig: Setting CVar [[net.UseAdaptiveNetUpdateFrequency:0]]
[2020.11.24-11.10.58:095][  0]LogConfig: Setting CVar [[p.chaos.AllowCreatePhysxBodies:1]]
[2020.11.24-11.10.58:095][  0]LogConfig: Setting CVar [[fx.SkipVectorVMBackendOptimizations:1]]
[2020.11.24-11.10.58:095][  0]LogConfig: Applying CVar settings from Section [ConsoleVariables] File [C:/Users/mxcol/Documents/Unreal Projects/CPP_TP2_Unreal/TP2_Unreal/Saved/Config/Windows/Engine.ini]
[2020.11.24-11.10.58:095][  0]LogInit: Computer: LAPTOP-26OCT9LN
[2020.11.24-11.10.58:095][  0]LogInit: User: mxcol
[2020.11.24-11.10.58:095][  0]LogInit: CPU Page size=4096, Cores=6
[2020.11.24-11.10.58:095][  0]LogInit: High frequency timer resolution =10.000000 MHz
[2020.11.24-11.10.58:096][  0]LogMemory: Memory total: Physical=15.8GB (16GB approx)
[2020.11.24-11.10.58:096][  0]LogMemory: Platform Memory Stats for Windows
[2020.11.24-11.10.58:096][  0]LogMemory: Process Physical Memory: 115.84 MB used, 115.85 MB peak
[2020.11.24-11.10.58:096][  0]LogMemory: Process Virtual Memory: 99.17 MB used, 99.17 MB peak
[2020.11.24-11.10.58:096][  0]LogMemory: Physical Memory: 8669.00 MB used,  7500.39 MB free, 16169.39 MB total
[2020.11.24-11.10.58:096][  0]LogMemory: Virtual Memory: 5167.14 MB used,  134212560.00 MB free, 134217728.00 MB total
[2020.11.24-11.10.58:134][  0]LogWindows: WindowsPlatformFeatures enabled
[2020.11.24-11.10.58:165][  0]LogInit: Physics initialised using underlying interface: PhysX
[2020.11.24-11.10.58:165][  0]LogInit: Using OS detected language (fr-FR).
[2020.11.24-11.10.58:166][  0]LogInit: Using OS detected locale (fr-FR).
[2020.11.24-11.10.58:169][  0]LogTextLocalizationManager: No specific localization for 'fr-FR' exists, so the 'fr' localization will be used.
[2020.11.24-11.10.58:169][  0]LogTextLocalizationResource: LocRes '../../../Engine/Content/Localization/Editor/fr/Editor.locres' could not be opened for reading!
[2020.11.24-11.10.58:169][  0]LogTextLocalizationResource: LocRes '../../../Engine/Content/Localization/EditorTutorials/fr/EditorTutorials.locres' could not be opened for reading!
[2020.11.24-11.10.58:169][  0]LogTextLocalizationResource: LocRes '../../../Engine/Content/Localization/Keywords/fr/Keywords.locres' could not be opened for reading!
[2020.11.24-11.10.58:169][  0]LogTextLocalizationResource: LocRes '../../../Engine/Content/Localization/Category/fr/Category.locres' could not be opened for reading!
[2020.11.24-11.10.58:169][  0]LogTextLocalizationResource: LocRes '../../../Engine/Content/Localization/ToolTips/fr/ToolTips.locres' could not be opened for reading!
[2020.11.24-11.10.58:169][  0]LogTextLocalizationResource: LocRes '../../../Engine/Content/Localization/PropertyNames/fr/PropertyNames.locres' could not be opened for reading!
[2020.11.24-11.10.58:169][  0]LogTextLocalizationResource: LocRes '../../../Engine/Content/Localization/Engine/fr/Engine.locres' could not be opened for reading!
[2020.11.24-11.10.58:170][  0]LogInit: Setting process to per monitor DPI aware
[2020.11.24-11.10.58:214][  0]LogSlate: New Slate User Created.  User Index 0, Is Virtual User: 0
[2020.11.24-11.10.58:215][  0]LogSlate: Slate User Registered.  User Index 0, Is Virtual User: 0
[2020.11.24-11.10.58:359][  0]LogHMD: Failed to initialize OpenVR with code 110
[2020.11.24-11.10.58:359][  0]LogD3D11RHI: D3D11 min allowed feature level: 11_0
[2020.11.24-11.10.58:359][  0]LogD3D11RHI: D3D11 max allowed feature level: 11_0
[2020.11.24-11.10.58:359][  0]LogD3D11RHI: D3D11 adapters:
[2020.11.24-11.10.58:446][  0]LogD3D11RHI:    0. 'NVIDIA GeForce RTX 2070' (Feature Level 11_0)
[2020.11.24-11.10.58:447][  0]LogD3D11RHI:       8031/0/8084 MB DedicatedVideo/DedicatedSystem/SharedSystem, Outputs:2, VendorId:0x10de
[2020.11.24-11.10.58:470][  0]LogD3D11RHI:    1. 'Intel(R) UHD Graphics' (Feature Level 11_0)
[2020.11.24-11.10.58:470][  0]LogD3D11RHI:       128/0/8084 MB DedicatedVideo/DedicatedSystem/SharedSystem, Outputs:0, VendorId:0x8086
[2020.11.24-11.10.58:472][  0]LogD3D11RHI:    2. 'Microsoft Basic Render Driver' (Feature Level 11_0)
[2020.11.24-11.10.58:472][  0]LogD3D11RHI:       0/0/8084 MB DedicatedVideo/DedicatedSystem/SharedSystem, Outputs:0, VendorId:0x1414
[2020.11.24-11.10.58:472][  0]LogD3D11RHI: Chosen D3D11 Adapter: 0
[2020.11.24-11.10.58:490][  0]LogD3D11RHI: Creating new Direct3DDevice
[2020.11.24-11.10.58:490][  0]LogD3D11RHI:     GPU DeviceId: 0x1f14 (for the marketing name, search the web for "GPU Device Id")
[2020.11.24-11.10.58:490][  0]LogWindows: EnumDisplayDevices:
[2020.11.24-11.10.58:490][  0]LogWindows:    0. 'Intel(R) UHD Graphics' (P:1 D:1)
[2020.11.24-11.10.58:490][  0]LogWindows:    1. 'Intel(R) UHD Graphics' (P:0 D:0)
[2020.11.24-11.10.58:490][  0]LogWindows:    2. 'Intel(R) UHD Graphics' (P:0 D:0)
[2020.11.24-11.10.58:491][  0]LogWindows:    3. 'NVIDIA GeForce RTX 2070' (P:0 D:1)
[2020.11.24-11.10.58:491][  0]LogWindows:    4. 'NVIDIA GeForce RTX 2070' (P:0 D:0)
[2020.11.24-11.10.58:491][  0]LogWindows:    5. 'NVIDIA GeForce RTX 2070' (P:0 D:0)
[2020.11.24-11.10.58:491][  0]LogWindows:    6. 'NVIDIA GeForce RTX 2070' (P:0 D:0)
[2020.11.24-11.10.58:491][  0]LogWindows: DebugString: PrimaryIsNotTheChoosenAdapter PrimaryIsNotTheChoosenAdapter PrimaryIsNotTheChoosenAdapter FoundDriverCount:4 
[2020.11.24-11.10.58:491][  0]LogD3D11RHI:     Adapter Name: NVIDIA GeForce RTX 2070
[2020.11.24-11.10.58:491][  0]LogD3D11RHI:   Driver Version: 452.06 (internal:27.21.14.5206, unified:452.06)
[2020.11.24-11.10.58:491][  0]LogD3D11RHI:      Driver Date: 8-12-2020
[2020.11.24-11.10.58:491][  0]LogRHI: Texture pool is 5621 MB (70% of 8031 MB)
[2020.11.24-11.10.58:548][  0]LogD3D11RHI: RHI has support for 64 bit atomics
[2020.11.24-11.10.58:548][  0]LogD3D11RHI: Async texture creation enabled
[2020.11.24-11.10.58:548][  0]LogD3D11RHI: Array index from any shader is supported
[2020.11.24-11.10.58:580][  0]LogD3D11RHI: GPU Timing Frequency: 1000.000000 (Debug: 2 1)
[2020.11.24-11.10.58:843][  0]LogTargetPlatformManager: Display: Loaded TargetPlatform 'AllDesktop'
[2020.11.24-11.10.58:865][  0]LogTargetPlatformManager: Display: Loaded TargetPlatform 'Android'
[2020.11.24-11.10.58:865][  0]LogTargetPlatformManager: Display: Loaded TargetPlatform 'Android_ASTC'
[2020.11.24-11.10.58:865][  0]LogTargetPlatformManager: Display: Loaded TargetPlatform 'Android_DXT'
[2020.11.24-11.10.58:865][  0]LogTargetPlatformManager: Display: Loaded TargetPlatform 'Android_ETC2'
[2020.11.24-11.10.58:865][  0]LogTargetPlatformManager: Display: Loaded TargetPlatform 'AndroidClient'
[2020.11.24-11.10.58:865][  0]LogTargetPlatformManager: Display: Loaded TargetPlatform 'Android_ASTCClient'
[2020.11.24-11.10.58:865][  0]LogTargetPlatformManager: Display: Loaded TargetPlatform 'Android_DXTClient'
[2020.11.24-11.10.58:865][  0]LogTargetPlatformManager: Display: Loaded TargetPlatform 'Android_ETC2Client'
[2020.11.24-11.10.58:865][  0]LogTargetPlatformManager: Display: Loaded TargetPlatform 'Android_Multi'
[2020.11.24-11.10.58:865][  0]LogTargetPlatformManager: Display: Loaded TargetPlatform 'Android_MultiClient'
[2020.11.24-11.10.58:890][  0]LogTargetPlatformManager: Display: Loaded TargetPlatform 'IOSClient'
[2020.11.24-11.10.58:890][  0]LogTargetPlatformManager: Display: Loaded TargetPlatform 'IOS'
[2020.11.24-11.10.58:901][  0]LogTargetPlatformManager: Display: Loaded TargetPlatform 'Linux'
[2020.11.24-11.10.58:910][  0]LogTargetPlatformManager: Display: Loaded TargetPlatform 'LinuxNoEditor'
[2020.11.24-11.10.58:920][  0]LogTargetPlatformManager: Display: Loaded TargetPlatform 'LinuxClient'
[2020.11.24-11.10.58:930][  0]LogTargetPlatformManager: Display: Loaded TargetPlatform 'LinuxServer'
[2020.11.24-11.10.58:940][  0]LogTargetPlatformManager: Display: Loaded TargetPlatform 'LinuxAArch64NoEditor'
[2020.11.24-11.10.58:949][  0]LogTargetPlatformManager: Display: Loaded TargetPlatform 'LinuxAArch64Client'
[2020.11.24-11.10.58:959][  0]LogTargetPlatformManager: Display: Loaded TargetPlatform 'LinuxAArch64Server'
[2020.11.24-11.10.58:987][  0]LogTargetPlatformManager: Display: Loaded TargetPlatform 'Lumin'
[2020.11.24-11.10.58:987][  0]LogTargetPlatformManager: Display: Loaded TargetPlatform 'LuminClient'
[2020.11.24-11.10.59:004][  0]LogTargetPlatformManager: Display: Loaded TargetPlatform 'TVOSClient'
[2020.11.24-11.10.59:004][  0]LogTargetPlatformManager: Display: Loaded TargetPlatform 'TVOS'
[2020.11.24-11.10.59:013][  0]LogTargetPlatformManager: Display: Loaded TargetPlatform 'WindowsNoEditor'
[2020.11.24-11.10.59:023][  0]LogTargetPlatformManager: Display: Loaded TargetPlatform 'Windows'
[2020.11.24-11.10.59:033][  0]LogTargetPlatformManager: Display: Loaded TargetPlatform 'WindowsClient'
[2020.11.24-11.10.59:043][  0]LogTargetPlatformManager: Display: Loaded TargetPlatform 'WindowsServer'
[2020.11.24-11.10.59:043][  0]LogTargetPlatformManager: Display: Building Assets For Windows
[2020.11.24-11.10.59:050][  0]LogAudioDebug: Display: Lib vorbis DLL was dynamically loaded.
[2020.11.24-11.10.59:108][  0]LogShaderCompilers: Guid format shader working directory is -36 characters bigger than the processId version (../../../../../../Users/mxcol/Documents/Unreal Projects/CPP_TP2_Unreal/TP2_Unreal/Intermediate/Shaders/WorkingDirectory/13080/).
[2020.11.24-11.10.59:109][  0]LogShaderCompilers: Cleaned the shader compiler working directory 'C:/Users/mxcol/AppData/Local/Temp/UnrealShaderWorkingDir/45C3F4BF495ED5CB1CF8209DB3DC92E1/'.
[2020.11.24-11.10.59:110][  0]LogShaderCompilers: Display: Using XGE Shader Compiler (Interception Interface).
[2020.11.24-11.10.59:946][  0]LogDerivedDataCache: Display: Max Cache Size: 512 MB
[2020.11.24-11.10.59:996][  0]LogDerivedDataCache: Loaded boot cache 0.05s 79MB C:/Users/mxcol/AppData/Local/UnrealEngine/4.25/DerivedDataCache/Boot.ddc.
[2020.11.24-11.10.59:996][  0]LogDerivedDataCache: Display: Loaded Boot cache: C:/Users/mxcol/AppData/Local/UnrealEngine/4.25/DerivedDataCache/Boot.ddc
[2020.11.24-11.10.59:997][  0]LogDerivedDataCache: FDerivedDataBackendGraph:  Pak pak cache file ../../../../../../Users/mxcol/Documents/Unreal Projects/CPP_TP2_Unreal/TP2_Unreal/DerivedDataCache/DDC.ddp not found, will not use a pak cache.
[2020.11.24-11.10.59:997][  0]LogDerivedDataCache: Unable to find inner node Pak for hierarchical cache Hierarchy.
[2020.11.24-11.10.59:997][  0]LogDerivedDataCache: FDerivedDataBackendGraph:  CompressedPak pak cache file ../../../../../../Users/mxcol/Documents/Unreal Projects/CPP_TP2_Unreal/TP2_Unreal/DerivedDataCache/Compressed.ddp not found, will not use a pak cache.
[2020.11.24-11.10.59:997][  0]LogDerivedDataCache: Unable to find inner node CompressedPak for hierarchical cache Hierarchy.
[2020.11.24-11.11.00:009][  0]LogDerivedDataCache: Display: Pak cache opened for reading ../../../Engine/DerivedDataCache/Compressed.ddp.
[2020.11.24-11.11.00:009][  0]LogDerivedDataCache: FDerivedDataBackendGraph:  EnterprisePak pak cache file ../../../Enterprise/DerivedDataCache/Compressed.ddp not found, will not use a pak cache.
[2020.11.24-11.11.00:009][  0]LogDerivedDataCache: Unable to find inner node EnterprisePak for hierarchical cache Hierarchy.
[2020.11.24-11.11.00:010][  0]LogDerivedDataCache: Using Local data cache path C:/Users/mxcol/AppData/Local/UnrealEngine/Common/DerivedDataCache: Writable
[2020.11.24-11.11.00:010][  0]LogDerivedDataCache: Shared data cache path not found in *engine.ini, will not use an Shared cache.
[2020.11.24-11.11.00:010][  0]LogDerivedDataCache: Unable to find inner node Shared for hierarchical cache Hierarchy.
[2020.11.24-11.11.00:071][  0]LogSlate: Using FreeType 2.10.0
[2020.11.24-11.11.00:071][  0]LogSlate: SlateFontServices - WITH_FREETYPE: 1, WITH_HARFBUZZ: 1
[2020.11.24-11.11.00:096][  0]LogAssetRegistry: FAssetRegistry took 0.0026 seconds to start up
[2020.11.24-11.11.00:325][  0]LogInit: Selected Device Profile: [Windows]
[2020.11.24-11.11.00:441][  0]LogMeshReduction: Using QuadricMeshReduction for automatic static mesh reduction
[2020.11.24-11.11.00:441][  0]LogMeshReduction: Using SimplygonMeshReduction for automatic skeletal mesh reduction
[2020.11.24-11.11.00:441][  0]LogMeshReduction: Using ProxyLODMeshReduction for automatic mesh merging
[2020.11.24-11.11.00:441][  0]LogMeshReduction: No distributed automatic mesh merging module available
[2020.11.24-11.11.00:441][  0]LogMeshMerging: No distributed automatic mesh merging module available
[2020.11.24-11.11.00:457][  0]LogNetVersion: TP2_Unreal 1.0.0, NetCL: 13144385, EngineNetVer: 14, GameNetVer: 0 (Checksum: 3484905291)
[2020.11.24-11.11.00:899][  0]LogAISub: UAISubsystem::UAISubsystem AISubsystem (00000149613CE680), frame # 0
[2020.11.24-11.11.00:899][  0]LogAISub: UAISubsystem::UAISubsystem AIPerceptionSystem (000001496134BC40), frame # 0
[2020.11.24-11.11.00:901][  0]LogAISub: UAISubsystem::UAISubsystem EnvQueryManager (00000149613B5E00), frame # 0
[2020.11.24-11.11.00:956][  0]LogPackageLocalizationCache: Processed 19 localized package path(s) for 1 prioritized culture(s) in 0.049388 seconds
[2020.11.24-11.11.00:961][  0]LogUObjectArray: 15917 objects as part of root set at end of initial load.
[2020.11.24-11.11.00:961][  0]LogUObjectAllocator: 3965568 out of 0 bytes used by permanent object pool.
[2020.11.24-11.11.00:961][  0]LogUObjectArray: CloseDisregardForGC: 0/0 objects in disregard for GC pool
[2020.11.24-11.11.01:303][  0]LogTcpMessaging: Initializing TcpMessaging bridge
[2020.11.24-11.11.01:307][  0]LogUdpMessaging: Initializing bridge on interface 0.0.0.0:0 to multicast group 230.0.0.1:6666.
[2020.11.24-11.11.01:521][  0]SourceControl: Source control is disabled
[2020.11.24-11.11.01:521][  0]SourceControl: Source control is disabled
[2020.11.24-11.11.01:525][  0]SourceControl: Source control is disabled
[2020.11.24-11.11.01:527][  0]SourceControl: Source control is disabled
[2020.11.24-11.11.01:535][  0]SourceControl: Source control is disabled
[2020.11.24-11.11.01:777][  0]LogAndroidPermission: UAndroidPermissionCallbackProxy::GetInstance
[2020.11.24-11.11.01:798][  0]LogAudioCaptureCore: Display: No Audio Capture implementations found. Audio input will be silent.
[2020.11.24-11.11.01:798][  0]LogAudioCaptureCore: Display: No Audio Capture implementations found. Audio input will be silent.
[2020.11.24-11.11.01:850][  0]LogOcInput: OculusInput pre-init called
[2020.11.24-11.11.01:861][  0]LogWindows: Failed to load 'OVRPlugin.dll' (GetLastError=126)
[2020.11.24-11.11.01:861][  0]LogWindows: File 'OVRPlugin.dll' does not exist
[2020.11.24-11.11.01:926][  0]LogEngine: Initializing Engine...
[2020.11.24-11.11.01:927][  0]LogHMD: Failed to initialize OpenVR with code 110
[2020.11.24-11.11.01:927][  0]LogMagicLeap: Warning: VR disabled because ZI is not enabled.  To enable, in the editor, Edit -> Project Settings -> Plugins -> Magic Leap Plugin -> Enable Zero Iteration
[2020.11.24-11.11.01:928][  0]LogStats: UGameplayTagsManager::InitializeManager -  0.000 s
[2020.11.24-11.11.02:048][  0]LogInit: Initializing FReadOnlyCVARCache
[2020.11.24-11.11.02:056][  0]LogAIModule: Creating AISystem for world Untitled
[2020.11.24-11.11.02:056][  0]LogAISub: UAISubsystem::UAISubsystem EnvQueryManager (0000014968F19E00), frame # 0
[2020.11.24-11.11.02:056][  0]LogAISub: UAISubsystem::UAISubsystem AIPerceptionSystem (0000014968F51A80), frame # 0
[2020.11.24-11.11.02:076][  0]LogAudioMixer: Display: Audio Mixer Platform Settings:
[2020.11.24-11.11.02:076][  0]LogAudioMixer: Display: 	Sample Rate:						  48000
[2020.11.24-11.11.02:076][  0]LogAudioMixer: Display: 	Callback Buffer Frame Size Requested: 1024
[2020.11.24-11.11.02:076][  0]LogAudioMixer: Display: 	Callback Buffer Frame Size To Use:	  1024
[2020.11.24-11.11.02:076][  0]LogAudioMixer: Display: 	Number of buffers to queue:			  2
[2020.11.24-11.11.02:076][  0]LogAudioMixer: Display: 	Max Channels (voices):				  32
[2020.11.24-11.11.02:076][  0]LogAudioMixer: Display: 	Number of Async Source Workers:		  0
[2020.11.24-11.11.02:076][  0]LogAudio: Display: AudioDevice MaxSources: 32
[2020.11.24-11.11.02:076][  0]LogAudio: Display: Using built-in audio occlusion.
[2020.11.24-11.11.02:076][  0]LogAudioMixer: Display: Initializing audio mixer.
[2020.11.24-11.11.02:367][  0]LogAudioMixer: Display: 0: FrontLeft
[2020.11.24-11.11.02:368][  0]LogAudioMixer: Display: 1: FrontRight
[2020.11.24-11.11.02:368][  0]LogAudioMixer: Display: 2: FrontCenter
[2020.11.24-11.11.02:368][  0]LogAudioMixer: Display: 3: LowFrequency
[2020.11.24-11.11.02:368][  0]LogAudioMixer: Display: 4: BackLeft
[2020.11.24-11.11.02:368][  0]LogAudioMixer: Display: 5: BackRight
[2020.11.24-11.11.02:368][  0]LogAudioMixer: Display: 6: SideLeft
[2020.11.24-11.11.02:368][  0]LogAudioMixer: Display: 7: SideRight
[2020.11.24-11.11.02:620][  0]LogAudioMixer: Display: Using Audio Device Headphones (Realtek(R) Audio)
[2020.11.24-11.11.02:625][  0]LogAudioMixer: Display: Initializing Sound Submixes...
[2020.11.24-11.11.02:627][  0]LogAudioMixer: Display: Creating Master Submix 'MasterSubmixDefault'
[2020.11.24-11.11.02:627][  0]LogAudioMixer: Display: Creating Master Submix 'MasterReverbSubmixDefault'
[2020.11.24-11.11.02:628][  0]LogAudioMixer: Display: Creating Master Submix 'MasterEQSubmixDefault'
[2020.11.24-11.11.02:633][  0]LogInit: FAudioDevice initialized.
[2020.11.24-11.11.02:633][  0]LogNetVersion: Set ProjectVersion to 1.0.0.0. Version Checksum will be recalculated on next use.
[2020.11.24-11.11.02:682][  0]LogDerivedDataCache: Saved boot cache 0.05s 79MB C:/Users/mxcol/AppData/Local/UnrealEngine/4.25/DerivedDataCache/Boot.ddc.
[2020.11.24-11.11.02:686][  0]LogInit: Texture streaming: Enabled
[2020.11.24-11.11.02:698][  0]LogEngineSessionManager: EngineSessionManager initialized
[2020.11.24-11.11.02:698][  0]LogEditorSessionSummary: Verbose: Initializing EditorSessionSummaryWriter for editor session tracking
[2020.11.24-11.11.02:701][  0]LogEditorSessionSummary: EditorSessionSummaryWriter initialized
[2020.11.24-11.11.02:752][  0]LogInit: Transaction tracking system initialized
[2020.11.24-11.11.02:768][  0]BlueprintLog: New page: Editor Load
[2020.11.24-11.11.02:818][  0]LocalizationService: Localization service is disabled
[2020.11.24-11.11.02:934][  0]LogCook: Display: Max memory allowance for cook 16384mb min free memory 0mb
[2020.11.24-11.11.02:934][  0]LogCook: Display: Mobile HDR setting 1
[2020.11.24-11.11.03:027][  0]LogFileCache: Scanning file cache for directory 'C:/Users/mxcol/Documents/Unreal Projects/CPP_TP2_Unreal/TP2_Unreal/Content/' took 0.00s
[2020.11.24-11.11.03:268][  0]SourceControl: Source control is disabled
[2020.11.24-11.11.03:269][  0]LogUnrealEdMisc: Loading editor; pre map load, took 6.598
[2020.11.24-11.11.03:269][  0]Cmd: MAP LOAD FILE="../../../../../../Users/mxcol/Documents/Unreal Projects/CPP_TP2_Unreal/TP2_Unreal/Content/ThirdPersonCPP/Maps/ThirdPersonExampleMap.umap" TEMPLATE=0 SHOWPROGRESS=1 FEATURELEVEL=3
[2020.11.24-11.11.03:269][  0]LightingResults: New page: Lighting Build
[2020.11.24-11.11.03:270][  0]LogWorld: UWorld::CleanupWorld for Untitled, bSessionEnded=true, bCleanupResources=true
[2020.11.24-11.11.03:270][  0]LogSlate: InvalidateAllWidgets triggered.  All widgets were invalidated
[2020.11.24-11.11.03:270][  0]MapCheck: New page: Map Check
[2020.11.24-11.11.03:270][  0]LightingResults: New page: Lighting Build
[2020.11.24-11.11.03:283][  0]LogAISub: UAISubsystem::~UAISubsystem EnvQueryManager (0000014968F19E00), frame # 0
[2020.11.24-11.11.03:283][  0]LogAISub: UAISubsystem::~UAISubsystem AIPerceptionSystem (0000014968F51A80), frame # 0
[2020.11.24-11.11.03:284][  0]LogUObjectHash: Compacting FUObjectHashTables data took   0.82ms
[2020.11.24-11.11.03:351][  0]LogAIModule: Creating AISystem for world ThirdPersonExampleMap
[2020.11.24-11.11.03:351][  0]LogAISub: UAISubsystem::UAISubsystem EnvQueryManager (0000014951A25A00), frame # 0
[2020.11.24-11.11.03:351][  0]LogAISub: UAISubsystem::UAISubsystem AIPerceptionSystem (0000014960A90900), frame # 0
[2020.11.24-11.11.03:360][  0]LogEditorServer: Finished looking for orphan Actors (0.000 secs)
[2020.11.24-11.11.03:376][  0]LogUObjectHash: Compacting FUObjectHashTables data took   0.79ms
[2020.11.24-11.11.03:376][  0]Cmd: MAP CHECKDEP NOCLEARLOG
[2020.11.24-11.11.03:376][  0]MapCheck: Map check complete: 0 Error(s), 0 Warning(s), took 0,16ms to complete.
[2020.11.24-11.11.03:376][  0]LogFileHelpers: Loading map 'ThirdPersonExampleMap' took 0.107
[2020.11.24-11.11.03:378][  0]LogUnrealEdMisc: Total Editor Startup Time, took 6.707
[2020.11.24-11.11.03:504][  0]LogSlate: Updating window title bar state: overlay mode, drag disabled, window buttons hidden, title bar hidden
[2020.11.24-11.11.03:512][  0]LogSlate: Updating window title bar state: overlay mode, drag disabled, window buttons hidden, title bar hidden
[2020.11.24-11.11.03:519][  0]LogSlate: Updating window title bar state: overlay mode, drag disabled, window buttons hidden, title bar hidden
[2020.11.24-11.11.03:527][  0]LogSlate: Updating window title bar state: overlay mode, drag disabled, window buttons hidden, title bar hidden
[2020.11.24-11.11.03:533][  0]LogCollectionManager: Loaded 0 collections in 0.001611 seconds
[2020.11.24-11.11.03:549][  0]LogFileCache: Scanning file cache for directory 'C:/Users/mxcol/Documents/Unreal Projects/CPP_TP2_Unreal/TP2_Unreal/Saved/Collections/' took 0.00s
[2020.11.24-11.11.03:549][  0]LogFileCache: Scanning file cache for directory 'C:/Users/mxcol/Documents/Unreal Projects/CPP_TP2_Unreal/TP2_Unreal/Content/Developers/mxcol/Collections/' took 0.00s
[2020.11.24-11.11.03:549][  0]LogFileCache: Scanning file cache for directory 'C:/Users/mxcol/Documents/Unreal Projects/CPP_TP2_Unreal/TP2_Unreal/Content/Collections/' took 0.00s
[2020.11.24-11.11.03:549][  0]LogContentBrowser: Native class hierarchy populated in 0.0097 seconds. Added 3431 classes and 823 folders.
[2020.11.24-11.11.03:551][  0]LogContentBrowser: Native class hierarchy updated for 'WidgetCarousel' in 0.0003 seconds. Added 0 classes and 0 folders.
[2020.11.24-11.11.03:601][  0]LogContentBrowser: Native class hierarchy updated for 'AddContentDialog' in 0.0004 seconds. Added 0 classes and 0 folders.
[2020.11.24-11.11.03:602][  0]LogContentBrowser: Native class hierarchy updated for 'SceneOutliner' in 0.0003 seconds. Added 2 classes and 0 folders.
[2020.11.24-11.11.04:065][  0]LogContentBrowser: Native class hierarchy updated for 'HierarchicalLODOutliner' in 0.0004 seconds. Added 0 classes and 0 folders.
[2020.11.24-11.11.04:065][  0]LogLoad: (Engine Initialization) Total time: 7.39 seconds
[2020.11.24-11.11.04:065][  0]LogLoad: (Engine Initialization) Total Blueprint compile time: 0.00 seconds
[2020.11.24-11.11.04:289][  0]LogAssetRegistry: Asset discovery search completed in 4.1946 seconds
[2020.11.24-11.11.04:294][  0]LogCollectionManager: Fixed up redirectors for 0 collections in 0.000002 seconds (updated 0 objects)
[2020.11.24-11.11.04:295][  0]LogContentStreaming: Texture pool size now 1000 MB
[2020.11.24-11.11.04:302][  0]LogSlate: Took 0.000129 seconds to synchronously load lazily loaded font '../../../Engine/Content/Slate/Fonts/Roboto-Regular.ttf' (155K)
[2020.11.24-11.11.04:304][  0]LogRenderer: Reallocating scene render targets to support 64x64 Format 10 NumSamples 1 (Frame:1).
[2020.11.24-11.11.04:304][  0]LogSlate: Took 0.000154 seconds to synchronously load lazily loaded font '../../../Engine/Content/Slate/Fonts/Roboto-Bold.ttf' (160K)
[2020.11.24-11.11.04:308][  0]LogSlate: Took 0.000150 seconds to synchronously load lazily loaded font '../../../Engine/Content/Editor/Slate/Fonts/FontAwesome.ttf' (139K)
[2020.11.24-11.11.04:371][  0]LogRenderer: Reallocating scene render targets to support 704x360 Format 10 NumSamples 1 (Frame:1).
[2020.11.24-11.11.04:371][  0]LogSlate: Took 0.000144 seconds to synchronously load lazily loaded font '../../../Engine/Content/Slate/Fonts/Roboto-Light.ttf' (167K)
[2020.11.24-11.11.05:111][ 39]LogSlate: Took 0.000169 seconds to synchronously load lazily loaded font '../../../Engine/Content/Slate/Fonts/Roboto-Light.ttf' (167K)
[2020.11.24-11.11.15:044][627]LogRenderer: Reallocating scene render targets to support 1060x572 Format 10 NumSamples 1 (Frame:623).
[2020.11.24-11.11.27:130][349]LogUObjectHash: Compacting FUObjectHashTables data took   0.69ms
[2020.11.24-11.11.27:178][349]LogSavePackage: Moving '../../../../../../Users/mxcol/Documents/Unreal Projects/CPP_TP2_Unreal/TP2_Unreal/Saved/ThirdPersonExampleMap192EC12543D34AC98CDC1288F223D982.tmp' to '../../../../../../Users/mxcol/Documents/Unreal Projects/CPP_TP2_Unreal/TP2_Unreal/Content/ThirdPersonCPP/Maps/ThirdPersonExampleMap.umap'
[2020.11.24-11.11.27:230][349]AssetCheck: New page: Asset Save: ThirdPersonExampleMap
[2020.11.24-11.11.27:230][349]LogContentValidation: Display: Validating World /Game/ThirdPersonCPP/Maps/ThirdPersonExampleMap.ThirdPersonExampleMap
[2020.11.24-11.11.32:317][650]LogAssetEditorSubsystem: Opening Asset editor for World /Game/Menu/MainMenu.MainMenu
[2020.11.24-11.11.32:329][650]LogUObjectHash: Compacting FUObjectHashTables data took   0.81ms
[2020.11.24-11.11.32:331][650]Cmd: MAP LOAD FILE="../../../../../../Users/mxcol/Documents/Unreal Projects/CPP_TP2_Unreal/TP2_Unreal/Content/Menu/MainMenu.umap" TEMPLATE=0 SHOWPROGRESS=1 FEATURELEVEL=3
[2020.11.24-11.11.32:331][650]LightingResults: New page: Lighting Build
[2020.11.24-11.11.32:331][650]LoadErrors: New page: Loading map: MainMenu.umap
[2020.11.24-11.11.32:364][650]LogWorld: UWorld::CleanupWorld for ThirdPersonExampleMap, bSessionEnded=true, bCleanupResources=true
[2020.11.24-11.11.32:364][650]LogSlate: InvalidateAllWidgets triggered.  All widgets were invalidated
[2020.11.24-11.11.32:364][650]MapCheck: New page: Map Check
[2020.11.24-11.11.32:364][650]LightingResults: New page: Lighting Build
[2020.11.24-11.11.32:377][650]LogAISub: UAISubsystem::~UAISubsystem EnvQueryManager (0000014951A25A00), frame # 1650
[2020.11.24-11.11.32:377][650]LogAISub: UAISubsystem::~UAISubsystem AIPerceptionSystem (0000014960A90900), frame # 1650
[2020.11.24-11.11.32:378][650]LogUObjectHash: Compacting FUObjectHashTables data took   0.76ms
[2020.11.24-11.11.32:436][650]LogEditorServer: Finished looking for orphan Actors (0.000 secs)
[2020.11.24-11.11.32:436][650]LogAIModule: Creating AISystem for world MainMenu
[2020.11.24-11.11.32:436][650]LogAISub: UAISubsystem::UAISubsystem EnvQueryManager (00000149093BBE00), frame # 1650
[2020.11.24-11.11.32:436][650]LogAISub: UAISubsystem::UAISubsystem AIPerceptionSystem (000001491B2DA340), frame # 1650
[2020.11.24-11.11.32:449][650]LogUObjectHash: Compacting FUObjectHashTables data took   0.62ms
[2020.11.24-11.11.32:487][650]Cmd: MAP CHECKDEP NOCLEARLOG
[2020.11.24-11.11.32:488][650]MapCheck: Map check complete: 0 Error(s), 0 Warning(s), took 1,363ms to complete.
[2020.11.24-11.11.32:488][650]LogFileHelpers: Loading map 'MainMenu' took 0.157
[2020.11.24-11.11.33:096][682]LogUObjectHash: Compacting FUObjectHashTables data took   0.27ms
[2020.11.24-11.11.33:117][682]LogSavePackage: Moving '../../../../../../Users/mxcol/Documents/Unreal Projects/CPP_TP2_Unreal/TP2_Unreal/Saved/MainMenu3F4DB44045CF48D93ED6EBBB3C272ACB.tmp' to '../../../../../../Users/mxcol/Documents/Unreal Projects/CPP_TP2_Unreal/TP2_Unreal/Content/Menu/MainMenu.umap'
[2020.11.24-11.11.33:156][682]LogFileHelpers: Saving map 'MainMenu' took 0.075
[2020.11.24-11.11.33:167][682]AssetCheck: New page: Asset Save: MainMenu
[2020.11.24-11.11.33:167][682]LogContentValidation: Display: Validating World /Game/Menu/MainMenu.MainMenu
[2020.11.24-11.11.36:079][855]LogAssetEditorSubsystem: Opening Asset editor for WidgetBlueprint /Game/Menu/Main_Menu_Widget.Main_Menu_Widget
[2020.11.24-11.11.36:305][855]LogContentBrowser: Native class hierarchy updated for 'BlueprintGraph' in 0.0009 seconds. Added 125 classes and 0 folders.
[2020.11.24-11.11.37:244][855]LogAssetEditorSubsystem: Opening Asset editor for WidgetBlueprint /Game/Menu/Options_Widget.Options_Widget
[2020.11.24-11.11.37:625][855]LogLinker: Warning: Failed to load '/Game/Menu/MainMenu.MainMenu:PersistentLevel.MainMenu': Can't resolve asset name
[2020.11.24-11.11.37:965][855]LogSlate: Took 0.000161 seconds to synchronously load lazily loaded font '../../../Engine/Content/Slate/Fonts/Roboto-BoldCondensed.ttf' (158K)
[2020.11.24-11.11.40:336][984]LogSlate: Window 'Options_Widget' being destroyed
[2020.11.24-11.11.40:622][  1]LogSlate: Took 0.001439 seconds to synchronously load lazily loaded font '../../../Engine/Content/Slate/Fonts/DroidSansFallback.ttf' (3848K)
[2020.11.24-11.11.44:847][253]Cmd: OBJ SAVEPACKAGE PACKAGE="/Game/Menu/Options_Widget" FILE="../../../../../../Users/mxcol/Documents/Unreal Projects/CPP_TP2_Unreal/TP2_Unreal/Content/Menu/Options_Widget.uasset" SILENT=true
[2020.11.24-11.11.44:895][253]LogSavePackage: Moving '../../../../../../Users/mxcol/Documents/Unreal Projects/CPP_TP2_Unreal/TP2_Unreal/Saved/Options_WidgetB36E75C74E7BA35F9F7EA98D7B1166E5.tmp' to '../../../../../../Users/mxcol/Documents/Unreal Projects/CPP_TP2_Unreal/TP2_Unreal/Content/Menu/Options_Widget.uasset'
[2020.11.24-11.11.44:919][253]AssetCheck: New page: Asset Save: Options_Widget
[2020.11.24-11.11.44:920][253]LogContentValidation: Display: Validating WidgetBlueprint /Game/Menu/Options_Widget.Options_Widget
[2020.11.24-11.12.01:039][213]Cmd: OBJ SAVEPACKAGE PACKAGE="/Game/Menu/Options_Widget" FILE="../../../../../../Users/mxcol/Documents/Unreal Projects/CPP_TP2_Unreal/TP2_Unreal/Content/Menu/Options_Widget.uasset" SILENT=true
[2020.11.24-11.12.01:078][213]LogSavePackage: Moving '../../../../../../Users/mxcol/Documents/Unreal Projects/CPP_TP2_Unreal/TP2_Unreal/Saved/Options_Widget4AA080F04680E155AB65FB88CD8E91D1.tmp' to '../../../../../../Users/mxcol/Documents/Unreal Projects/CPP_TP2_Unreal/TP2_Unreal/Content/Menu/Options_Widget.uasset'
[2020.11.24-11.12.01:096][213]AssetCheck: New page: Asset Save: Options_Widget
[2020.11.24-11.12.01:096][213]LogContentValidation: Display: Validating WidgetBlueprint /Game/Menu/Options_Widget.Options_Widget
[2020.11.24-11.12.01:793][254]Cmd: OBJ SAVEPACKAGE PACKAGE="/Game/Menu/Options_Widget" FILE="../../../../../../Users/mxcol/Documents/Unreal Projects/CPP_TP2_Unreal/TP2_Unreal/Content/Menu/Options_Widget.uasset" SILENT=true
[2020.11.24-11.12.01:832][254]LogSavePackage: Moving '../../../../../../Users/mxcol/Documents/Unreal Projects/CPP_TP2_Unreal/TP2_Unreal/Saved/Options_Widget41A5198A48C3ACCD7078F59CB451878F.tmp' to '../../../../../../Users/mxcol/Documents/Unreal Projects/CPP_TP2_Unreal/TP2_Unreal/Content/Menu/Options_Widget.uasset'
[2020.11.24-11.12.01:845][254]AssetCheck: New page: Asset Save: Options_Widget
[2020.11.24-11.12.01:845][254]LogContentValidation: Display: Validating WidgetBlueprint /Game/Menu/Options_Widget.Options_Widget
[2020.11.24-11.12.03:475][351]Cmd: OBJ SAVEPACKAGE PACKAGE="/Game/Menu/Options_Widget" FILE="../../../../../../Users/mxcol/Documents/Unreal Projects/CPP_TP2_Unreal/TP2_Unreal/Content/Menu/Options_Widget.uasset" SILENT=true
[2020.11.24-11.12.03:529][351]LogSavePackage: Moving '../../../../../../Users/mxcol/Documents/Unreal Projects/CPP_TP2_Unreal/TP2_Unreal/Saved/Options_WidgetB10458114B02B2047169C39C53F9BE8B.tmp' to '../../../../../../Users/mxcol/Documents/Unreal Projects/CPP_TP2_Unreal/TP2_Unreal/Content/Menu/Options_Widget.uasset'
[2020.11.24-11.12.03:540][351]AssetCheck: New page: Asset Save: Options_Widget
[2020.11.24-11.12.03:540][351]LogContentValidation: Display: Validating WidgetBlueprint /Game/Menu/Options_Widget.Options_Widget
[2020.11.24-11.12.04:212][392]BlueprintLog: New page: Compile Options_Widget
[2020.11.24-11.12.04:284][392]LogUObjectHash: Compacting FUObjectHashTables data took   4.04ms
[2020.11.24-11.12.06:997][510]Cmd: OBJ SAVEPACKAGE PACKAGE="/Game/Menu/Options_Widget" FILE="../../../../../../Users/mxcol/Documents/Unreal Projects/CPP_TP2_Unreal/TP2_Unreal/Content/Menu/Options_Widget.uasset" SILENT=true
[2020.11.24-11.12.07:037][510]LogSavePackage: Moving '../../../../../../Users/mxcol/Documents/Unreal Projects/CPP_TP2_Unreal/TP2_Unreal/Saved/Options_Widget503DEFF44A78A569928FE8AF1A2D0386.tmp' to '../../../../../../Users/mxcol/Documents/Unreal Projects/CPP_TP2_Unreal/TP2_Unreal/Content/Menu/Options_Widget.uasset'
[2020.11.24-11.12.07:050][510]AssetCheck: New page: Asset Save: Options_Widget
[2020.11.24-11.12.07:050][510]LogContentValidation: Display: Validating WidgetBlueprint /Game/Menu/Options_Widget.Options_Widget
[2020.11.24-11.12.12:073][812]LogEditorViewport: Clicking Background
[2020.11.24-11.12.12:223][818]LogUObjectHash: Compacting FUObjectHashTables data took   3.25ms
[2020.11.24-11.12.12:243][818]LogSavePackage: Moving '../../../../../../Users/mxcol/Documents/Unreal Projects/CPP_TP2_Unreal/TP2_Unreal/Saved/MainMenu8998E6DE4E1D254447E70EAFA556535C.tmp' to '../../../../../../Users/mxcol/Documents/Unreal Projects/CPP_TP2_Unreal/TP2_Unreal/Content/Menu/MainMenu.umap'
[2020.11.24-11.12.12:295][818]AssetCheck: New page: Asset Save: MainMenu
[2020.11.24-11.12.12:295][818]LogContentValidation: Display: Validating World /Game/Menu/MainMenu.MainMenu
[2020.11.24-11.12.13:068][865]LogTemp: Repeating last play command: Selected Viewport
[2020.11.24-11.12.13:087][865]LogPlayLevel: PlayLevel: No blueprints needed recompiling
[2020.11.24-11.12.13:087][865]PIE: New page: PIE session: MainMenu (24 nov. 2020 à 13:12:13)
[2020.11.24-11.12.13:088][865]LogOnline: OSS: Creating online subsystem instance for: NULL
[2020.11.24-11.12.13:089][865]LogOnline: OSS: TryLoadSubsystemAndSetDefault: Loaded subsystem for module [NULL]
[2020.11.24-11.12.13:089][865]LogPlayLevel: Creating play world package: /Game/Menu/UEDPIE_0_MainMenu
[2020.11.24-11.12.13:090][865]LogPlayLevel: PIE: StaticDuplicateObject took: (0.000970s)
[2020.11.24-11.12.13:091][865]LogAIModule: Creating AISystem for world MainMenu
[2020.11.24-11.12.13:091][865]LogAISub: UAISubsystem::UAISubsystem EnvQueryManager (0000014990E3FA00), frame # 3865
[2020.11.24-11.12.13:091][865]LogAISub: UAISubsystem::UAISubsystem AIPerceptionSystem (00000149AA072480), frame # 3865
[2020.11.24-11.12.13:091][865]LogPlayLevel: PIE: World Init took: (0.000997s)
[2020.11.24-11.12.13:091][865]LogPlayLevel: PIE: Created PIE world by copying editor world from /Game/Menu/MainMenu.MainMenu to /Game/Menu/UEDPIE_0_MainMenu.MainMenu (0.002075s)
[2020.11.24-11.12.13:120][865]LogUObjectHash: Compacting FUObjectHashTables data took   2.94ms
[2020.11.24-11.12.13:121][865]LogAudioMixer: Display: Audio Mixer Platform Settings:
[2020.11.24-11.12.13:121][865]LogAudioMixer: Display: 	Sample Rate:						  48000
[2020.11.24-11.12.13:121][865]LogAudioMixer: Display: 	Callback Buffer Frame Size Requested: 1024
[2020.11.24-11.12.13:121][865]LogAudioMixer: Display: 	Callback Buffer Frame Size To Use:	  1024
[2020.11.24-11.12.13:121][865]LogAudioMixer: Display: 	Number of buffers to queue:			  2
[2020.11.24-11.12.13:121][865]LogAudioMixer: Display: 	Max Channels (voices):				  32
[2020.11.24-11.12.13:121][865]LogAudioMixer: Display: 	Number of Async Source Workers:		  0
[2020.11.24-11.12.13:121][865]LogAudio: Display: AudioDevice MaxSources: 32
[2020.11.24-11.12.13:122][865]LogAudio: Display: Using built-in audio occlusion.
[2020.11.24-11.12.13:122][865]LogAudioMixer: Display: Initializing audio mixer.
[2020.11.24-11.12.13:125][865]LogAudioMixer: Display: 0: FrontLeft
[2020.11.24-11.12.13:125][865]LogAudioMixer: Display: 1: FrontRight
[2020.11.24-11.12.13:125][865]LogAudioMixer: Display: 2: FrontCenter
[2020.11.24-11.12.13:125][865]LogAudioMixer: Display: 3: LowFrequency
[2020.11.24-11.12.13:125][865]LogAudioMixer: Display: 4: BackLeft
[2020.11.24-11.12.13:125][865]LogAudioMixer: Display: 5: BackRight
[2020.11.24-11.12.13:125][865]LogAudioMixer: Display: 6: SideLeft
[2020.11.24-11.12.13:125][865]LogAudioMixer: Display: 7: SideRight
[2020.11.24-11.12.13:187][865]LogAudioMixer: Display: Using Audio Device Headphones (Realtek(R) Audio)
[2020.11.24-11.12.13:187][865]LogAudioMixer: Display: Initializing Sound Submixes...
[2020.11.24-11.12.13:187][865]LogAudioMixer: Display: Creating Master Submix 'MasterSubmixDefault'
[2020.11.24-11.12.13:187][865]LogAudioMixer: Display: Creating Master Submix 'MasterReverbSubmixDefault'
[2020.11.24-11.12.13:187][865]LogAudioMixer: Display: Creating Master Submix 'MasterEQSubmixDefault'
[2020.11.24-11.12.13:202][865]LogInit: FAudioDevice initialized.
[2020.11.24-11.12.13:286][865]LogLoad: Game class is 'TP2_GameMode_BP_C'
[2020.11.24-11.12.13:287][865]LogWorld: Bringing World /Game/Menu/UEDPIE_0_MainMenu.MainMenu up for play (max tick rate 60) at 2020.11.24-12.12.13
[2020.11.24-11.12.13:287][865]LogWorld: Bringing up level for play took: 0.000340
[2020.11.24-11.12.13:287][865]LogOnline: OSS: Creating online subsystem instance for: :Context_6
[2020.11.24-11.12.13:291][865]LogContentBrowser: Native class hierarchy updated for 'MovieSceneCapture' in 0.0004 seconds. Added 20 classes and 0 folders.
[2020.11.24-11.12.13:291][865]LogGameMode: Display: Match State Changed from EnteringMap to WaitingToStart
[2020.11.24-11.12.13:291][865]LogGameState: Match State Changed from EnteringMap to WaitingToStart
[2020.11.24-11.12.13:291][865]LogGameMode: Display: Match State Changed from WaitingToStart to InProgress
[2020.11.24-11.12.13:293][865]Cmd: r.setres 1920x1080
[2020.11.24-11.12.13:293][865]r.SetRes = "1920x1080"
[2020.11.24-11.12.13:294][865]LogGameState: Match State Changed from WaitingToStart to InProgress
[2020.11.24-11.12.13:294][865]PIE: Server logged in
[2020.11.24-11.12.13:296][865]PIE: Play in editor total start time 0,21 seconds.
[2020.11.24-11.12.19:644][224]LogSlate: Updating window title bar state: overlay mode, drag disabled, window buttons hidden, title bar hidden
[2020.11.24-11.12.19:644][224]LogWorld: BeginTearingDown for /Game/Menu/UEDPIE_0_MainMenu
[2020.11.24-11.12.19:644][224]LogWorld: UWorld::CleanupWorld for MainMenu, bSessionEnded=true, bCleanupResources=true
[2020.11.24-11.12.19:644][224]LogSlate: InvalidateAllWidgets triggered.  All widgets were invalidated
[2020.11.24-11.12.19:653][224]LogPlayLevel: Display: Shutting down PIE online subsystems
[2020.11.24-11.12.19:657][224]LogSlate: InvalidateAllWidgets triggered.  All widgets were invalidated
[2020.11.24-11.12.19:726][224]LogSlate: Updating window title bar state: overlay mode, drag disabled, window buttons hidden, title bar hidden
[2020.11.24-11.12.19:740][224]LogAISub: UAISubsystem::~UAISubsystem AIPerceptionSystem (00000149AA072480), frame # 4224
[2020.11.24-11.12.19:740][224]LogAISub: UAISubsystem::~UAISubsystem EnvQueryManager (0000014990E3FA00), frame # 4224
[2020.11.24-11.12.19:770][224]LogUObjectHash: Compacting FUObjectHashTables data took   4.50ms
[2020.11.24-11.12.19:802][225]LogPlayLevel: Display: Destroying online subsystem :Context_6
[2020.11.24-11.12.21:620][330]LogUObjectHash: Compacting FUObjectHashTables data took   3.23ms
[2020.11.24-11.12.21:640][330]LogSavePackage: Moving '../../../../../../Users/mxcol/Documents/Unreal Projects/CPP_TP2_Unreal/TP2_Unreal/Saved/MainMenu9547F244411BDB4601EC13B45CEE6456.tmp' to '../../../../../../Users/mxcol/Documents/Unreal Projects/CPP_TP2_Unreal/TP2_Unreal/Content/Menu/MainMenu.umap'
[2020.11.24-11.12.21:687][330]AssetCheck: New page: Asset Save: MainMenu
[2020.11.24-11.12.21:687][330]LogContentValidation: Display: Validating World /Game/Menu/MainMenu.MainMenu
[2020.11.24-11.12.25:550][558]LogUObjectHash: Compacting FUObjectHashTables data took   2.32ms
[2020.11.24-11.16.33:227][807]LogUObjectHash: Compacting FUObjectHashTables data took   0.73ms
[2020.11.24-11.16.33:253][807]LogSavePackage: Moving '../../../../../../Users/mxcol/Documents/Unreal Projects/CPP_TP2_Unreal/TP2_Unreal/Saved/MainMenu596C6F584E350D3EFF7B80B559E759A9.tmp' to '../../../../../../Users/mxcol/Documents/Unreal Projects/CPP_TP2_Unreal/TP2_Unreal/Content/Menu/MainMenu.umap'
[2020.11.24-11.16.33:305][807]AssetCheck: New page: Asset Save: MainMenu
[2020.11.24-11.16.33:305][807]LogContentValidation: Display: Validating World /Game/Menu/MainMenu.MainMenu
[2020.11.24-11.16.36:777][ 13]Cmd: OBJ SAVEPACKAGE PACKAGE="/Game/Menu/Main_Menu_Widget" FILE="../../../../../../Users/mxcol/Documents/Unreal Projects/CPP_TP2_Unreal/TP2_Unreal/Content/Menu/Main_Menu_Widget.uasset" SILENT=true
[2020.11.24-11.16.36:805][ 13]LogSavePackage: Moving '../../../../../../Users/mxcol/Documents/Unreal Projects/CPP_TP2_Unreal/TP2_Unreal/Saved/Main_Menu_Widget666A03784EC4C83AD8F88E84343B32A0.tmp' to '../../../../../../Users/mxcol/Documents/Unreal Projects/CPP_TP2_Unreal/TP2_Unreal/Content/Menu/Main_Menu_Widget.uasset'
[2020.11.24-11.16.36:817][ 13]AssetCheck: New page: Asset Save: Main_Menu_Widget
[2020.11.24-11.16.36:817][ 13]LogContentValidation: Display: Validating WidgetBlueprint /Game/Menu/Main_Menu_Widget.Main_Menu_Widget
[2020.11.24-11.16.42:089][323]Cmd: OBJ SAVEPACKAGE PACKAGE="/Game/Menu/Main_Menu_Widget" FILE="../../../../../../Users/mxcol/Documents/Unreal Projects/CPP_TP2_Unreal/TP2_Unreal/Content/Menu/Main_Menu_Widget.uasset" SILENT=true
[2020.11.24-11.16.42:111][323]LogSavePackage: Moving '../../../../../../Users/mxcol/Documents/Unreal Projects/CPP_TP2_Unreal/TP2_Unreal/Saved/Main_Menu_Widget3BC62FA442DD7228FE6B1C865E1AA514.tmp' to '../../../../../../Users/mxcol/Documents/Unreal Projects/CPP_TP2_Unreal/TP2_Unreal/Content/Menu/Main_Menu_Widget.uasset'
[2020.11.24-11.16.42:125][323]AssetCheck: New page: Asset Save: Main_Menu_Widget
[2020.11.24-11.16.42:125][323]LogContentValidation: Display: Validating WidgetBlueprint /Game/Menu/Main_Menu_Widget.Main_Menu_Widget
[2020.11.24-11.16.43:562][410]BlueprintLog: New page: Compile Main_Menu_Widget
[2020.11.24-11.16.43:602][410]LogUObjectHash: Compacting FUObjectHashTables data took   2.78ms
[2020.11.24-11.16.44:357][453]Cmd: OBJ SAVEPACKAGE PACKAGE="/Game/Menu/Main_Menu_Widget" FILE="../../../../../../Users/mxcol/Documents/Unreal Projects/CPP_TP2_Unreal/TP2_Unreal/Content/Menu/Main_Menu_Widget.uasset" SILENT=true
[2020.11.24-11.16.44:380][453]LogSavePackage: Moving '../../../../../../Users/mxcol/Documents/Unreal Projects/CPP_TP2_Unreal/TP2_Unreal/Saved/Main_Menu_WidgetA7684896421A67D282128BB2C18D55E0.tmp' to '../../../../../../Users/mxcol/Documents/Unreal Projects/CPP_TP2_Unreal/TP2_Unreal/Content/Menu/Main_Menu_Widget.uasset'
[2020.11.24-11.16.44:390][453]AssetCheck: New page: Asset Save: Main_Menu_Widget
[2020.11.24-11.16.44:390][453]LogContentValidation: Display: Validating WidgetBlueprint /Game/Menu/Main_Menu_Widget.Main_Menu_Widget
[2020.11.24-11.16.48:226][679]LogUObjectHash: Compacting FUObjectHashTables data took   3.25ms
[2020.11.24-11.16.48:245][679]LogSavePackage: Moving '../../../../../../Users/mxcol/Documents/Unreal Projects/CPP_TP2_Unreal/TP2_Unreal/Saved/MainMenu9AAD0A614FEBDA08275AD5BEA2D36DE4.tmp' to '../../../../../../Users/mxcol/Documents/Unreal Projects/CPP_TP2_Unreal/TP2_Unreal/Content/Menu/MainMenu.umap'
[2020.11.24-11.16.48:291][679]AssetCheck: New page: Asset Save: MainMenu
[2020.11.24-11.16.48:291][679]LogContentValidation: Display: Validating World /Game/Menu/MainMenu.MainMenu
[2020.11.24-11.17.42:315][914]LogPlayLevel: PlayLevel: No blueprints needed recompiling
[2020.11.24-11.17.42:316][914]PIE: New page: PIE session: MainMenu (24 nov. 2020 à 13:17:42)
[2020.11.24-11.17.42:316][914]LogPlayLevel: Creating play world package: /Game/Menu/UEDPIE_0_MainMenu
[2020.11.24-11.17.42:317][914]LogPlayLevel: PIE: StaticDuplicateObject took: (0.000982s)
[2020.11.24-11.17.42:318][914]LogAIModule: Creating AISystem for world MainMenu
[2020.11.24-11.17.42:318][914]LogAISub: UAISubsystem::UAISubsystem EnvQueryManager (00000149093B9C00), frame # 12914
[2020.11.24-11.17.42:318][914]LogAISub: UAISubsystem::UAISubsystem AIPerceptionSystem (00000149A67C6480), frame # 12914
[2020.11.24-11.17.42:318][914]LogPlayLevel: PIE: World Init took: (0.001098s)
[2020.11.24-11.17.42:318][914]LogPlayLevel: PIE: Created PIE world by copying editor world from /Game/Menu/MainMenu.MainMenu to /Game/Menu/UEDPIE_0_MainMenu.MainMenu (0.002175s)
[2020.11.24-11.17.42:347][914]LogUObjectHash: Compacting FUObjectHashTables data took   2.71ms
[2020.11.24-11.17.42:348][914]LogAudioMixer: Display: Audio Mixer Platform Settings:
[2020.11.24-11.17.42:348][914]LogAudioMixer: Display: 	Sample Rate:						  48000
[2020.11.24-11.17.42:348][914]LogAudioMixer: Display: 	Callback Buffer Frame Size Requested: 1024
[2020.11.24-11.17.42:348][914]LogAudioMixer: Display: 	Callback Buffer Frame Size To Use:	  1024
[2020.11.24-11.17.42:348][914]LogAudioMixer: Display: 	Number of buffers to queue:			  2
[2020.11.24-11.17.42:348][914]LogAudioMixer: Display: 	Max Channels (voices):				  32
[2020.11.24-11.17.42:348][914]LogAudioMixer: Display: 	Number of Async Source Workers:		  0
[2020.11.24-11.17.42:348][914]LogAudio: Display: AudioDevice MaxSources: 32
[2020.11.24-11.17.42:348][914]LogAudio: Display: Using built-in audio occlusion.
[2020.11.24-11.17.42:348][914]LogAudioMixer: Display: Initializing audio mixer.
[2020.11.24-11.17.42:352][914]LogAudioMixer: Display: 0: FrontLeft
[2020.11.24-11.17.42:352][914]LogAudioMixer: Display: 1: FrontRight
[2020.11.24-11.17.42:352][914]LogAudioMixer: Display: 2: FrontCenter
[2020.11.24-11.17.42:352][914]LogAudioMixer: Display: 3: LowFrequency
[2020.11.24-11.17.42:352][914]LogAudioMixer: Display: 4: BackLeft
[2020.11.24-11.17.42:352][914]LogAudioMixer: Display: 5: BackRight
[2020.11.24-11.17.42:352][914]LogAudioMixer: Display: 6: SideLeft
[2020.11.24-11.17.42:352][914]LogAudioMixer: Display: 7: SideRight
[2020.11.24-11.17.42:413][914]LogAudioMixer: Display: Using Audio Device Headphones (Realtek(R) Audio)
[2020.11.24-11.17.42:413][914]LogAudioMixer: Display: Initializing Sound Submixes...
[2020.11.24-11.17.42:413][914]LogAudioMixer: Display: Creating Master Submix 'MasterSubmixDefault'
[2020.11.24-11.17.42:413][914]LogAudioMixer: Display: Creating Master Submix 'MasterReverbSubmixDefault'
[2020.11.24-11.17.42:414][914]LogAudioMixer: Display: Creating Master Submix 'MasterEQSubmixDefault'
[2020.11.24-11.17.42:430][914]LogInit: FAudioDevice initialized.
[2020.11.24-11.17.42:436][914]LogLoad: Game class is 'TP2_GameMode_BP_C'
[2020.11.24-11.17.42:437][914]LogWorld: Bringing World /Game/Menu/UEDPIE_0_MainMenu.MainMenu up for play (max tick rate 60) at 2020.11.24-12.17.42
[2020.11.24-11.17.42:437][914]LogWorld: Bringing up level for play took: 0.000313
[2020.11.24-11.17.42:438][914]LogOnline: OSS: Creating online subsystem instance for: :Context_7
[2020.11.24-11.17.42:439][914]LogGameMode: Display: Match State Changed from EnteringMap to WaitingToStart
[2020.11.24-11.17.42:439][914]LogGameState: Match State Changed from EnteringMap to WaitingToStart
[2020.11.24-11.17.42:439][914]LogGameMode: Display: Match State Changed from WaitingToStart to InProgress
[2020.11.24-11.17.42:441][914]Cmd: r.setres 1920x1080
[2020.11.24-11.17.42:441][914]r.SetRes = "1920x1080"
[2020.11.24-11.17.42:442][914]LogGameState: Match State Changed from WaitingToStart to InProgress
[2020.11.24-11.17.42:442][914]PIE: Server logged in
[2020.11.24-11.17.42:443][914]PIE: Play in editor total start time 0,128 seconds.
[2020.11.24-11.17.45:355][ 86]LogSlate: Updating window title bar state: overlay mode, drag disabled, window buttons hidden, title bar hidden
[2020.11.24-11.17.45:355][ 86]LogWorld: BeginTearingDown for /Game/Menu/UEDPIE_0_MainMenu
[2020.11.24-11.17.45:355][ 86]LogWorld: UWorld::CleanupWorld for MainMenu, bSessionEnded=true, bCleanupResources=true
[2020.11.24-11.17.45:355][ 86]LogSlate: InvalidateAllWidgets triggered.  All widgets were invalidated
[2020.11.24-11.17.45:362][ 86]LogPlayLevel: Display: Shutting down PIE online subsystems
[2020.11.24-11.17.45:366][ 86]LogSlate: InvalidateAllWidgets triggered.  All widgets were invalidated
[2020.11.24-11.17.45:394][ 86]LogSlate: Updating window title bar state: overlay mode, drag disabled, window buttons hidden, title bar hidden
[2020.11.24-11.17.45:438][ 86]LogAISub: UAISubsystem::~UAISubsystem AIPerceptionSystem (00000149A67C6480), frame # 13086
[2020.11.24-11.17.45:438][ 86]LogAISub: UAISubsystem::~UAISubsystem EnvQueryManager (00000149093B9C00), frame # 13086
[2020.11.24-11.17.45:441][ 86]LogUObjectHash: Compacting FUObjectHashTables data took   2.58ms
[2020.11.24-11.17.45:472][ 87]LogPlayLevel: Display: Destroying online subsystem :Context_7
[2020.11.24-11.17.46:688][156]LogUObjectHash: Compacting FUObjectHashTables data took   2.70ms
[2020.11.24-11.17.46:708][156]LogSavePackage: Moving '../../../../../../Users/mxcol/Documents/Unreal Projects/CPP_TP2_Unreal/TP2_Unreal/Saved/MainMenu17625EE444853476E39FFE9D71954154.tmp' to '../../../../../../Users/mxcol/Documents/Unreal Projects/CPP_TP2_Unreal/TP2_Unreal/Content/Menu/MainMenu.umap'
[2020.11.24-11.17.46:755][156]AssetCheck: New page: Asset Save: MainMenu
[2020.11.24-11.17.46:755][156]LogContentValidation: Display: Validating World /Game/Menu/MainMenu.MainMenu
[2020.11.24-11.17.47:530][198]LogUObjectHash: Compacting FUObjectHashTables data took   0.67ms
[2020.11.24-11.17.47:551][198]LogSavePackage: Moving '../../../../../../Users/mxcol/Documents/Unreal Projects/CPP_TP2_Unreal/TP2_Unreal/Saved/MainMenuE4DB3FB54C39F7124BD3FE97D34EF715.tmp' to '../../../../../../Users/mxcol/Documents/Unreal Projects/CPP_TP2_Unreal/TP2_Unreal/Content/Menu/MainMenu.umap'
[2020.11.24-11.17.47:599][198]AssetCheck: New page: Asset Save: MainMenu
[2020.11.24-11.17.47:599][198]LogContentValidation: Display: Validating World /Game/Menu/MainMenu.MainMenu
[2020.11.24-11.17.55:683][675]Cmd: OBJ SAVEPACKAGE PACKAGE="/Game/Menu/Options_Widget" FILE="../../../../../../Users/mxcol/Documents/Unreal Projects/CPP_TP2_Unreal/TP2_Unreal/Content/Menu/Options_Widget.uasset" SILENT=true
[2020.11.24-11.17.55:732][675]LogSavePackage: Moving '../../../../../../Users/mxcol/Documents/Unreal Projects/CPP_TP2_Unreal/TP2_Unreal/Saved/Options_Widget289C4B6E4807EA3CB78CEBBC35B09CC9.tmp' to '../../../../../../Users/mxcol/Documents/Unreal Projects/CPP_TP2_Unreal/TP2_Unreal/Content/Menu/Options_Widget.uasset'
[2020.11.24-11.17.55:746][675]AssetCheck: New page: Asset Save: Options_Widget
[2020.11.24-11.17.55:747][675]LogContentValidation: Display: Validating WidgetBlueprint /Game/Menu/Options_Widget.Options_Widget
[2020.11.24-11.17.56:452][718]BlueprintLog: New page: Compile Options_Widget
[2020.11.24-11.17.56:498][718]LogUObjectHash: Compacting FUObjectHashTables data took   2.87ms
[2020.11.24-11.17.57:239][760]Cmd: OBJ SAVEPACKAGE PACKAGE="/Game/Menu/Options_Widget" FILE="../../../../../../Users/mxcol/Documents/Unreal Projects/CPP_TP2_Unreal/TP2_Unreal/Content/Menu/Options_Widget.uasset" SILENT=true
[2020.11.24-11.17.57:279][760]LogSavePackage: Moving '../../../../../../Users/mxcol/Documents/Unreal Projects/CPP_TP2_Unreal/TP2_Unreal/Saved/Options_WidgetCCB07E4C444B0CE5065332908EE6AB28.tmp' to '../../../../../../Users/mxcol/Documents/Unreal Projects/CPP_TP2_Unreal/TP2_Unreal/Content/Menu/Options_Widget.uasset'
[2020.11.24-11.17.57:291][760]AssetCheck: New page: Asset Save: Options_Widget
[2020.11.24-11.17.57:291][760]LogContentValidation: Display: Validating WidgetBlueprint /Game/Menu/Options_Widget.Options_Widget
[2020.11.24-11.18.04:765][205]LogUObjectHash: Compacting FUObjectHashTables data took   4.35ms
[2020.11.24-11.18.04:786][205]LogSavePackage: Moving '../../../../../../Users/mxcol/Documents/Unreal Projects/CPP_TP2_Unreal/TP2_Unreal/Saved/MainMenu831BBACF4332D5CF62D3429B8C184612.tmp' to '../../../../../../Users/mxcol/Documents/Unreal Projects/CPP_TP2_Unreal/TP2_Unreal/Content/Menu/MainMenu.umap'
[2020.11.24-11.18.04:833][205]AssetCheck: New page: Asset Save: MainMenu
[2020.11.24-11.18.04:833][205]LogContentValidation: Display: Validating World /Game/Menu/MainMenu.MainMenu
[2020.11.24-11.18.47:911][787]LogUObjectHash: Compacting FUObjectHashTables data took   2.41ms
[2020.11.24-11.18.47:932][787]LogSavePackage: Moving '../../../../../../Users/mxcol/Documents/Unreal Projects/CPP_TP2_Unreal/TP2_Unreal/Saved/MainMenuEFFA83A34A9770C2825BBAB4EE862557.tmp' to '../../../../../../Users/mxcol/Documents/Unreal Projects/CPP_TP2_Unreal/TP2_Unreal/Content/Menu/MainMenu.umap'
[2020.11.24-11.18.47:983][787]AssetCheck: New page: Asset Save: MainMenu
[2020.11.24-11.18.47:983][787]LogContentValidation: Display: Validating World /Game/Menu/MainMenu.MainMenu
[2020.11.24-11.18.59:733][490]LogEditorViewport: Clicking Background
[2020.11.24-11.18.59:995][503]LogUObjectHash: Compacting FUObjectHashTables data took   0.69ms
[2020.11.24-11.19.00:016][503]LogSavePackage: Moving '../../../../../../Users/mxcol/Documents/Unreal Projects/CPP_TP2_Unreal/TP2_Unreal/Saved/MainMenu54D505FD4ABD066690EE8B8005B919F0.tmp' to '../../../../../../Users/mxcol/Documents/Unreal Projects/CPP_TP2_Unreal/TP2_Unreal/Content/Menu/MainMenu.umap'
[2020.11.24-11.19.00:064][503]AssetCheck: New page: Asset Save: MainMenu
[2020.11.24-11.19.00:064][503]LogContentValidation: Display: Validating World /Game/Menu/MainMenu.MainMenu
[2020.11.24-11.23.16:406][746]LogUObjectHash: Compacting FUObjectHashTables data took   0.84ms
[2020.11.24-11.23.16:432][746]LogSavePackage: Moving '../../../../../../Users/mxcol/Documents/Unreal Projects/CPP_TP2_Unreal/TP2_Unreal/Saved/MainMenuD42E5F454E17B9E6EBBCDB9BD26C532A.tmp' to '../../../../../../Users/mxcol/Documents/Unreal Projects/CPP_TP2_Unreal/TP2_Unreal/Content/Menu/MainMenu.umap'
[2020.11.24-11.23.16:480][746]AssetCheck: New page: Asset Save: MainMenu
[2020.11.24-11.23.16:480][746]LogContentValidation: Display: Validating World /Game/Menu/MainMenu.MainMenu
